<?xml version="1.0" encoding="UTF-8"?>
<testsuite xmlns:xsi="http://www.w3.org/2001/XMLSchema-instance" xsi:noNamespaceSchemaLocation="https://maven.apache.org/surefire/maven-failsafe-plugin/xsd/failsafe-test-report-3.0.xsd" version="3.0" name="com.mediscreen.patientinfo.integrationTest.PatientInfoIT" time="23.599" tests="12" errors="0" skipped="0" failures="0">
  <properties>
[...]
</properties>
  <testcase name="updatePatientValid" classname="com.mediscreen.patientinfo.integrationTest.PatientInfoIT" time="0.59">
    <system-out><![CDATA[22:32:05.672 [main] INFO  org.testcontainers.utility.ImageNameSubstitutor - Image name substitution will be performed by: DefaultImageNameSubstitutor (composite of 'ConfigurationFileImageNameSubstitutor' and 'PrefixingImageNameSubstitutor')
22:32:05.736 [main] INFO  org.testcontainers.dockerclient.DockerClientProviderStrategy - Loaded org.testcontainers.dockerclient.UnixSocketClientProviderStrategy from ~/.testcontainers.properties, will try it first
22:32:06.984 [main] INFO  org.testcontainers.dockerclient.DockerClientProviderStrategy - Found Docker environment with local Unix socket (unix:///var/run/docker.sock)
22:32:06.986 [main] INFO  org.testcontainers.DockerClientFactory - Docker host IP address is localhost
22:32:07.009 [main] INFO  org.testcontainers.DockerClientFactory - Connected to docker: 
  Server Version: 20.10.17
  API Version: 1.41
  Operating System: Debian GNU/Linux 10 (buster)
  Total Memory: 32130 MB
22:32:07.117 [main] INFO  🐳 [testcontainers/ryuk:0.3.3] - Creating container for image: testcontainers/ryuk:0.3.3
22:32:07.508 [main] INFO  🐳 [testcontainers/ryuk:0.3.3] - Container testcontainers/ryuk:0.3.3 is starting: 9bb23d20071092981829b24263c7d3f3c5786828722fbea3e3edb17df9c21bc4
22:32:08.275 [main] INFO  🐳 [testcontainers/ryuk:0.3.3] - Container testcontainers/ryuk:0.3.3 started in PT1.252475406S
22:32:08.282 [main] INFO  org.testcontainers.utility.RyukResourceReaper - Ryuk started - will monitor and terminate Testcontainers containers on JVM exit
22:32:08.282 [main] INFO  org.testcontainers.DockerClientFactory - Checking the system...
22:32:08.283 [main] INFO  org.testcontainers.DockerClientFactory - ✔︎ Docker server version should be at least 1.6.0
22:32:08.289 [main] INFO  🐳 [mysql:8.0.29] - Creating container for image: mysql:8.0.29
22:32:09.092 [main] INFO  🐳 [mysql:8.0.29] - Container mysql:8.0.29 is starting: 9da16474ccc84c0d9c8ac48bfb1799b1b5ac24475bbbb83455d9905a1fabcc47
22:32:09.815 [main] INFO  🐳 [mysql:8.0.29] - Waiting for database connection to become available at jdbc:mysql://localhost:49184/MediscreenSql using query 'SELECT 1'
22:32:21.448 [main] INFO  🐳 [mysql:8.0.29] - Container is started (JDBC URL: jdbc:mysql://localhost:49184/MediscreenSql)
22:32:21.448 [main] INFO  🐳 [mysql:8.0.29] - Container mysql:8.0.29 started in PT13.159717546S
22:32:21.456 [main] INFO  org.testcontainers.ext.ScriptUtils - Executing database script from scripts/sqlCreate.sql
22:32:21.532 [main] INFO  org.testcontainers.ext.ScriptUtils - Executed database script from scripts/sqlCreate.sql in 75 ms.
22:32:21.618 [main] INFO  org.springframework.boot.test.context.SpringBootTestContextBootstrapper - Neither @ContextConfiguration nor @ContextHierarchy found for test class [com.mediscreen.patientinfo.integrationTest.PatientInfoIT], using SpringBootContextLoader
22:32:21.622 [main] INFO  org.springframework.test.context.support.AbstractContextLoader - Could not detect default resource locations for test class [com.mediscreen.patientinfo.integrationTest.PatientInfoIT]: no resource found for suffixes {-context.xml, Context.groovy}.
22:32:21.622 [main] INFO  org.springframework.test.context.support.AnnotationConfigContextLoaderUtils - Could not detect default configuration classes for test class [com.mediscreen.patientinfo.integrationTest.PatientInfoIT]: PatientInfoIT does not declare any static, non-private, non-final, nested classes annotated with @Configuration.
22:32:21.742 [main] INFO  org.springframework.boot.test.context.SpringBootTestContextBootstrapper - Found @SpringBootConfiguration com.mediscreen.patientinfo.PatientinfoApplication for test class com.mediscreen.patientinfo.integrationTest.PatientInfoIT
22:32:21.844 [main] INFO  org.springframework.boot.test.context.SpringBootTestContextBootstrapper - Loaded default TestExecutionListener class names from location [META-INF/spring.factories]: [org.springframework.boot.test.mock.mockito.MockitoTestExecutionListener, org.springframework.boot.test.mock.mockito.ResetMocksTestExecutionListener, org.springframework.boot.test.autoconfigure.restdocs.RestDocsTestExecutionListener, org.springframework.boot.test.autoconfigure.web.client.MockRestServiceServerResetTestExecutionListener, org.springframework.boot.test.autoconfigure.web.servlet.MockMvcPrintOnlyOnFailureTestExecutionListener, org.springframework.boot.test.autoconfigure.web.servlet.WebDriverTestExecutionListener, org.springframework.boot.test.autoconfigure.webservices.client.MockWebServiceServerTestExecutionListener, org.springframework.test.context.web.ServletTestExecutionListener, org.springframework.test.context.support.DirtiesContextBeforeModesTestExecutionListener, org.springframework.test.context.event.ApplicationEventsTestExecutionListener, org.springframework.test.context.support.DependencyInjectionTestExecutionListener, org.springframework.test.context.support.DirtiesContextTestExecutionListener, org.springframework.test.context.transaction.TransactionalTestExecutionListener, org.springframework.test.context.jdbc.SqlScriptsTestExecutionListener, org.springframework.test.context.event.EventPublishingTestExecutionListener]
22:32:21.862 [main] INFO  org.springframework.boot.test.context.SpringBootTestContextBootstrapper - Using TestExecutionListeners: [org.springframework.test.context.web.ServletTestExecutionListener@7ce58c1c, org.springframework.test.context.support.DirtiesContextBeforeModesTestExecutionListener@36996b37, org.springframework.test.context.event.ApplicationEventsTestExecutionListener@1006d0e3, org.springframework.boot.test.mock.mockito.MockitoTestExecutionListener@4f61c7e1, org.springframework.boot.test.autoconfigure.SpringBootDependencyInjectionTestExecutionListener@1fb4377d, org.springframework.test.context.support.DirtiesContextTestExecutionListener@6289376f, org.springframework.test.context.transaction.TransactionalTestExecutionListener@442e7215, org.springframework.test.context.jdbc.SqlScriptsTestExecutionListener@5b1ebbe, org.springframework.test.context.event.EventPublishingTestExecutionListener@3b802baa, org.springframework.boot.test.mock.mockito.ResetMocksTestExecutionListener@109941fa, org.springframework.boot.test.autoconfigure.restdocs.RestDocsTestExecutionListener@27103726, org.springframework.boot.test.autoconfigure.web.client.MockRestServiceServerResetTestExecutionListener@2df6d461, org.springframework.boot.test.autoconfigure.web.servlet.MockMvcPrintOnlyOnFailureTestExecutionListener@1791670e, org.springframework.boot.test.autoconfigure.web.servlet.WebDriverTestExecutionListener@4d5d6297, org.springframework.boot.test.autoconfigure.webservices.client.MockWebServiceServerTestExecutionListener@6bd2c51d]

  .   ____          _            __ _ _
 /\\ / ___'_ __ _ _(_)_ __  __ _ \ \ \ \
( ( )\___ | '_ | '_| | '_ \/ _` | \ \ \ \
 \\/  ___)| |_)| | | | | || (_| |  ) ) ) )
  '  |____| .__|_| |_|_| |_\__, | / / / /
 =========|_|==============|___/=/_/_/_/
 :: Spring Boot ::                (v2.7.0)

22:32:22.204 [background-preinit] INFO  org.hibernate.validator.internal.util.Version - HV000001: Hibernate Validator 6.2.3.Final
22:32:22.211 [main] INFO  com.mediscreen.patientinfo.integrationTest.PatientInfoIT - Starting PatientInfoIT using Java 17 on loic with PID 7441 (started by loicb in /home/loicb/Formation/Projet/Projet9_loic_benoit/mediscreen/patientinfo)
22:32:22.211 [main] DEBUG com.mediscreen.patientinfo.integrationTest.PatientInfoIT - Running with Spring Boot v2.7.0, Spring v5.3.20
22:32:22.212 [main] INFO  com.mediscreen.patientinfo.integrationTest.PatientInfoIT - The following 1 profile is active: "test"
22:32:23.207 [main] INFO  org.springframework.data.repository.config.RepositoryConfigurationDelegate - Bootstrapping Spring Data JPA repositories in DEFAULT mode.
22:32:23.252 [main] INFO  org.springframework.data.repository.config.RepositoryConfigurationDelegate - Finished Spring Data repository scanning in 38 ms. Found 1 JPA repository interfaces.
22:32:23.841 [main] INFO  org.hibernate.jpa.internal.util.LogHelper - HHH000204: Processing PersistenceUnitInfo [name: default]
22:32:23.894 [main] INFO  org.hibernate.Version - HHH000412: Hibernate ORM core version 5.6.9.Final
22:32:24.060 [main] INFO  org.hibernate.annotations.common.Version - HCANN000001: Hibernate Commons Annotations {5.1.2.Final}
22:32:24.178 [main] INFO  com.zaxxer.hikari.HikariDataSource - HikariPool-1 - Starting...
22:32:24.335 [main] INFO  com.zaxxer.hikari.HikariDataSource - HikariPool-1 - Start completed.
22:32:24.379 [main] INFO  org.hibernate.dialect.Dialect - HHH000400: Using dialect: org.hibernate.dialect.MySQL8Dialect
22:32:25.111 [main] INFO  org.hibernate.engine.transaction.jta.platform.internal.JtaPlatformInitiator - HHH000490: Using JtaPlatform implementation: [org.hibernate.engine.transaction.jta.platform.internal.NoJtaPlatform]
22:32:25.123 [main] INFO  org.springframework.orm.jpa.LocalContainerEntityManagerFactoryBean - Initialized JPA EntityManagerFactory for persistence unit 'default'
22:32:25.723 [main] WARN  org.springframework.boot.autoconfigure.orm.jpa.JpaBaseConfiguration$JpaWebConfiguration - spring.jpa.open-in-view is enabled by default. Therefore, database queries may be performed during view rendering. Explicitly configure spring.jpa.open-in-view to disable this warning
22:32:26.617 [main] INFO  org.springframework.boot.test.mock.web.SpringBootMockServletContext - Initializing Spring TestDispatcherServlet ''
22:32:26.617 [main] INFO  org.springframework.test.web.servlet.TestDispatcherServlet - Initializing Servlet ''
22:32:26.625 [main] INFO  org.springframework.boot.actuate.endpoint.web.EndpointLinksResolver - Exposing 1 endpoint(s) beneath base path '/actuator'
22:32:26.642 [main] INFO  org.springframework.test.web.servlet.TestDispatcherServlet - Completed initialization in 25 ms
22:32:26.676 [main] INFO  com.mediscreen.patientinfo.integrationTest.PatientInfoIT - Started PatientInfoIT in 4.779 seconds (JVM running for 22.978)
22:32:27.138 [main] TRACE com.mediscreen.patientinfo.controller.impl.PatientControllerImpl - Updating patient: updatedFamilyName - updatedGivenName.
22:32:27.218 [main] TRACE com.mediscreen.patientinfo.service.impl.PatientServiceImpl - Updating patient: Patient{id=3, familyName='updatedFamilyName', givenName='updatedGivenName', dateOfBirth=1999-03-20, sex='M', address='44 rue', phone='0123456'}
]]></system-out>
    <system-err><![CDATA[SLF4J: Class path contains multiple SLF4J bindings.
SLF4J: Found binding in [jar:file:/home/loicb/.m2/repository/ch/qos/logback/logback-classic/1.2.11/logback-classic-1.2.11.jar!/org/slf4j/impl/StaticLoggerBinder.class]
SLF4J: Found binding in [jar:file:/home/loicb/.m2/repository/org/apache/logging/log4j/log4j-slf4j-impl/2.17.2/log4j-slf4j-impl-2.17.2.jar!/org/slf4j/impl/StaticLoggerBinder.class]
SLF4J: See http://www.slf4j.org/codes.html#multiple_bindings for an explanation.
SLF4J: Actual binding is of type [ch.qos.logback.classic.util.ContextSelectorStaticBinder]
]]></system-err>
  </testcase>
  <testcase name="getPatientById_WhenDoesNotExist_ShouldThrowDataNotFoundException" classname="com.mediscreen.patientinfo.integrationTest.PatientInfoIT" time="0.022">
    <system-out><![CDATA[22:32:27.329 [main] TRACE com.mediscreen.patientinfo.controller.impl.PatientControllerImpl - Get patient: id=99
22:32:27.333 [main] WARN  com.mediscreen.patientinfo.service.impl.PatientServiceImpl - Error, patient with id=99 doesn't exist.
]]></system-out>
  </testcase>
  <testcase name="getPatientByFamilyNameAndLastName_WhenDoesNotExist_ShouldThrowDataNotFoundException" classname="com.mediscreen.patientinfo.integrationTest.PatientInfoIT" time="0.187">
    <system-out><![CDATA[22:32:27.355 [main] TRACE com.mediscreen.patientinfo.controller.impl.PatientControllerImpl - Get patient: familyNameTest1 - woops
22:32:27.528 [main] WARN  com.mediscreen.patientinfo.service.impl.PatientServiceImpl - Error, patient with familyName: familyNameTest1 and givenName: woops doesn't exist.
]]></system-out>
  </testcase>
  <testcase name="updatePatient_WhenDoesNotExist_ShouldThrowDataNotFoundException" classname="com.mediscreen.patientinfo.integrationTest.PatientInfoIT" time="0.018">
    <system-out><![CDATA[22:32:27.542 [main] TRACE com.mediscreen.patientinfo.controller.impl.PatientControllerImpl - Updating patient: familynametest - nametest.
22:32:27.547 [main] WARN  com.mediscreen.patientinfo.service.impl.PatientServiceImpl - Error, patient with familyName: familynametest and givenName: nametest doesn't exist.
]]></system-out>
  </testcase>
  <testcase name="getPatientByIdInvalid_ShouldThrowBadArgumentException" classname="com.mediscreen.patientinfo.integrationTest.PatientInfoIT" time="0.008">
    <system-out><![CDATA[22:32:27.558 [main] WARN  com.mediscreen.patientinfo.controller.impl.PatientControllerImpl - Error, invalid parameters for id: 0
]]></system-out>
  </testcase>
  <testcase name="getPatientByFamilyNameAndLastNameInvalid_ShouldThrowBadArgumentException" classname="com.mediscreen.patientinfo.integrationTest.PatientInfoIT" time="0.007">
    <system-out><![CDATA[22:32:27.566 [main] WARN  com.mediscreen.patientinfo.controller.impl.PatientControllerImpl - Error, invalid parameters for familyName: familyNameTest1 givenName: .
]]></system-out>
  </testcase>
  <testcase name="updatePatientInvalid_ShouldThrowBadArgumentException" classname="com.mediscreen.patientinfo.integrationTest.PatientInfoIT" time="0.023">
    <system-out><![CDATA[22:32:27.591 [main] WARN  com.mediscreen.patientinfo.controller.impl.PatientControllerImpl - Error, invalid argument:[id, givenName]
]]></system-out>
  </testcase>
  <testcase name="createPatientValid" classname="com.mediscreen.patientinfo.integrationTest.PatientInfoIT" time="0.073">
    <system-out><![CDATA[22:32:27.609 [main] TRACE com.mediscreen.patientinfo.controller.impl.PatientControllerImpl - Creating patient: familynametest - nametest.
22:32:27.613 [main] TRACE com.mediscreen.patientinfo.service.impl.PatientServiceImpl - Save patient: familynametest - nametest
22:32:27.640 [main] TRACE com.mediscreen.patientinfo.service.impl.PatientServiceImpl - Saved Patient: familynametest - nametest with id: 5
]]></system-out>
  </testcase>
  <testcase name="createPatient_WhenAlreadyExist_ShouldThrowDataAlreadyExistException" classname="com.mediscreen.patientinfo.integrationTest.PatientInfoIT" time="0.012">
    <system-out><![CDATA[22:32:27.674 [main] TRACE com.mediscreen.patientinfo.controller.impl.PatientControllerImpl - Creating patient: familyNameTest4 - givenNameTest4.
22:32:27.678 [main] WARN  com.mediscreen.patientinfo.service.impl.PatientServiceImpl - Error, patient with familyName: familyNameTest4 and givenName: givenNameTest4 already exist with id: 4.
]]></system-out>
  </testcase>
  <testcase name="createPatientInvalid_ShouldThrowBadArgumentException" classname="com.mediscreen.patientinfo.integrationTest.PatientInfoIT" time="0.011">
    <system-out><![CDATA[22:32:27.689 [main] WARN  com.mediscreen.patientinfo.controller.impl.PatientControllerImpl - Error, invalid argument:[familyName]
]]></system-out>
  </testcase>
  <testcase name="getPatientByIdValid" classname="com.mediscreen.patientinfo.integrationTest.PatientInfoIT" time="0.012">
    <system-out><![CDATA[22:32:27.697 [main] TRACE com.mediscreen.patientinfo.controller.impl.PatientControllerImpl - Get patient: id=2
]]></system-out>
  </testcase>
  <testcase name="getPatientByFamilyNameAndLastNameValid" classname="com.mediscreen.patientinfo.integrationTest.PatientInfoIT" time="0.01">
    <system-out><![CDATA[22:32:27.711 [main] TRACE com.mediscreen.patientinfo.controller.impl.PatientControllerImpl - Get patient: familyNameTest1 - givenNameTest1
]]></system-out>
  </testcase>
</testsuite>