<?xml version="1.0" encoding="UTF-8"?>
<testsuite xmlns:xsi="http://www.w3.org/2001/XMLSchema-instance" xsi:noNamespaceSchemaLocation="https://maven.apache.org/surefire/maven-failsafe-plugin/xsd/failsafe-test-report-3.0.xsd" version="3.0" name="com.mediscreen.patientinfo.integrationTest.PatientInfoIT" time="20.487" tests="14" errors="0" skipped="0" failures="0">
  <properties>
[...]
</properties>
  <testcase name="updatePatientValid" classname="com.mediscreen.patientinfo.integrationTest.PatientInfoIT" time="0.503">
    <system-out><![CDATA[22:56:55.350 [main] INFO  org.testcontainers.utility.ImageNameSubstitutor - Image name substitution will be performed by: DefaultImageNameSubstitutor (composite of 'ConfigurationFileImageNameSubstitutor' and 'PrefixingImageNameSubstitutor')
22:56:55.388 [main] INFO  org.testcontainers.dockerclient.DockerClientProviderStrategy - Loaded org.testcontainers.dockerclient.UnixSocketClientProviderStrategy from ~/.testcontainers.properties, will try it first
22:56:56.122 [main] INFO  org.testcontainers.dockerclient.DockerClientProviderStrategy - Found Docker environment with local Unix socket (unix:///var/run/docker.sock)
22:56:56.124 [main] INFO  org.testcontainers.DockerClientFactory - Docker host IP address is localhost
22:56:56.145 [main] INFO  org.testcontainers.DockerClientFactory - Connected to docker: 
  Server Version: 20.10.17
  API Version: 1.41
  Operating System: Debian GNU/Linux 10 (buster)
  Total Memory: 32130 MB
22:56:56.248 [main] INFO  🐳 [testcontainers/ryuk:0.3.3] - Creating container for image: testcontainers/ryuk:0.3.3
22:56:56.612 [main] INFO  🐳 [testcontainers/ryuk:0.3.3] - Container testcontainers/ryuk:0.3.3 is starting: 2597427937bad09aef94f9801eac5188a6cf16e2f4ed0d37698894770e02fc3d
22:56:57.198 [main] INFO  🐳 [testcontainers/ryuk:0.3.3] - Container testcontainers/ryuk:0.3.3 started in PT1.040154979S
22:56:57.203 [main] INFO  org.testcontainers.utility.RyukResourceReaper - Ryuk started - will monitor and terminate Testcontainers containers on JVM exit
22:56:57.204 [main] INFO  org.testcontainers.DockerClientFactory - Checking the system...
22:56:57.205 [main] INFO  org.testcontainers.DockerClientFactory - ✔︎ Docker server version should be at least 1.6.0
22:56:57.209 [main] INFO  🐳 [mysql:8.0.29] - Creating container for image: mysql:8.0.29
22:56:57.467 [main] INFO  🐳 [mysql:8.0.29] - Container mysql:8.0.29 is starting: e7c8628fe4fdd5182e63f8861c44050af34d42e45f98c8bf7c34e88bda2cd20f
22:56:57.874 [main] INFO  🐳 [mysql:8.0.29] - Waiting for database connection to become available at jdbc:mysql://localhost:49356/MediscreenSql using query 'SELECT 1'
22:57:08.989 [main] INFO  🐳 [mysql:8.0.29] - Container is started (JDBC URL: jdbc:mysql://localhost:49356/MediscreenSql)
22:57:08.990 [main] INFO  🐳 [mysql:8.0.29] - Container mysql:8.0.29 started in PT11.780715827S
22:57:08.997 [main] INFO  org.testcontainers.ext.ScriptUtils - Executing database script from scripts/sqlCreate.sql
22:57:09.074 [main] INFO  org.testcontainers.ext.ScriptUtils - Executed database script from scripts/sqlCreate.sql in 77 ms.
22:57:09.165 [main] INFO  org.springframework.boot.test.context.SpringBootTestContextBootstrapper - Neither @ContextConfiguration nor @ContextHierarchy found for test class [com.mediscreen.patientinfo.integrationTest.PatientInfoIT], using SpringBootContextLoader
22:57:09.170 [main] INFO  org.springframework.test.context.support.AbstractContextLoader - Could not detect default resource locations for test class [com.mediscreen.patientinfo.integrationTest.PatientInfoIT]: no resource found for suffixes {-context.xml, Context.groovy}.
22:57:09.170 [main] INFO  org.springframework.test.context.support.AnnotationConfigContextLoaderUtils - Could not detect default configuration classes for test class [com.mediscreen.patientinfo.integrationTest.PatientInfoIT]: PatientInfoIT does not declare any static, non-private, non-final, nested classes annotated with @Configuration.
22:57:09.305 [main] INFO  org.springframework.boot.test.context.SpringBootTestContextBootstrapper - Found @SpringBootConfiguration com.mediscreen.patientinfo.PatientinfoApplication for test class com.mediscreen.patientinfo.integrationTest.PatientInfoIT
22:57:09.394 [main] INFO  org.springframework.boot.test.context.SpringBootTestContextBootstrapper - Loaded default TestExecutionListener class names from location [META-INF/spring.factories]: [org.springframework.boot.test.mock.mockito.MockitoTestExecutionListener, org.springframework.boot.test.mock.mockito.ResetMocksTestExecutionListener, org.springframework.boot.test.autoconfigure.restdocs.RestDocsTestExecutionListener, org.springframework.boot.test.autoconfigure.web.client.MockRestServiceServerResetTestExecutionListener, org.springframework.boot.test.autoconfigure.web.servlet.MockMvcPrintOnlyOnFailureTestExecutionListener, org.springframework.boot.test.autoconfigure.web.servlet.WebDriverTestExecutionListener, org.springframework.boot.test.autoconfigure.webservices.client.MockWebServiceServerTestExecutionListener, org.springframework.test.context.web.ServletTestExecutionListener, org.springframework.test.context.support.DirtiesContextBeforeModesTestExecutionListener, org.springframework.test.context.event.ApplicationEventsTestExecutionListener, org.springframework.test.context.support.DependencyInjectionTestExecutionListener, org.springframework.test.context.support.DirtiesContextTestExecutionListener, org.springframework.test.context.transaction.TransactionalTestExecutionListener, org.springframework.test.context.jdbc.SqlScriptsTestExecutionListener, org.springframework.test.context.event.EventPublishingTestExecutionListener]
22:57:09.413 [main] INFO  org.springframework.boot.test.context.SpringBootTestContextBootstrapper - Using TestExecutionListeners: [org.springframework.test.context.web.ServletTestExecutionListener@554a4d18, org.springframework.test.context.support.DirtiesContextBeforeModesTestExecutionListener@318d69ea, org.springframework.test.context.event.ApplicationEventsTestExecutionListener@76614fd1, org.springframework.boot.test.mock.mockito.MockitoTestExecutionListener@1a2b23f2, org.springframework.boot.test.autoconfigure.SpringBootDependencyInjectionTestExecutionListener@1d8e9f22, org.springframework.test.context.support.DirtiesContextTestExecutionListener@47166740, org.springframework.test.context.transaction.TransactionalTestExecutionListener@3b75b7b4, org.springframework.test.context.jdbc.SqlScriptsTestExecutionListener@7882379b, org.springframework.test.context.event.EventPublishingTestExecutionListener@119cd026, org.springframework.boot.test.mock.mockito.ResetMocksTestExecutionListener@65448932, org.springframework.boot.test.autoconfigure.restdocs.RestDocsTestExecutionListener@731a5a39, org.springframework.boot.test.autoconfigure.web.client.MockRestServiceServerResetTestExecutionListener@1acd952e, org.springframework.boot.test.autoconfigure.web.servlet.MockMvcPrintOnlyOnFailureTestExecutionListener@6da76bb1, org.springframework.boot.test.autoconfigure.web.servlet.WebDriverTestExecutionListener@2ceb722e, org.springframework.boot.test.autoconfigure.webservices.client.MockWebServiceServerTestExecutionListener@d012e18]

  .   ____          _            __ _ _
 /\\ / ___'_ __ _ _(_)_ __  __ _ \ \ \ \
( ( )\___ | '_ | '_| | '_ \/ _` | \ \ \ \
 \\/  ___)| |_)| | | | | || (_| |  ) ) ) )
  '  |____| .__|_| |_|_| |_\__, | / / / /
 =========|_|==============|___/=/_/_/_/
 :: Spring Boot ::                (v2.7.0)

22:57:09.774 [background-preinit] INFO  org.hibernate.validator.internal.util.Version - HV000001: Hibernate Validator 6.2.3.Final
22:57:09.779 [main] INFO  com.mediscreen.patientinfo.integrationTest.PatientInfoIT - Starting PatientInfoIT using Java 17 on loic with PID 14899 (started by loicb in /home/loicb/Formation/Projet/Projet9_loic_benoit/mediscreen/patientinfo)
22:57:09.779 [main] DEBUG com.mediscreen.patientinfo.integrationTest.PatientInfoIT - Running with Spring Boot v2.7.0, Spring v5.3.20
22:57:09.780 [main] INFO  com.mediscreen.patientinfo.integrationTest.PatientInfoIT - The following 1 profile is active: "test"
22:57:10.793 [main] INFO  org.springframework.data.repository.config.RepositoryConfigurationDelegate - Bootstrapping Spring Data JPA repositories in DEFAULT mode.
22:57:10.836 [main] INFO  org.springframework.data.repository.config.RepositoryConfigurationDelegate - Finished Spring Data repository scanning in 35 ms. Found 1 JPA repository interfaces.
22:57:11.341 [main] INFO  org.hibernate.jpa.internal.util.LogHelper - HHH000204: Processing PersistenceUnitInfo [name: default]
22:57:11.394 [main] INFO  org.hibernate.Version - HHH000412: Hibernate ORM core version 5.6.9.Final
22:57:11.566 [main] INFO  org.hibernate.annotations.common.Version - HCANN000001: Hibernate Commons Annotations {5.1.2.Final}
22:57:11.677 [main] INFO  com.zaxxer.hikari.HikariDataSource - HikariPool-1 - Starting...
22:57:11.836 [main] INFO  com.zaxxer.hikari.HikariDataSource - HikariPool-1 - Start completed.
22:57:11.870 [main] INFO  org.hibernate.dialect.Dialect - HHH000400: Using dialect: org.hibernate.dialect.MySQL8Dialect
22:57:12.606 [main] INFO  org.hibernate.engine.transaction.jta.platform.internal.JtaPlatformInitiator - HHH000490: Using JtaPlatform implementation: [org.hibernate.engine.transaction.jta.platform.internal.NoJtaPlatform]
22:57:12.618 [main] INFO  org.springframework.orm.jpa.LocalContainerEntityManagerFactoryBean - Initialized JPA EntityManagerFactory for persistence unit 'default'
22:57:13.182 [main] WARN  org.springframework.boot.autoconfigure.orm.jpa.JpaBaseConfiguration$JpaWebConfiguration - spring.jpa.open-in-view is enabled by default. Therefore, database queries may be performed during view rendering. Explicitly configure spring.jpa.open-in-view to disable this warning
22:57:13.995 [main] INFO  org.springframework.boot.test.mock.web.SpringBootMockServletContext - Initializing Spring TestDispatcherServlet ''
22:57:13.995 [main] INFO  org.springframework.test.web.servlet.TestDispatcherServlet - Initializing Servlet ''
22:57:14.003 [main] INFO  org.springframework.boot.actuate.endpoint.web.EndpointLinksResolver - Exposing 1 endpoint(s) beneath base path '/actuator'
22:57:14.021 [main] INFO  org.springframework.test.web.servlet.TestDispatcherServlet - Completed initialization in 26 ms
22:57:14.053 [main] INFO  com.mediscreen.patientinfo.integrationTest.PatientInfoIT - Started PatientInfoIT in 4.588 seconds (JVM running for 19.823)
22:57:14.473 [main] TRACE com.mediscreen.patientinfo.controller.impl.PatientControllerImpl - Updating patient: updatedFamilyName - updatedGivenName.
22:57:14.530 [main] TRACE com.mediscreen.patientinfo.service.impl.PatientServiceImpl - Updating patient: Patient{id=3, familyName='updatedFamilyName', givenName='updatedGivenName', dateOfBirth=1999-03-20, sex='M', address='44 rue', phone='0123456'}
]]></system-out>
    <system-err><![CDATA[SLF4J: Class path contains multiple SLF4J bindings.
SLF4J: Found binding in [jar:file:/home/loicb/.m2/repository/ch/qos/logback/logback-classic/1.2.11/logback-classic-1.2.11.jar!/org/slf4j/impl/StaticLoggerBinder.class]
SLF4J: Found binding in [jar:file:/home/loicb/.m2/repository/org/apache/logging/log4j/log4j-slf4j-impl/2.17.2/log4j-slf4j-impl-2.17.2.jar!/org/slf4j/impl/StaticLoggerBinder.class]
SLF4J: See http://www.slf4j.org/codes.html#multiple_bindings for an explanation.
SLF4J: Actual binding is of type [ch.qos.logback.classic.util.ContextSelectorStaticBinder]
]]></system-err>
  </testcase>
  <testcase name="getPatientById_WhenDoesNotExist_ShouldThrowDataNotFoundException" classname="com.mediscreen.patientinfo.integrationTest.PatientInfoIT" time="0.024">
    <system-out><![CDATA[22:57:14.620 [main] TRACE com.mediscreen.patientinfo.controller.impl.PatientControllerImpl - Get patient: id=99
22:57:14.625 [main] WARN  com.mediscreen.patientinfo.service.impl.PatientServiceImpl - Error, patient with id=99 doesn't exist.
]]></system-out>
  </testcase>
  <testcase name="getPatientByFamilyNameAndLastName_WhenDoesNotExist_ShouldThrowDataNotFoundException" classname="com.mediscreen.patientinfo.integrationTest.PatientInfoIT" time="0.168">
    <system-out><![CDATA[22:57:14.646 [main] TRACE com.mediscreen.patientinfo.controller.impl.PatientControllerImpl - Get patient: familyNameTest1 - woops
22:57:14.804 [main] WARN  com.mediscreen.patientinfo.service.impl.PatientServiceImpl - Error, patient with familyName: familyNameTest1 and givenName: woops doesn't exist.
]]></system-out>
  </testcase>
  <testcase name="updatePatient_WhenDoesNotExist_ShouldThrowDataNotFoundException" classname="com.mediscreen.patientinfo.integrationTest.PatientInfoIT" time="0.014">
    <system-out><![CDATA[22:57:14.815 [main] TRACE com.mediscreen.patientinfo.controller.impl.PatientControllerImpl - Updating patient: familynametest - nametest.
22:57:14.819 [main] WARN  com.mediscreen.patientinfo.service.impl.PatientServiceImpl - Error, patient with familyName: familynametest and givenName: nametest doesn't exist.
]]></system-out>
  </testcase>
  <testcase name="test" classname="com.mediscreen.patientinfo.integrationTest.PatientInfoIT" time="0.033">
    <system-out><![CDATA[22:57:14.828 [main] ERROR com.mediscreen.patientinfo.integrationTest.PatientInfoIT - début de la méthode
update
Patient{id=1, familyName='familyNameTest1', givenName='givenNameTest1', dateOfBirth=1987-03-23, sex='m', address='44 rue', phone='0123456'}
Patient{id=2, familyName='familyNameTest2', givenName='givenNameTest2', dateOfBirth=1990-03-23, sex='F', address='44 rue', phone='0123456'}
Patient{id=3, familyName='updatedFamilyName', givenName='updatedGivenName', dateOfBirth=1999-03-20, sex='M', address='44 rue', phone='0123456'}
Patient{id=4, familyName='familyNameTest4', givenName='givenNameTest4', dateOfBirth=2010-03-23, sex='F', address='44 rue', phone='0123456'}
Patient{id=5, familyName='familyNameTest', givenName='givenNameTest', dateOfBirth=1987-03-23, sex='F', address='address test 123', phone='0123456'}
]]></system-out>
  </testcase>
  <testcase name="getPatientByIdInvalid_ShouldThrowBadArgumentException" classname="com.mediscreen.patientinfo.integrationTest.PatientInfoIT" time="0.007">
    <system-out><![CDATA[22:57:14.864 [main] WARN  com.mediscreen.patientinfo.controller.impl.PatientControllerImpl - Error, invalid parameters for id: 0
]]></system-out>
  </testcase>
  <testcase name="getPatientByFamilyNameAndLastNameInvalid_ShouldThrowBadArgumentException" classname="com.mediscreen.patientinfo.integrationTest.PatientInfoIT" time="0.006">
    <system-out><![CDATA[22:57:14.873 [main] WARN  com.mediscreen.patientinfo.controller.impl.PatientControllerImpl - Error, invalid parameters for familyName: familyNameTest1 givenName: .
]]></system-out>
  </testcase>
  <testcase name="updatePatientInvalid_ShouldThrowBadArgumentException" classname="com.mediscreen.patientinfo.integrationTest.PatientInfoIT" time="0.021">
    <system-out><![CDATA[22:57:14.896 [main] WARN  com.mediscreen.patientinfo.controller.impl.PatientControllerImpl - Error, invalid argument:[id, givenName]
]]></system-out>
  </testcase>
  <testcase name="contextLoads" classname="com.mediscreen.patientinfo.integrationTest.PatientInfoIT" time="0.003">
    <system-out><![CDATA[Context loads!
]]></system-out>
  </testcase>
  <testcase name="createPatientValid" classname="com.mediscreen.patientinfo.integrationTest.PatientInfoIT" time="0.038">
    <system-out><![CDATA[22:57:14.922 [main] TRACE com.mediscreen.patientinfo.controller.impl.PatientControllerImpl - Creating patient: familynametest - nametest.
22:57:14.926 [main] TRACE com.mediscreen.patientinfo.service.impl.PatientServiceImpl - Save patient: familynametest - nametest
22:57:14.940 [main] TRACE com.mediscreen.patientinfo.service.impl.PatientServiceImpl - Saved Patient: familynametest - nametest with id: 6
]]></system-out>
  </testcase>
  <testcase name="createPatient_WhenAlreadyExist_ShouldThrowDataAlreadyExistException" classname="com.mediscreen.patientinfo.integrationTest.PatientInfoIT" time="0.013">
    <system-out><![CDATA[22:57:14.952 [main] TRACE com.mediscreen.patientinfo.controller.impl.PatientControllerImpl - Creating patient: familyNameTest4 - givenNameTest4.
22:57:14.957 [main] WARN  com.mediscreen.patientinfo.service.impl.PatientServiceImpl - Error, patient with familyName: familyNameTest4 and givenName: givenNameTest4 already exist with id: 4.
]]></system-out>
  </testcase>
  <testcase name="createPatientInvalid_ShouldThrowBadArgumentException" classname="com.mediscreen.patientinfo.integrationTest.PatientInfoIT" time="0.011">
    <system-out><![CDATA[22:57:14.969 [main] WARN  com.mediscreen.patientinfo.controller.impl.PatientControllerImpl - Error, invalid argument:[familyName]
]]></system-out>
  </testcase>
  <testcase name="getPatientByIdValid" classname="com.mediscreen.patientinfo.integrationTest.PatientInfoIT" time="0.015">
    <system-out><![CDATA[22:57:14.978 [main] TRACE com.mediscreen.patientinfo.controller.impl.PatientControllerImpl - Get patient: id=2
]]></system-out>
  </testcase>
  <testcase name="getPatientByFamilyNameAndLastNameValid" classname="com.mediscreen.patientinfo.integrationTest.PatientInfoIT" time="0.011">
    <system-out><![CDATA[22:57:14.996 [main] TRACE com.mediscreen.patientinfo.controller.impl.PatientControllerImpl - Get patient: familyNameTest1 - givenNameTest1
]]></system-out>
  </testcase>
</testsuite>