<?xml version="1.0" encoding="UTF-8"?>
<testsuite xmlns:xsi="http://www.w3.org/2001/XMLSchema-instance" xsi:noNamespaceSchemaLocation="https://maven.apache.org/surefire/maven-failsafe-plugin/xsd/failsafe-test-report-3.0.xsd" version="3.0" name="com.mediscreen.patienthistory.integrationTest.PatienthistoryApplicationTestsIT" time="5.206" tests="7" errors="0" skipped="0" failures="0">
  <properties>
[...]
</properties>
  <testcase name="createPatientHistoryValid" classname="com.mediscreen.patienthistory.integrationTest.PatienthistoryApplicationTestsIT" time="1.053">
    <system-out><![CDATA[15:57:04.231 [main] DEBUG org.springframework.test.context.BootstrapUtils - Instantiating CacheAwareContextLoaderDelegate from class [org.springframework.test.context.cache.DefaultCacheAwareContextLoaderDelegate]
15:57:04.246 [main] DEBUG org.springframework.test.context.BootstrapUtils - Instantiating BootstrapContext using constructor [public org.springframework.test.context.support.DefaultBootstrapContext(java.lang.Class,org.springframework.test.context.CacheAwareContextLoaderDelegate)]
15:57:04.307 [main] DEBUG org.springframework.test.context.BootstrapUtils - Instantiating TestContextBootstrapper for test class [com.mediscreen.patienthistory.integrationTest.PatienthistoryApplicationTestsIT] from class [org.springframework.boot.test.context.SpringBootTestContextBootstrapper]
15:57:04.328 [main] INFO org.springframework.boot.test.context.SpringBootTestContextBootstrapper - Neither @ContextConfiguration nor @ContextHierarchy found for test class [com.mediscreen.patienthistory.integrationTest.PatienthistoryApplicationTestsIT], using SpringBootContextLoader
15:57:04.334 [main] DEBUG org.springframework.test.context.support.AbstractContextLoader - Did not detect default resource location for test class [com.mediscreen.patienthistory.integrationTest.PatienthistoryApplicationTestsIT]: class path resource [com/mediscreen/patienthistory/integrationTest/PatienthistoryApplicationTestsIT-context.xml] does not exist
15:57:04.334 [main] DEBUG org.springframework.test.context.support.AbstractContextLoader - Did not detect default resource location for test class [com.mediscreen.patienthistory.integrationTest.PatienthistoryApplicationTestsIT]: class path resource [com/mediscreen/patienthistory/integrationTest/PatienthistoryApplicationTestsITContext.groovy] does not exist
15:57:04.334 [main] INFO org.springframework.test.context.support.AbstractContextLoader - Could not detect default resource locations for test class [com.mediscreen.patienthistory.integrationTest.PatienthistoryApplicationTestsIT]: no resource found for suffixes {-context.xml, Context.groovy}.
15:57:04.538 [main] DEBUG org.springframework.boot.test.context.SpringBootTestContextBootstrapper - @TestExecutionListeners is not present for class [com.mediscreen.patienthistory.integrationTest.PatienthistoryApplicationTestsIT]: using defaults.
15:57:04.539 [main] INFO org.springframework.boot.test.context.SpringBootTestContextBootstrapper - Loaded default TestExecutionListener class names from location [META-INF/spring.factories]: [org.springframework.boot.test.mock.mockito.MockitoTestExecutionListener, org.springframework.boot.test.mock.mockito.ResetMocksTestExecutionListener, org.springframework.boot.test.autoconfigure.restdocs.RestDocsTestExecutionListener, org.springframework.boot.test.autoconfigure.web.client.MockRestServiceServerResetTestExecutionListener, org.springframework.boot.test.autoconfigure.web.servlet.MockMvcPrintOnlyOnFailureTestExecutionListener, org.springframework.boot.test.autoconfigure.web.servlet.WebDriverTestExecutionListener, org.springframework.boot.test.autoconfigure.webservices.client.MockWebServiceServerTestExecutionListener, org.springframework.test.context.web.ServletTestExecutionListener, org.springframework.test.context.support.DirtiesContextBeforeModesTestExecutionListener, org.springframework.test.context.event.ApplicationEventsTestExecutionListener, org.springframework.test.context.support.DependencyInjectionTestExecutionListener, org.springframework.test.context.support.DirtiesContextTestExecutionListener, org.springframework.test.context.transaction.TransactionalTestExecutionListener, org.springframework.test.context.jdbc.SqlScriptsTestExecutionListener, org.springframework.test.context.event.EventPublishingTestExecutionListener]
15:57:04.559 [main] INFO org.springframework.boot.test.context.SpringBootTestContextBootstrapper - Using TestExecutionListeners: [org.springframework.test.context.web.ServletTestExecutionListener@f096f37, org.springframework.test.context.support.DirtiesContextBeforeModesTestExecutionListener@3effd4f3, org.springframework.test.context.event.ApplicationEventsTestExecutionListener@41f4fe5, org.springframework.boot.test.mock.mockito.MockitoTestExecutionListener@15f8701f, org.springframework.boot.test.autoconfigure.SpringBootDependencyInjectionTestExecutionListener@514cd540, org.springframework.test.context.support.DirtiesContextTestExecutionListener@11d4dbd6, org.springframework.test.context.transaction.TransactionalTestExecutionListener@6f4ade6e, org.springframework.test.context.jdbc.SqlScriptsTestExecutionListener@39e43310, org.springframework.test.context.event.EventPublishingTestExecutionListener@eb507b9, org.springframework.boot.test.mock.mockito.ResetMocksTestExecutionListener@390877d2, org.springframework.boot.test.autoconfigure.restdocs.RestDocsTestExecutionListener@86733, org.springframework.boot.test.autoconfigure.web.client.MockRestServiceServerResetTestExecutionListener@186cb891, org.springframework.boot.test.autoconfigure.web.servlet.MockMvcPrintOnlyOnFailureTestExecutionListener@3ec2ecea, org.springframework.boot.test.autoconfigure.web.servlet.WebDriverTestExecutionListener@440eaa07, org.springframework.boot.test.autoconfigure.webservices.client.MockWebServiceServerTestExecutionListener@7fc7c4a]
15:57:04.564 [main] DEBUG org.springframework.test.context.support.AbstractDirtiesContextTestExecutionListener - Before test class: context [DefaultTestContext@7bebcd65 testClass = PatienthistoryApplicationTestsIT, testInstance = [null], testMethod = [null], testException = [null], mergedContextConfiguration = [WebMergedContextConfiguration@47447ccf testClass = PatienthistoryApplicationTestsIT, locations = '{}', classes = '{class com.mediscreen.patienthistory.PatienthistoryApplication}', contextInitializerClasses = '[]', activeProfiles = '{test}', propertySourceLocations = '{}', propertySourceProperties = '{org.springframework.boot.test.context.SpringBootTestContextBootstrapper=true}', contextCustomizers = set[[ImportsContextCustomizer@7afb1741 key = [org.springframework.boot.test.autoconfigure.web.servlet.MockMvcAutoConfiguration, org.springframework.boot.test.autoconfigure.web.servlet.MockMvcWebClientAutoConfiguration, org.springframework.boot.test.autoconfigure.web.servlet.MockMvcWebDriverAutoConfiguration, org.springframework.boot.autoconfigure.security.oauth2.client.servlet.OAuth2ClientAutoConfiguration, org.springframework.boot.autoconfigure.security.oauth2.resource.servlet.OAuth2ResourceServerAutoConfiguration, org.springframework.boot.autoconfigure.security.servlet.SecurityAutoConfiguration, org.springframework.boot.autoconfigure.security.servlet.SecurityFilterAutoConfiguration, org.springframework.boot.autoconfigure.security.servlet.UserDetailsServiceAutoConfiguration, org.springframework.boot.test.autoconfigure.web.servlet.MockMvcSecurityConfiguration, org.springframework.boot.test.autoconfigure.web.reactive.WebTestClientAutoConfiguration]], org.springframework.boot.test.context.filter.ExcludeFilterContextCustomizer@1adb7478, org.springframework.boot.test.json.DuplicateJsonObjectContextCustomizerFactory$DuplicateJsonObjectContextCustomizer@1fd386c3, org.springframework.boot.test.mock.mockito.MockitoContextCustomizer@0, org.springframework.boot.test.web.client.TestRestTemplateContextCustomizer@4b61d0c6, org.springframework.boot.test.autoconfigure.actuate.metrics.MetricsExportContextCustomizerFactory$DisableMetricExportContextCustomizer@6e4ea0bd, org.springframework.boot.test.autoconfigure.properties.PropertyMappingContextCustomizer@4b3fa0b3, org.springframework.boot.test.autoconfigure.web.servlet.WebDriverContextCustomizerFactory$Customizer@5f8890c2, org.springframework.boot.test.context.SpringBootTestArgs@1, org.springframework.boot.test.context.SpringBootTestWebEnvironment@63376bed], resourceBasePath = 'src/main/webapp', contextLoader = 'org.springframework.boot.test.context.SpringBootContextLoader', parent = [null]], attributes = map['org.springframework.test.context.web.ServletTestExecutionListener.activateListener' -> true]], class annotated with @DirtiesContext [false] with mode [null].

  .   ____          _            __ _ _
 /\\ / ___'_ __ _ _(_)_ __  __ _ \ \ \ \
( ( )\___ | '_ | '_| | '_ \/ _` | \ \ \ \
 \\/  ___)| |_)| | | | | || (_| |  ) ) ) )
  '  |____| .__|_| |_|_| |_\__, | / / / /
 =========|_|==============|___/=/_/_/_/
 :: Spring Boot ::                (v2.7.0)

2022-07-07 15:57:04.968  INFO 2892 --- [           main] c.m.p.i.PatienthistoryApplicationTestsIT : Starting PatienthistoryApplicationTestsIT using Java 17 on loic with PID 2892 (started by loicb in /home/loicb/Formation/Projet/Projet9_loic_benoit/mediscreen/patienthistory)
2022-07-07 15:57:04.970 DEBUG 2892 --- [           main] c.m.p.i.PatienthistoryApplicationTestsIT : Running with Spring Boot v2.7.0, Spring v5.3.20
2022-07-07 15:57:04.970  INFO 2892 --- [           main] c.m.p.i.PatienthistoryApplicationTestsIT : The following 1 profile is active: "test"
2022-07-07 15:57:05.609  INFO 2892 --- [           main] .s.d.r.c.RepositoryConfigurationDelegate : Bootstrapping Spring Data MongoDB repositories in DEFAULT mode.
2022-07-07 15:57:05.653  INFO 2892 --- [           main] .s.d.r.c.RepositoryConfigurationDelegate : Finished Spring Data repository scanning in 39 ms. Found 1 MongoDB repository interfaces.
2022-07-07 15:57:06.485  INFO 2892 --- [           main] org.mongodb.driver.client                : MongoClient with metadata {"driver": {"name": "mongo-java-driver|sync", "version": "4.6.0"}, "os": {"type": "Linux", "name": "Linux", "architecture": "amd64", "version": "4.19.0-21-amd64"}, "platform": "Java/Oracle Corporation/17+35-LTS-2724"} created with settings MongoClientSettings{readPreference=primary, writeConcern=WriteConcern{w=null, wTimeout=null ms, journal=null}, retryWrites=true, retryReads=true, readConcern=ReadConcern{level=null}, credential=null, streamFactoryFactory=null, commandListeners=[], codecRegistry=ProvidersCodecRegistry{codecProviders=[ValueCodecProvider{}, BsonValueCodecProvider{}, DBRefCodecProvider{}, DBObjectCodecProvider{}, DocumentCodecProvider{}, IterableCodecProvider{}, MapCodecProvider{}, GeoJsonCodecProvider{}, GridFSFileCodecProvider{}, Jsr310CodecProvider{}, JsonObjectCodecProvider{}, BsonCodecProvider{}, EnumCodecProvider{}, com.mongodb.Jep395RecordCodecProvider@7a41f4a7]}, clusterSettings={hosts=[localhost:27017], srvServiceName=mongodb, mode=SINGLE, requiredClusterType=UNKNOWN, requiredReplicaSetName='null', serverSelector='null', clusterListeners='[]', serverSelectionTimeout='30000 ms', localThreshold='30000 ms'}, socketSettings=SocketSettings{connectTimeoutMS=10000, readTimeoutMS=0, receiveBufferSize=0, sendBufferSize=0}, heartbeatSocketSettings=SocketSettings{connectTimeoutMS=10000, readTimeoutMS=10000, receiveBufferSize=0, sendBufferSize=0}, connectionPoolSettings=ConnectionPoolSettings{maxSize=100, minSize=0, maxWaitTimeMS=120000, maxConnectionLifeTimeMS=0, maxConnectionIdleTimeMS=0, maintenanceInitialDelayMS=0, maintenanceFrequencyMS=60000, connectionPoolListeners=[], maxConnecting=2}, serverSettings=ServerSettings{heartbeatFrequencyMS=10000, minHeartbeatFrequencyMS=500, serverListeners='[]', serverMonitorListeners='[]'}, sslSettings=SslSettings{enabled=false, invalidHostNameAllowed=false, context=null}, applicationName='null', compressorList=[], uuidRepresentation=UNSPECIFIED, serverApi=null, autoEncryptionSettings=null, contextProvider=null}
2022-07-07 15:57:06.527  INFO 2892 --- [localhost:27017] org.mongodb.driver.connection            : Opened connection [connectionId{localValue:1, serverValue:395}] to localhost:27017
2022-07-07 15:57:06.527  INFO 2892 --- [localhost:27017] org.mongodb.driver.connection            : Opened connection [connectionId{localValue:2, serverValue:396}] to localhost:27017
2022-07-07 15:57:06.528  INFO 2892 --- [localhost:27017] org.mongodb.driver.cluster               : Monitor thread successfully connected to server with description ServerDescription{address=localhost:27017, type=STANDALONE, state=CONNECTED, ok=true, minWireVersion=0, maxWireVersion=13, maxDocumentSize=16777216, logicalSessionTimeoutMinutes=30, roundTripTimeNanos=38432988}
2022-07-07 15:57:07.846  INFO 2892 --- [           main] o.s.b.t.m.w.SpringBootMockServletContext : Initializing Spring TestDispatcherServlet ''
2022-07-07 15:57:07.846  INFO 2892 --- [           main] o.s.t.web.servlet.TestDispatcherServlet  : Initializing Servlet ''
2022-07-07 15:57:07.853  INFO 2892 --- [           main] o.s.b.a.e.web.EndpointLinksResolver      : Exposing 1 endpoint(s) beneath base path '/actuator'
2022-07-07 15:57:07.870  INFO 2892 --- [           main] o.s.t.web.servlet.TestDispatcherServlet  : Completed initialization in 24 ms
2022-07-07 15:57:07.905  INFO 2892 --- [           main] c.m.p.i.PatienthistoryApplicationTestsIT : Started PatienthistoryApplicationTestsIT in 3.293 seconds (JVM running for 4.579)
2022-07-07 15:57:08.469  INFO 2892 --- [           main] org.mongodb.driver.connection            : Opened connection [connectionId{localValue:3, serverValue:397}] to localhost:27017
2022-07-07 15:57:08.489  INFO 2892 --- [           main] c.m.p.i.PatienthistoryApplicationTestsIT : Create collection history test
2022-07-07 15:57:08.591  INFO 2892 --- [           main] c.m.p.i.PatienthistoryApplicationTestsIT : Populate DB.
2022-07-07 15:57:08.897 TRACE 2892 --- [           main] c.m.p.c.i.PatientHistoryControllerImpl   : Create history for patient with id: 5
2022-07-07 15:57:08.944 TRACE 2892 --- [           main] c.m.p.s.impl.PatientHistoryServiceImpl   : Saving new history.
2022-07-07 15:57:09.005  INFO 2892 --- [           main] c.m.p.i.PatienthistoryApplicationTestsIT : Drop history test collection
]]></system-out>
  </testcase>
  <testcase name="updatePatientHistoryInvalid_ShouldThrowBadArgumentException" classname="com.mediscreen.patienthistory.integrationTest.PatienthistoryApplicationTestsIT" time="0.06">
    <system-out><![CDATA[2022-07-07 15:57:09.022  INFO 2892 --- [           main] c.m.p.i.PatienthistoryApplicationTestsIT : Create collection history test
2022-07-07 15:57:09.035  INFO 2892 --- [           main] c.m.p.i.PatienthistoryApplicationTestsIT : Populate DB.
2022-07-07 15:57:09.070  WARN 2892 --- [           main] c.m.p.c.i.PatientHistoryControllerImpl   : Error, invalid argument:[familyName]
2022-07-07 15:57:09.074  INFO 2892 --- [           main] c.m.p.i.PatienthistoryApplicationTestsIT : Drop history test collection
]]></system-out>
  </testcase>
  <testcase name="createPatientHistoryInvalid_ShouldThrowBadArgumentException" classname="com.mediscreen.patienthistory.integrationTest.PatienthistoryApplicationTestsIT" time="0.035">
    <system-out><![CDATA[2022-07-07 15:57:09.083  INFO 2892 --- [           main] c.m.p.i.PatienthistoryApplicationTestsIT : Create collection history test
2022-07-07 15:57:09.098  INFO 2892 --- [           main] c.m.p.i.PatienthistoryApplicationTestsIT : Populate DB.
2022-07-07 15:57:09.108  WARN 2892 --- [           main] c.m.p.c.i.PatientHistoryControllerImpl   : Error, invalid argument:[familyName]
2022-07-07 15:57:09.110  INFO 2892 --- [           main] c.m.p.i.PatienthistoryApplicationTestsIT : Drop history test collection
]]></system-out>
  </testcase>
  <testcase name="createPatientHistory_WhenHistoryAlreadyExist_ShouldThrowDataAlreadyExistException" classname="com.mediscreen.patienthistory.integrationTest.PatienthistoryApplicationTestsIT" time="0.036">
    <system-out><![CDATA[2022-07-07 15:57:09.119  INFO 2892 --- [           main] c.m.p.i.PatienthistoryApplicationTestsIT : Create collection history test
2022-07-07 15:57:09.134  INFO 2892 --- [           main] c.m.p.i.PatienthistoryApplicationTestsIT : Populate DB.
2022-07-07 15:57:09.143 TRACE 2892 --- [           main] c.m.p.c.i.PatientHistoryControllerImpl   : Create history for patient with id: 1
2022-07-07 15:57:09.147  WARN 2892 --- [           main] c.m.p.s.impl.PatientHistoryServiceImpl   : Error, History already exist for patient id=1
2022-07-07 15:57:09.149  INFO 2892 --- [           main] c.m.p.i.PatienthistoryApplicationTestsIT : Drop history test collection
]]></system-out>
  </testcase>
  <testcase name="updatePatientHistory" classname="com.mediscreen.patienthistory.integrationTest.PatienthistoryApplicationTestsIT" time="0.054">
    <system-out><![CDATA[2022-07-07 15:57:09.157  INFO 2892 --- [           main] c.m.p.i.PatienthistoryApplicationTestsIT : Create collection history test
2022-07-07 15:57:09.170  INFO 2892 --- [           main] c.m.p.i.PatienthistoryApplicationTestsIT : Populate DB.
2022-07-07 15:57:09.185 TRACE 2892 --- [           main] c.m.p.c.i.PatientHistoryControllerImpl   : Update history for patient with id: 10
2022-07-07 15:57:09.189 TRACE 2892 --- [           main] c.m.p.s.impl.PatientHistoryServiceImpl   : updating text note.
2022-07-07 15:57:09.189  INFO 2892 --- [           main] c.m.p.s.impl.PatientHistoryServiceImpl   : Updating 1 fields for patient history with id=10
2022-07-07 15:57:09.205  INFO 2892 --- [           main] c.m.p.i.PatienthistoryApplicationTestsIT : Drop history test collection
]]></system-out>
  </testcase>
  <testcase name="updatePatientHistory_WhenHistoryDoesntExist_ShouldThrowDataNotFoundException" classname="com.mediscreen.patienthistory.integrationTest.PatienthistoryApplicationTestsIT" time="0.039">
    <system-out><![CDATA[2022-07-07 15:57:09.215  INFO 2892 --- [           main] c.m.p.i.PatienthistoryApplicationTestsIT : Create collection history test
2022-07-07 15:57:09.231  INFO 2892 --- [           main] c.m.p.i.PatienthistoryApplicationTestsIT : Populate DB.
2022-07-07 15:57:09.240 TRACE 2892 --- [           main] c.m.p.c.i.PatientHistoryControllerImpl   : Update history for patient with id: 15
2022-07-07 15:57:09.243  WARN 2892 --- [           main] c.m.p.s.impl.PatientHistoryServiceImpl   : Error, can't find patient history for id: 15
2022-07-07 15:57:09.246  INFO 2892 --- [           main] c.m.p.i.PatienthistoryApplicationTestsIT : Drop history test collection
]]></system-out>
  </testcase>
  <testcase name="readPatientHistory" classname="com.mediscreen.patienthistory.integrationTest.PatienthistoryApplicationTestsIT" time="0.054">
    <system-out><![CDATA[2022-07-07 15:57:09.255  INFO 2892 --- [           main] c.m.p.i.PatienthistoryApplicationTestsIT : Create collection history test
2022-07-07 15:57:09.270  INFO 2892 --- [           main] c.m.p.i.PatienthistoryApplicationTestsIT : Populate DB.
2022-07-07 15:57:09.286 TRACE 2892 --- [           main] c.m.p.c.i.PatientHistoryControllerImpl   : Getting history for patient: givenName1 - familyName1.
2022-07-07 15:57:09.287 TRACE 2892 --- [           main] c.m.p.s.impl.PatientHistoryServiceImpl   : service, get patient history in db.
2022-07-07 15:57:09.303  INFO 2892 --- [           main] c.m.p.i.PatienthistoryApplicationTestsIT : Drop history test collection
]]></system-out>
  </testcase>
</testsuite>