<?xml version="1.0" encoding="UTF-8"?>
<testsuite xmlns:xsi="http://www.w3.org/2001/XMLSchema-instance" xsi:noNamespaceSchemaLocation="https://maven.apache.org/surefire/maven-failsafe-plugin/xsd/failsafe-test-report-3.0.xsd" version="3.0" name="com.mediscreen.patienthistory.integrationTest.PatienthistoryApplicationTestsIT" time="15.374" tests="7" errors="0" skipped="0" failures="0">
  <properties>
[...]
</properties>
  <testcase name="createPatientHistoryValid" classname="com.mediscreen.patienthistory.integrationTest.PatienthistoryApplicationTestsIT" time="1.25">
    <system-out><![CDATA[22:32:02.583 [main] DEBUG org.testcontainers.utility.TestcontainersConfiguration - Testcontainers configuration overrides will be loaded from file:/home/loicb/.testcontainers.properties
22:32:02.599 [main] INFO org.testcontainers.utility.ImageNameSubstitutor - Image name substitution will be performed by: DefaultImageNameSubstitutor (composite of 'ConfigurationFileImageNameSubstitutor' and 'PrefixingImageNameSubstitutor')
22:32:02.685 [main] INFO org.testcontainers.dockerclient.DockerClientProviderStrategy - Loaded org.testcontainers.dockerclient.UnixSocketClientProviderStrategy from ~/.testcontainers.properties, will try it first
22:32:02.692 [main] DEBUG org.testcontainers.dockerclient.DockerClientProviderStrategy - Trying out strategy: UnixSocketClientProviderStrategy
22:32:03.528 [main] DEBUG org.testcontainers.shaded.com.github.dockerjava.core.command.AbstrDockerCmd - Cmd: 
22:32:03.609 [main] DEBUG com.github.dockerjava.zerodep.shaded.org.apache.hc.client5.http.impl.classic.InternalHttpClient - ex-00000001: preparing request execution
22:32:03.619 [main] DEBUG com.github.dockerjava.zerodep.shaded.org.apache.hc.client5.http.protocol.RequestAddCookies - Cookie spec selected: strict
22:32:03.628 [main] DEBUG com.github.dockerjava.zerodep.shaded.org.apache.hc.client5.http.protocol.RequestAuthCache - Auth cache not set in the context
22:32:03.628 [main] DEBUG com.github.dockerjava.zerodep.shaded.org.apache.hc.client5.http.impl.classic.ProtocolExec - ex-00000001: target auth state: UNCHALLENGED
22:32:03.630 [main] DEBUG com.github.dockerjava.zerodep.shaded.org.apache.hc.client5.http.impl.classic.ProtocolExec - ex-00000001: proxy auth state: UNCHALLENGED
22:32:03.630 [main] DEBUG com.github.dockerjava.zerodep.shaded.org.apache.hc.client5.http.impl.classic.ConnectExec - ex-00000001: acquiring connection with route {}->unix://localhost:2375
22:32:03.630 [main] DEBUG com.github.dockerjava.zerodep.shaded.org.apache.hc.client5.http.impl.classic.InternalHttpClient - ex-00000001: acquiring endpoint (3 MINUTES)
22:32:03.634 [main] DEBUG com.github.dockerjava.zerodep.shaded.org.apache.hc.client5.http.impl.io.PoolingHttpClientConnectionManager - ex-00000001: endpoint lease request (3 MINUTES) [route: {}->unix://localhost:2375][total available: 0; route allocated: 0 of 2147483647; total allocated: 0 of 2147483647]
22:32:03.645 [main] DEBUG com.github.dockerjava.zerodep.shaded.org.apache.hc.client5.http.impl.io.PoolingHttpClientConnectionManager - ex-00000001: endpoint leased [route: {}->unix://localhost:2375][total available: 0; route allocated: 1 of 2147483647; total allocated: 1 of 2147483647]
22:32:03.679 [main] DEBUG com.github.dockerjava.zerodep.shaded.org.apache.hc.client5.http.impl.io.PoolingHttpClientConnectionManager - ex-00000001: acquired ep-00000000
22:32:03.679 [main] DEBUG com.github.dockerjava.zerodep.shaded.org.apache.hc.client5.http.impl.classic.InternalHttpClient - ex-00000001: acquired endpoint ep-00000000
22:32:03.679 [main] DEBUG com.github.dockerjava.zerodep.shaded.org.apache.hc.client5.http.impl.classic.ConnectExec - ex-00000001: opening connection {}->unix://localhost:2375
22:32:03.681 [main] DEBUG com.github.dockerjava.zerodep.shaded.org.apache.hc.client5.http.impl.classic.InternalHttpClient - ep-00000000: connecting endpoint (3 MINUTES)
22:32:03.682 [main] DEBUG com.github.dockerjava.zerodep.shaded.org.apache.hc.client5.http.impl.io.PoolingHttpClientConnectionManager - ep-00000000: connecting endpoint to unix://localhost:2375 (3 MINUTES)
22:32:03.690 [main] DEBUG com.github.dockerjava.zerodep.shaded.org.apache.hc.client5.http.impl.io.DefaultHttpClientConnectionOperator - http-outgoing-0: connecting to localhost/127.0.0.1:2375
22:32:03.692 [main] DEBUG com.github.dockerjava.zerodep.shaded.org.apache.hc.client5.http.impl.io.DefaultHttpClientConnectionOperator - http-outgoing-0: connection established /var/run/docker.sock<->/var/run/docker.sock
22:32:03.697 [main] DEBUG com.github.dockerjava.zerodep.shaded.org.apache.hc.client5.http.impl.io.PoolingHttpClientConnectionManager - ep-00000000: connected http-outgoing-0
22:32:03.699 [main] DEBUG com.github.dockerjava.zerodep.shaded.org.apache.hc.client5.http.impl.classic.InternalHttpClient - ep-00000000: endpoint connected
22:32:03.701 [main] DEBUG com.github.dockerjava.zerodep.shaded.org.apache.hc.client5.http.impl.classic.MainClientExec - ex-00000001: executing GET /v1.32/info HTTP/1.1
22:32:03.702 [main] DEBUG com.github.dockerjava.zerodep.shaded.org.apache.hc.client5.http.impl.classic.InternalHttpClient - ep-00000000: start execution ex-00000001
22:32:03.702 [main] DEBUG com.github.dockerjava.zerodep.shaded.org.apache.hc.client5.http.impl.io.PoolingHttpClientConnectionManager - ep-00000000: executing exchange ex-00000001 over http-outgoing-0
22:32:03.704 [main] DEBUG com.github.dockerjava.zerodep.shaded.org.apache.hc.client5.http.headers - http-outgoing-0 >> GET /v1.32/info HTTP/1.1
22:32:03.706 [main] DEBUG com.github.dockerjava.zerodep.shaded.org.apache.hc.client5.http.headers - http-outgoing-0 >> x-tc-sid: 16aa0e70-aa9f-4e6d-8ef1-222f9dad214b
22:32:03.707 [main] DEBUG com.github.dockerjava.zerodep.shaded.org.apache.hc.client5.http.headers - http-outgoing-0 >> Accept-Encoding: gzip, x-gzip, deflate
22:32:03.707 [main] DEBUG com.github.dockerjava.zerodep.shaded.org.apache.hc.client5.http.headers - http-outgoing-0 >> Host: localhost:2375
22:32:03.707 [main] DEBUG com.github.dockerjava.zerodep.shaded.org.apache.hc.client5.http.headers - http-outgoing-0 >> Connection: keep-alive
22:32:03.707 [main] DEBUG com.github.dockerjava.zerodep.shaded.org.apache.hc.client5.http.headers - http-outgoing-0 >> User-Agent: Apache-HttpClient/5.0.3 (Java/17)
22:32:03.708 [main] DEBUG com.github.dockerjava.zerodep.shaded.org.apache.hc.client5.http.wire - http-outgoing-0 >> "GET /v1.32/info HTTP/1.1[\r][\n]"
22:32:03.708 [main] DEBUG com.github.dockerjava.zerodep.shaded.org.apache.hc.client5.http.wire - http-outgoing-0 >> "x-tc-sid: 16aa0e70-aa9f-4e6d-8ef1-222f9dad214b[\r][\n]"
22:32:03.708 [main] DEBUG com.github.dockerjava.zerodep.shaded.org.apache.hc.client5.http.wire - http-outgoing-0 >> "Accept-Encoding: gzip, x-gzip, deflate[\r][\n]"
22:32:03.709 [main] DEBUG com.github.dockerjava.zerodep.shaded.org.apache.hc.client5.http.wire - http-outgoing-0 >> "Host: localhost:2375[\r][\n]"
22:32:03.709 [main] DEBUG com.github.dockerjava.zerodep.shaded.org.apache.hc.client5.http.wire - http-outgoing-0 >> "Connection: keep-alive[\r][\n]"
22:32:03.709 [main] DEBUG com.github.dockerjava.zerodep.shaded.org.apache.hc.client5.http.wire - http-outgoing-0 >> "User-Agent: Apache-HttpClient/5.0.3 (Java/17)[\r][\n]"
22:32:03.709 [main] DEBUG com.github.dockerjava.zerodep.shaded.org.apache.hc.client5.http.wire - http-outgoing-0 >> "[\r][\n]"
22:32:03.726 [main] DEBUG com.github.dockerjava.zerodep.shaded.org.apache.hc.client5.http.wire - http-outgoing-0 << "HTTP/1.1 200 OK[\r][\n]"
22:32:03.727 [main] DEBUG com.github.dockerjava.zerodep.shaded.org.apache.hc.client5.http.wire - http-outgoing-0 << "Api-Version: 1.41[\r][\n]"
22:32:03.727 [main] DEBUG com.github.dockerjava.zerodep.shaded.org.apache.hc.client5.http.wire - http-outgoing-0 << "Content-Type: application/json[\r][\n]"
22:32:03.727 [main] DEBUG com.github.dockerjava.zerodep.shaded.org.apache.hc.client5.http.wire - http-outgoing-0 << "Docker-Experimental: false[\r][\n]"
22:32:03.727 [main] DEBUG com.github.dockerjava.zerodep.shaded.org.apache.hc.client5.http.wire - http-outgoing-0 << "Ostype: linux[\r][\n]"
22:32:03.727 [main] DEBUG com.github.dockerjava.zerodep.shaded.org.apache.hc.client5.http.wire - http-outgoing-0 << "Server: Docker/20.10.17 (linux)[\r][\n]"
22:32:03.727 [main] DEBUG com.github.dockerjava.zerodep.shaded.org.apache.hc.client5.http.wire - http-outgoing-0 << "Date: Fri, 08 Jul 2022 20:32:03 GMT[\r][\n]"
22:32:03.727 [main] DEBUG com.github.dockerjava.zerodep.shaded.org.apache.hc.client5.http.wire - http-outgoing-0 << "Transfer-Encoding: chunked[\r][\n]"
22:32:03.728 [main] DEBUG com.github.dockerjava.zerodep.shaded.org.apache.hc.client5.http.wire - http-outgoing-0 << "[\r][\n]"
22:32:03.728 [main] DEBUG com.github.dockerjava.zerodep.shaded.org.apache.hc.client5.http.wire - http-outgoing-0 << "920[\r][\n]"
22:32:03.728 [main] DEBUG com.github.dockerjava.zerodep.shaded.org.apache.hc.client5.http.wire - http-outgoing-0 << "{"ID":"FK5C:DGSF:GYUB:WEHC:S5JG:SLQ2:TDER:JDUF:2SQL:7WIS:RV4V:N5CS","Containers":23,"ContainersRunning":8,"ContainersPaused":0,"ContainersStopped":15,"Images":205,"Driver":"overlay2","DriverStatus":[["Backing Filesystem","extfs"],["Supports d_type","true"],["Native Overlay Diff","true"],["userxattr","false"]],"Plugins":{"Volume":["local"],"Network":["bridge","host","ipvlan","macvlan","null","overlay"],"Authorization":null,"Log":["awslogs","fluentd","gcplogs","gelf","journald","json-file","local","logentries","splunk","syslog"]},"MemoryLimit":true,"SwapLimit":false,"KernelMemory":true,"KernelMemoryTCP":true,"CpuCfsPeriod":true,"CpuCfsQuota":true,"CPUShares":true,"CPUSet":true,"PidsLimit":true,"IPv4Forwarding":true,"BridgeNfIptables":true,"BridgeNfIp6tables":true,"Debug":false,"NFd":118,"OomKillDisable":true,"NGoroutines":147,"SystemTime":"2022-07-08T22:32:03.71192856+02:00","LoggingDriver":"json-file","CgroupDriver":"cgroupfs","CgroupVersion":"1","NEventsListener":2,"KernelVersion":"4.19.0-21-amd64","OperatingSystem":"Debian GNU/Linux 10 (buster)","OSVersion":"10","OSType":"linux","Architecture":"x86_64","IndexServerAddress":"https://index.docker.io/v1/","RegistryConfig":{"AllowNondistributableArtifactsCIDRs":[],"AllowNondistributableArtifactsHostnames":[],"InsecureRegistryCIDRs":["127.0.0.0/8"],"IndexConfigs":{"docker.io":{"Name":"docker.io","Mirrors":[],"Secure":true,"Official":true}},"Mirrors":[]},"NCPU":12,"MemTotal":33690992640,"GenericResources":null,"DockerRootDir":"/var/lib/docker","HttpProxy":"","HttpsProxy":"","NoProxy":"","Name":"loic","Labels":[],"ExperimentalBuild":false,"ServerVersion":"20.10.17","Runtimes":{"io.containerd.runc.v2":{"path":"runc"},"io.containerd.runtime.v1.linux":{"path":"runc"},"runc":{"path":"runc"}},"DefaultRuntime":"runc","Swarm":{"NodeID":"","NodeAddr":"","LocalNodeState":"inactive","ControlAvailable":false,"Error":"","RemoteManagers":null},"LiveRestoreEnabled":false,"Isolation":"","InitBinary":"docker-init","ContainerdCommit":{"ID":"10c12954828e7c7c9b6e0ea9b0c02b01407d3ae1","Expected":"10c12954828e7c7c9b6e0ea9b0c02b01407d3ae1"},"RuncCommit":{"ID":"v1.1.2-0-ga916309","Expected":"v1.1.2-0-ga916309"},"InitCommit":{"ID":"de40ad0","Expected":"de40ad0"},"SecurityOptions":["name=apparmor","name=seccomp,profile=default"],"Warnings":["WARNING: No swap limit support"]}[\n]"
22:32:03.728 [main] DEBUG com.github.dockerjava.zerodep.shaded.org.apache.hc.client5.http.wire - http-outgoing-0 << "[\r][\n]"
22:32:03.728 [main] DEBUG com.github.dockerjava.zerodep.shaded.org.apache.hc.client5.http.wire - http-outgoing-0 << "0[\r][\n]"
22:32:03.728 [main] DEBUG com.github.dockerjava.zerodep.shaded.org.apache.hc.client5.http.wire - http-outgoing-0 << "[\r][\n]"
22:32:03.733 [main] DEBUG com.github.dockerjava.zerodep.shaded.org.apache.hc.client5.http.headers - http-outgoing-0 << HTTP/1.1 200 OK
22:32:03.733 [main] DEBUG com.github.dockerjava.zerodep.shaded.org.apache.hc.client5.http.headers - http-outgoing-0 << Api-Version: 1.41
22:32:03.733 [main] DEBUG com.github.dockerjava.zerodep.shaded.org.apache.hc.client5.http.headers - http-outgoing-0 << Content-Type: application/json
22:32:03.733 [main] DEBUG com.github.dockerjava.zerodep.shaded.org.apache.hc.client5.http.headers - http-outgoing-0 << Docker-Experimental: false
22:32:03.733 [main] DEBUG com.github.dockerjava.zerodep.shaded.org.apache.hc.client5.http.headers - http-outgoing-0 << Ostype: linux
22:32:03.733 [main] DEBUG com.github.dockerjava.zerodep.shaded.org.apache.hc.client5.http.headers - http-outgoing-0 << Server: Docker/20.10.17 (linux)
22:32:03.733 [main] DEBUG com.github.dockerjava.zerodep.shaded.org.apache.hc.client5.http.headers - http-outgoing-0 << Date: Fri, 08 Jul 2022 20:32:03 GMT
22:32:03.734 [main] DEBUG com.github.dockerjava.zerodep.shaded.org.apache.hc.client5.http.headers - http-outgoing-0 << Transfer-Encoding: chunked
22:32:03.741 [main] DEBUG com.github.dockerjava.zerodep.shaded.org.apache.hc.client5.http.impl.classic.MainClientExec - ex-00000001: connection can be kept alive for 3 MINUTES
22:32:04.068 [main] DEBUG com.github.dockerjava.zerodep.shaded.org.apache.hc.client5.http.impl.classic.InternalHttpClient - ep-00000000: releasing valid endpoint
22:32:04.068 [main] DEBUG com.github.dockerjava.zerodep.shaded.org.apache.hc.client5.http.impl.io.PoolingHttpClientConnectionManager - ep-00000000: releasing endpoint
22:32:04.069 [main] DEBUG com.github.dockerjava.zerodep.shaded.org.apache.hc.client5.http.impl.io.PoolingHttpClientConnectionManager - ep-00000000: connection http-outgoing-0 can be kept alive for 3 MINUTES
22:32:04.070 [main] DEBUG com.github.dockerjava.zerodep.shaded.org.apache.hc.client5.http.impl.io.PoolingHttpClientConnectionManager - ep-00000000: connection released [route: {}->unix://localhost:2375][total available: 1; route allocated: 1 of 2147483647; total allocated: 1 of 2147483647]
22:32:04.071 [main] INFO org.testcontainers.dockerclient.DockerClientProviderStrategy - Found Docker environment with local Unix socket (unix:///var/run/docker.sock)
22:32:04.072 [main] DEBUG org.testcontainers.dockerclient.DockerClientProviderStrategy - Transport type: 'httpclient5', Docker host: 'unix:///var/run/docker.sock'
22:32:04.072 [main] DEBUG org.testcontainers.dockerclient.DockerClientProviderStrategy - Checking Docker OS type for local Unix socket (unix:///var/run/docker.sock)
22:32:04.074 [main] INFO org.testcontainers.DockerClientFactory - Docker host IP address is localhost
22:32:04.075 [main] DEBUG org.testcontainers.DockerClientFactory - Docker info: {NGoroutines=147, Name=loic, Swarm={NodeID=, NodeAddr=, LocalNodeState=inactive, ControlAvailable=false, Error=, RemoteManagers=null}, RuncCommit={ID=v1.1.2-0-ga916309, Expected=v1.1.2-0-ga916309}, OSVersion=10, Runtimes={io.containerd.runc.v2={path=runc}, io.containerd.runtime.v1.linux={path=runc}, runc={path=runc}}, ID=FK5C:DGSF:GYUB:WEHC:S5JG:SLQ2:TDER:JDUF:2SQL:7WIS:RV4V:N5CS, DriverStatus=[[Backing Filesystem, extfs], [Supports d_type, true], [Native Overlay Diff, true], [userxattr, false]], BridgeNfIptables=true, LiveRestoreEnabled=false, SystemTime=2022-07-08T22:32:03.71192856+02:00, NoProxy=, Architecture=x86_64, NEventsListener=2, HttpsProxy=, Images=205, ContainersRunning=8, Labels=[], InitCommit={ID=de40ad0, Expected=de40ad0}, NFd=118, KernelVersion=4.19.0-21-amd64, LoggingDriver=json-file, OSType=linux, SecurityOptions=[name=apparmor, name=seccomp,profile=default], ContainerdCommit={ID=10c12954828e7c7c9b6e0ea9b0c02b01407d3ae1, Expected=10c12954828e7c7c9b6e0ea9b0c02b01407d3ae1}, GenericResources=null, KernelMemory=true, OperatingSystem=Debian GNU/Linux 10 (buster), RegistryConfig={AllowNondistributableArtifactsCIDRs=[], AllowNondistributableArtifactsHostnames=[], InsecureRegistryCIDRs=[127.0.0.0/8], IndexConfigs={docker.io={Name=docker.io, Mirrors=[], Secure=true, Official=true}}, Mirrors=[]}, ServerVersion=20.10.17, OomKillDisable=true, CpuCfsQuota=true, Containers=23, Driver=overlay2, KernelMemoryTCP=true, IPv4Forwarding=true, ExperimentalBuild=false, DockerRootDir=/var/lib/docker, CPUSet=true, CpuCfsPeriod=true, DefaultRuntime=runc, CPUShares=true, Debug=false, NCPU=12, Plugins={Volume=[local], Network=[bridge, host, ipvlan, macvlan, null, overlay], Authorization=null, Log=[awslogs, fluentd, gcplogs, gelf, journald, json-file, local, logentries, splunk, syslog]}, SwapLimit=false, CgroupDriver=cgroupfs, ContainersPaused=0, MemTotal=33690992640, IndexServerAddress=https://index.docker.io/v1/, MemoryLimit=true, HttpProxy=, InitBinary=docker-init, CgroupVersion=1, PidsLimit=true, Isolation=, BridgeNfIp6tables=true, Warnings=[WARNING: No swap limit support], ContainersStopped=15}
22:32:04.079 [main] DEBUG org.testcontainers.shaded.com.github.dockerjava.core.command.AbstrDockerCmd - Cmd: 
22:32:04.081 [main] DEBUG com.github.dockerjava.zerodep.shaded.org.apache.hc.client5.http.impl.classic.InternalHttpClient - ex-00000002: preparing request execution
22:32:04.081 [main] DEBUG com.github.dockerjava.zerodep.shaded.org.apache.hc.client5.http.protocol.RequestAddCookies - Cookie spec selected: strict
22:32:04.081 [main] DEBUG com.github.dockerjava.zerodep.shaded.org.apache.hc.client5.http.protocol.RequestAuthCache - Auth cache not set in the context
22:32:04.081 [main] DEBUG com.github.dockerjava.zerodep.shaded.org.apache.hc.client5.http.impl.classic.ProtocolExec - ex-00000002: target auth state: UNCHALLENGED
22:32:04.081 [main] DEBUG com.github.dockerjava.zerodep.shaded.org.apache.hc.client5.http.impl.classic.ProtocolExec - ex-00000002: proxy auth state: UNCHALLENGED
22:32:04.082 [main] DEBUG com.github.dockerjava.zerodep.shaded.org.apache.hc.client5.http.impl.classic.ConnectExec - ex-00000002: acquiring connection with route {}->unix://localhost:2375
22:32:04.082 [main] DEBUG com.github.dockerjava.zerodep.shaded.org.apache.hc.client5.http.impl.classic.InternalHttpClient - ex-00000002: acquiring endpoint (3 MINUTES)
22:32:04.082 [main] DEBUG com.github.dockerjava.zerodep.shaded.org.apache.hc.client5.http.impl.io.PoolingHttpClientConnectionManager - ex-00000002: endpoint lease request (3 MINUTES) [route: {}->unix://localhost:2375][total available: 1; route allocated: 1 of 2147483647; total allocated: 1 of 2147483647]
22:32:04.083 [main] DEBUG com.github.dockerjava.zerodep.shaded.org.apache.hc.client5.http.impl.io.PoolingHttpClientConnectionManager - ex-00000002: endpoint leased [route: {}->unix://localhost:2375][total available: 0; route allocated: 1 of 2147483647; total allocated: 1 of 2147483647]
22:32:04.083 [main] DEBUG com.github.dockerjava.zerodep.shaded.org.apache.hc.client5.http.impl.io.PoolingHttpClientConnectionManager - ex-00000002: acquired ep-00000001
22:32:04.083 [main] DEBUG com.github.dockerjava.zerodep.shaded.org.apache.hc.client5.http.impl.classic.InternalHttpClient - ex-00000002: acquired endpoint ep-00000001
22:32:04.083 [main] DEBUG com.github.dockerjava.zerodep.shaded.org.apache.hc.client5.http.impl.classic.MainClientExec - ex-00000002: executing GET /v1.32/version HTTP/1.1
22:32:04.083 [main] DEBUG com.github.dockerjava.zerodep.shaded.org.apache.hc.client5.http.impl.classic.InternalHttpClient - ep-00000001: start execution ex-00000002
22:32:04.083 [main] DEBUG com.github.dockerjava.zerodep.shaded.org.apache.hc.client5.http.impl.io.PoolingHttpClientConnectionManager - ep-00000001: executing exchange ex-00000002 over http-outgoing-0
22:32:04.084 [main] DEBUG com.github.dockerjava.zerodep.shaded.org.apache.hc.client5.http.headers - http-outgoing-0 >> GET /v1.32/version HTTP/1.1
22:32:04.084 [main] DEBUG com.github.dockerjava.zerodep.shaded.org.apache.hc.client5.http.headers - http-outgoing-0 >> accept: application/json
22:32:04.084 [main] DEBUG com.github.dockerjava.zerodep.shaded.org.apache.hc.client5.http.headers - http-outgoing-0 >> x-tc-sid: 16aa0e70-aa9f-4e6d-8ef1-222f9dad214b
22:32:04.084 [main] DEBUG com.github.dockerjava.zerodep.shaded.org.apache.hc.client5.http.headers - http-outgoing-0 >> Accept-Encoding: gzip, x-gzip, deflate
22:32:04.084 [main] DEBUG com.github.dockerjava.zerodep.shaded.org.apache.hc.client5.http.headers - http-outgoing-0 >> Host: localhost:2375
22:32:04.084 [main] DEBUG com.github.dockerjava.zerodep.shaded.org.apache.hc.client5.http.headers - http-outgoing-0 >> Connection: keep-alive
22:32:04.084 [main] DEBUG com.github.dockerjava.zerodep.shaded.org.apache.hc.client5.http.headers - http-outgoing-0 >> User-Agent: Apache-HttpClient/5.0.3 (Java/17)
22:32:04.085 [main] DEBUG com.github.dockerjava.zerodep.shaded.org.apache.hc.client5.http.wire - http-outgoing-0 >> "GET /v1.32/version HTTP/1.1[\r][\n]"
22:32:04.085 [main] DEBUG com.github.dockerjava.zerodep.shaded.org.apache.hc.client5.http.wire - http-outgoing-0 >> "accept: application/json[\r][\n]"
22:32:04.085 [main] DEBUG com.github.dockerjava.zerodep.shaded.org.apache.hc.client5.http.wire - http-outgoing-0 >> "x-tc-sid: 16aa0e70-aa9f-4e6d-8ef1-222f9dad214b[\r][\n]"
22:32:04.085 [main] DEBUG com.github.dockerjava.zerodep.shaded.org.apache.hc.client5.http.wire - http-outgoing-0 >> "Accept-Encoding: gzip, x-gzip, deflate[\r][\n]"
22:32:04.085 [main] DEBUG com.github.dockerjava.zerodep.shaded.org.apache.hc.client5.http.wire - http-outgoing-0 >> "Host: localhost:2375[\r][\n]"
22:32:04.085 [main] DEBUG com.github.dockerjava.zerodep.shaded.org.apache.hc.client5.http.wire - http-outgoing-0 >> "Connection: keep-alive[\r][\n]"
22:32:04.085 [main] DEBUG com.github.dockerjava.zerodep.shaded.org.apache.hc.client5.http.wire - http-outgoing-0 >> "User-Agent: Apache-HttpClient/5.0.3 (Java/17)[\r][\n]"
22:32:04.085 [main] DEBUG com.github.dockerjava.zerodep.shaded.org.apache.hc.client5.http.wire - http-outgoing-0 >> "[\r][\n]"
22:32:04.100 [main] DEBUG com.github.dockerjava.zerodep.shaded.org.apache.hc.client5.http.wire - http-outgoing-0 << "HTTP/1.1 200 OK[\r][\n]"
22:32:04.101 [main] DEBUG com.github.dockerjava.zerodep.shaded.org.apache.hc.client5.http.wire - http-outgoing-0 << "Api-Version: 1.41[\r][\n]"
22:32:04.101 [main] DEBUG com.github.dockerjava.zerodep.shaded.org.apache.hc.client5.http.wire - http-outgoing-0 << "Content-Type: application/json[\r][\n]"
22:32:04.101 [main] DEBUG com.github.dockerjava.zerodep.shaded.org.apache.hc.client5.http.wire - http-outgoing-0 << "Docker-Experimental: false[\r][\n]"
22:32:04.101 [main] DEBUG com.github.dockerjava.zerodep.shaded.org.apache.hc.client5.http.wire - http-outgoing-0 << "Ostype: linux[\r][\n]"
22:32:04.101 [main] DEBUG com.github.dockerjava.zerodep.shaded.org.apache.hc.client5.http.wire - http-outgoing-0 << "Server: Docker/20.10.17 (linux)[\r][\n]"
22:32:04.101 [main] DEBUG com.github.dockerjava.zerodep.shaded.org.apache.hc.client5.http.wire - http-outgoing-0 << "Date: Fri, 08 Jul 2022 20:32:04 GMT[\r][\n]"
22:32:04.101 [main] DEBUG com.github.dockerjava.zerodep.shaded.org.apache.hc.client5.http.wire - http-outgoing-0 << "Content-Length: 823[\r][\n]"
22:32:04.101 [main] DEBUG com.github.dockerjava.zerodep.shaded.org.apache.hc.client5.http.wire - http-outgoing-0 << "[\r][\n]"
22:32:04.101 [main] DEBUG com.github.dockerjava.zerodep.shaded.org.apache.hc.client5.http.wire - http-outgoing-0 << "{"Platform":{"Name":"Docker Engine - Community"},"Components":[{"Name":"Engine","Version":"20.10.17","Details":{"ApiVersion":"1.41","Arch":"amd64","BuildTime":"2022-06-06T23:01:17.000000000+00:00","Experimental":"false","GitCommit":"a89b842","GoVersion":"go1.17.11","KernelVersion":"4.19.0-21-amd64","MinAPIVersion":"1.12","Os":"linux"}},{"Name":"containerd","Version":"1.6.6","Details":{"GitCommit":"10c12954828e7c7c9b6e0ea9b0c02b01407d3ae1"}},{"Name":"runc","Version":"1.1.2","Details":{"GitCommit":"v1.1.2-0-ga916309"}},{"Name":"docker-init","Version":"0.19.0","Details":{"GitCommit":"de40ad0"}}],"Version":"20.10.17","ApiVersion":"1.41","MinAPIVersion":"1.12","GitCommit":"a89b842","GoVersion":"go1.17.11","Os":"linux","Arch":"amd64","KernelVersion":"4.19.0-21-amd64","BuildTime":"2022-06-06T23:01:17.000000000+00:00"}[\n]"
22:32:04.102 [main] DEBUG com.github.dockerjava.zerodep.shaded.org.apache.hc.client5.http.headers - http-outgoing-0 << HTTP/1.1 200 OK
22:32:04.102 [main] DEBUG com.github.dockerjava.zerodep.shaded.org.apache.hc.client5.http.headers - http-outgoing-0 << Api-Version: 1.41
22:32:04.102 [main] DEBUG com.github.dockerjava.zerodep.shaded.org.apache.hc.client5.http.headers - http-outgoing-0 << Content-Type: application/json
22:32:04.102 [main] DEBUG com.github.dockerjava.zerodep.shaded.org.apache.hc.client5.http.headers - http-outgoing-0 << Docker-Experimental: false
22:32:04.102 [main] DEBUG com.github.dockerjava.zerodep.shaded.org.apache.hc.client5.http.headers - http-outgoing-0 << Ostype: linux
22:32:04.102 [main] DEBUG com.github.dockerjava.zerodep.shaded.org.apache.hc.client5.http.headers - http-outgoing-0 << Server: Docker/20.10.17 (linux)
22:32:04.102 [main] DEBUG com.github.dockerjava.zerodep.shaded.org.apache.hc.client5.http.headers - http-outgoing-0 << Date: Fri, 08 Jul 2022 20:32:04 GMT
22:32:04.102 [main] DEBUG com.github.dockerjava.zerodep.shaded.org.apache.hc.client5.http.headers - http-outgoing-0 << Content-Length: 823
22:32:04.103 [main] DEBUG com.github.dockerjava.zerodep.shaded.org.apache.hc.client5.http.impl.classic.MainClientExec - ex-00000002: connection can be kept alive for 3 MINUTES
22:32:04.121 [main] DEBUG com.github.dockerjava.zerodep.shaded.org.apache.hc.client5.http.impl.classic.InternalHttpClient - ep-00000001: releasing valid endpoint
22:32:04.122 [main] DEBUG com.github.dockerjava.zerodep.shaded.org.apache.hc.client5.http.impl.io.PoolingHttpClientConnectionManager - ep-00000001: releasing endpoint
22:32:04.122 [main] DEBUG com.github.dockerjava.zerodep.shaded.org.apache.hc.client5.http.impl.io.PoolingHttpClientConnectionManager - ep-00000001: connection http-outgoing-0 can be kept alive for 3 MINUTES
22:32:04.122 [main] DEBUG com.github.dockerjava.zerodep.shaded.org.apache.hc.client5.http.impl.io.PoolingHttpClientConnectionManager - ep-00000001: connection released [route: {}->unix://localhost:2375][total available: 1; route allocated: 1 of 2147483647; total allocated: 1 of 2147483647]
22:32:04.122 [main] DEBUG org.testcontainers.DockerClientFactory - Docker version: {Components=[{Name=Engine, Version=20.10.17, Details={ApiVersion=1.41, Arch=amd64, BuildTime=2022-06-06T23:01:17.000000000+00:00, Experimental=false, GitCommit=a89b842, GoVersion=go1.17.11, KernelVersion=4.19.0-21-amd64, MinAPIVersion=1.12, Os=linux}}, {Name=containerd, Version=1.6.6, Details={GitCommit=10c12954828e7c7c9b6e0ea9b0c02b01407d3ae1}}, {Name=runc, Version=1.1.2, Details={GitCommit=v1.1.2-0-ga916309}}, {Name=docker-init, Version=0.19.0, Details={GitCommit=de40ad0}}], KernelVersion=4.19.0-21-amd64, ApiVersion=1.41, Platform={Name=Docker Engine - Community}, GitCommit=a89b842, Os=linux, Version=20.10.17, MinAPIVersion=1.12, Arch=amd64, GoVersion=go1.17.11, BuildTime=2022-06-06T23:01:17.000000000+00:00}
22:32:04.122 [main] INFO org.testcontainers.DockerClientFactory - Connected to docker: 
  Server Version: 20.10.17
  API Version: 1.41
  Operating System: Debian GNU/Linux 10 (buster)
  Total Memory: 32130 MB
22:32:04.138 [main] DEBUG org.testcontainers.utility.RyukResourceReaper - Ryuk is enabled
22:32:04.142 [main] DEBUG org.testcontainers.utility.PrefixingImageNameSubstitutor - No prefix is configured
22:32:04.142 [main] DEBUG org.testcontainers.utility.ImageNameSubstitutor - Did not find a substitute image for testcontainers/ryuk:0.3.3 (using image substitutor: DefaultImageNameSubstitutor (composite of 'ConfigurationFileImageNameSubstitutor' and 'PrefixingImageNameSubstitutor'))
22:32:04.150 [main] DEBUG org.testcontainers.shaded.com.github.dockerjava.core.command.AbstrDockerCmd - Cmd: ListImagesCmdImpl[filters=org.testcontainers.shaded.com.github.dockerjava.core.util.FiltersBuilder@0,imageNameFilter=<null>,showAll=false]
22:32:04.158 [main] DEBUG com.github.dockerjava.zerodep.shaded.org.apache.hc.client5.http.impl.classic.InternalHttpClient - ex-00000003: preparing request execution
22:32:04.158 [main] DEBUG com.github.dockerjava.zerodep.shaded.org.apache.hc.client5.http.protocol.RequestAddCookies - Cookie spec selected: strict
22:32:04.158 [main] DEBUG com.github.dockerjava.zerodep.shaded.org.apache.hc.client5.http.protocol.RequestAuthCache - Auth cache not set in the context
22:32:04.158 [main] DEBUG com.github.dockerjava.zerodep.shaded.org.apache.hc.client5.http.impl.classic.ProtocolExec - ex-00000003: target auth state: UNCHALLENGED
22:32:04.158 [main] DEBUG com.github.dockerjava.zerodep.shaded.org.apache.hc.client5.http.impl.classic.ProtocolExec - ex-00000003: proxy auth state: UNCHALLENGED
22:32:04.158 [main] DEBUG com.github.dockerjava.zerodep.shaded.org.apache.hc.client5.http.impl.classic.ConnectExec - ex-00000003: acquiring connection with route {}->unix://localhost:2375
22:32:04.158 [main] DEBUG com.github.dockerjava.zerodep.shaded.org.apache.hc.client5.http.impl.classic.InternalHttpClient - ex-00000003: acquiring endpoint (3 MINUTES)
22:32:04.159 [main] DEBUG com.github.dockerjava.zerodep.shaded.org.apache.hc.client5.http.impl.io.PoolingHttpClientConnectionManager - ex-00000003: endpoint lease request (3 MINUTES) [route: {}->unix://localhost:2375][total available: 1; route allocated: 1 of 2147483647; total allocated: 1 of 2147483647]
22:32:04.159 [main] DEBUG com.github.dockerjava.zerodep.shaded.org.apache.hc.client5.http.impl.io.PoolingHttpClientConnectionManager - ex-00000003: endpoint leased [route: {}->unix://localhost:2375][total available: 0; route allocated: 1 of 2147483647; total allocated: 1 of 2147483647]
22:32:04.159 [main] DEBUG com.github.dockerjava.zerodep.shaded.org.apache.hc.client5.http.impl.io.PoolingHttpClientConnectionManager - ex-00000003: acquired ep-00000002
22:32:04.159 [main] DEBUG com.github.dockerjava.zerodep.shaded.org.apache.hc.client5.http.impl.classic.InternalHttpClient - ex-00000003: acquired endpoint ep-00000002
22:32:04.159 [main] DEBUG com.github.dockerjava.zerodep.shaded.org.apache.hc.client5.http.impl.classic.MainClientExec - ex-00000003: executing GET /v1.32/images/json HTTP/1.1
22:32:04.160 [main] DEBUG com.github.dockerjava.zerodep.shaded.org.apache.hc.client5.http.impl.classic.InternalHttpClient - ep-00000002: start execution ex-00000003
22:32:04.160 [main] DEBUG com.github.dockerjava.zerodep.shaded.org.apache.hc.client5.http.impl.io.PoolingHttpClientConnectionManager - ep-00000002: executing exchange ex-00000003 over http-outgoing-0
22:32:04.160 [main] DEBUG com.github.dockerjava.zerodep.shaded.org.apache.hc.client5.http.headers - http-outgoing-0 >> GET /v1.32/images/json HTTP/1.1
22:32:04.160 [main] DEBUG com.github.dockerjava.zerodep.shaded.org.apache.hc.client5.http.headers - http-outgoing-0 >> accept: application/json
22:32:04.160 [main] DEBUG com.github.dockerjava.zerodep.shaded.org.apache.hc.client5.http.headers - http-outgoing-0 >> x-tc-sid: 16aa0e70-aa9f-4e6d-8ef1-222f9dad214b
22:32:04.160 [main] DEBUG com.github.dockerjava.zerodep.shaded.org.apache.hc.client5.http.headers - http-outgoing-0 >> Accept-Encoding: gzip, x-gzip, deflate
22:32:04.160 [main] DEBUG com.github.dockerjava.zerodep.shaded.org.apache.hc.client5.http.headers - http-outgoing-0 >> Host: localhost:2375
22:32:04.160 [main] DEBUG com.github.dockerjava.zerodep.shaded.org.apache.hc.client5.http.headers - http-outgoing-0 >> Connection: keep-alive
22:32:04.160 [main] DEBUG com.github.dockerjava.zerodep.shaded.org.apache.hc.client5.http.headers - http-outgoing-0 >> User-Agent: Apache-HttpClient/5.0.3 (Java/17)
22:32:04.160 [main] DEBUG com.github.dockerjava.zerodep.shaded.org.apache.hc.client5.http.wire - http-outgoing-0 >> "GET /v1.32/images/json HTTP/1.1[\r][\n]"
22:32:04.161 [main] DEBUG com.github.dockerjava.zerodep.shaded.org.apache.hc.client5.http.wire - http-outgoing-0 >> "accept: application/json[\r][\n]"
22:32:04.161 [main] DEBUG com.github.dockerjava.zerodep.shaded.org.apache.hc.client5.http.wire - http-outgoing-0 >> "x-tc-sid: 16aa0e70-aa9f-4e6d-8ef1-222f9dad214b[\r][\n]"
22:32:04.161 [main] DEBUG com.github.dockerjava.zerodep.shaded.org.apache.hc.client5.http.wire - http-outgoing-0 >> "Accept-Encoding: gzip, x-gzip, deflate[\r][\n]"
22:32:04.161 [main] DEBUG com.github.dockerjava.zerodep.shaded.org.apache.hc.client5.http.wire - http-outgoing-0 >> "Host: localhost:2375[\r][\n]"
22:32:04.161 [main] DEBUG com.github.dockerjava.zerodep.shaded.org.apache.hc.client5.http.wire - http-outgoing-0 >> "Connection: keep-alive[\r][\n]"
22:32:04.161 [main] DEBUG com.github.dockerjava.zerodep.shaded.org.apache.hc.client5.http.wire - http-outgoing-0 >> "User-Agent: Apache-HttpClient/5.0.3 (Java/17)[\r][\n]"
22:32:04.161 [main] DEBUG com.github.dockerjava.zerodep.shaded.org.apache.hc.client5.http.wire - http-outgoing-0 >> "[\r][\n]"
22:32:04.225 [main] DEBUG com.github.dockerjava.zerodep.shaded.org.apache.hc.client5.http.wire - http-outgoing-0 << "HTTP/1.1 200 OK[\r][\n]"
22:32:04.226 [main] DEBUG com.github.dockerjava.zerodep.shaded.org.apache.hc.client5.http.wire - http-outgoing-0 << "Api-Version: 1.41[\r][\n]"
22:32:04.226 [main] DEBUG com.github.dockerjava.zerodep.shaded.org.apache.hc.client5.http.wire - http-outgoing-0 << "Content-Type: application/json[\r][\n]"
22:32:04.226 [main] DEBUG com.github.dockerjava.zerodep.shaded.org.apache.hc.client5.http.wire - http-outgoing-0 << "Docker-Experimental: false[\r][\n]"
22:32:04.226 [main] DEBUG com.github.dockerjava.zerodep.shaded.org.apache.hc.client5.http.wire - http-outgoing-0 << "Ostype: linux[\r][\n]"
22:32:04.226 [main] DEBUG com.github.dockerjava.zerodep.shaded.org.apache.hc.client5.http.wire - http-outgoing-0 << "Server: Docker/20.10.17 (linux)[\r][\n]"
22:32:04.226 [main] DEBUG com.github.dockerjava.zerodep.shaded.org.apache.hc.client5.http.wire - http-outgoing-0 << "Date: Fri, 08 Jul 2022 20:32:04 GMT[\r][\n]"
22:32:04.226 [main] DEBUG com.github.dockerjava.zerodep.shaded.org.apache.hc.client5.http.wire - http-outgoing-0 << "Transfer-Encoding: chunked[\r][\n]"
22:32:04.226 [main] DEBUG com.github.dockerjava.zerodep.shaded.org.apache.hc.client5.http.wire - http-outgoing-0 << "[\r][\n]"
22:32:04.226 [main] DEBUG com.github.dockerjava.zerodep.shaded.org.apache.hc.client5.http.wire - http-outgoing-0 << "75d9[\r][\n]"
22:32:04.227 [main] DEBUG com.github.dockerjava.zerodep.shaded.org.apache.hc.client5.http.wire - http-outgoing-0 << "[{"Containers":-1,"Created":1657310346,"Id":"sha256:c4dda5ecd9ceb33806a798cd1c8457185164324d8bc80217e72e664576ea0413","Labels":null,"ParentId":"sha256:e0dd25effe19267402c918b3adbf9eda400030b95215d47397e6a5a86836ce02","RepoDigests":null,"RepoTags":["mediscreen_patient_history:latest"],"SharedSize":-1,"Size":509952785,"VirtualSize":509952785},{"Containers":-1,"Created":1657060749,"Id":"sha256:7e7e458be53cabe4d12b9d6d18511445d79ee96ef00441a23a6d1eab279d99a5","Labels":null,"ParentId":"","RepoDigests":["mysql@sha256:444f037733d01fc3dfc691a9ab05e346629e8e4d3a6c75da864f21421fb38ced"],"RepoTags":["mysql:8.0.29"],"SharedSize":-1,"Size":443989674,"VirtualSize":443989674},{"Containers":-1,"Created":1656952790,"Id":"sha256:5508fc4f70240f275d8cb5a095c65655736e26f3417c586d7fa232e8cdad54c7","Labels":null,"ParentId":"sha256:5595ad331c1bd12f31684a8c39a983d6894e6ead98bd9e5767e42e21732c2916","RepoDigests":null,"RepoTags":["mediscreen_front:latest"],"SharedSize":-1,"Size":656287727,"VirtualSize":656287727},{"Containers":-1,"Created":1656951207,"Id":"sha256:181353930119940a06b6bf4a768789ecd94ff2530a91d97550afe016466c3891","Labels":null,"ParentId":"sha256:5595ad331c1bd12f31684a8c39a983d6894e6ead98bd9e5767e42e21732c2916","RepoDigests":["<none>@<none>"],"RepoTags":["<none>:<none>"],"SharedSize":-1,"Size":656287555,"VirtualSize":656287555},{"Containers":-1,"Created":1656951181,"Id":"sha256:0ea661345432ae6f8bac98ad5471fd71777efcecbe68f1155b9c8a5d8d4df9bd","Labels":null,"ParentId":"sha256:2dfe24a05494cea2119b680f97380cc6bab9e1572883c4fcd46a9a02b60ff65a","RepoDigests":null,"RepoTags":["mediscreen_patient_assessment:latest"],"SharedSize":-1,"Size":469797166,"VirtualSize":469797166},{"Containers":-1,"Created":1656951120,"Id":"sha256:edab9a314eec14358cfa1dfe29c126debefc0b4145875c15f1c8e104d321af56","Labels":null,"ParentId":"sha256:b2ff0a2991f93b228b5b1fb83328d5a49f1f8a5d00a81c5fb09a39261c824db0","RepoDigests":["<none>@<none>"],"RepoTags":["<none>:<none>"],"SharedSize":-1,"Size":453206202,"VirtualSize":453206202},{"Containers":-1,"Created":1656951063,"Id":"sha256:e0f22e36111ec3cfd654bc6e1109b30e4d17e39798844fdaf7804d78ed294bd3","Labels":null,"ParentId":"sha256:a50484e937ff0e14f004044c1d4b6611a0744f4745fcec1002a7d13557945fbc","RepoDigests":null,"RepoTags":["mediscreen_patient_info:latest"],"SharedSize":-1,"Size":483094001,"VirtualSize":483094001},{"Containers":-1,"Created":1656948124,"Id":"sha256:1a95137172a36983f984f111eec62b6f5f0bd507abd7e2d5dcfa350f94a18804","Labels":null,"ParentId":"sha256:5595ad331c1bd12f31684a8c39a983d6894e6ead98bd9e5767e42e21732c2916","RepoDigests":["<none>@<none>"],"RepoTags":["<none>:<none>"],"SharedSize":-1,"Size":656252826,"VirtualSize":656252826},{"Containers":-1,"Created":1656948099,"Id":"sha256:5a471e36e48262c0c513c04c059458500ffcbfc1b749e73171aed970f7827db4","Labels":null,"ParentId":"sha256:ae927fde0bf86f4471f968bc05a2a9875ceaddcf5553ff8b83e857a0b30f9757","RepoDigests":["<none>@<none>"],"RepoTags":["<none>:<none>"],"SharedSize":-1,"Size":469797168,"VirtualSize":469797168},{"Containers":-1,"Created":1656948039,"Id":"sha256:5e4163b5b440e28e70ae0ee91563991f75e0641eb39ca7afe0603b555ef3e027","Labels":null,"ParentId":"sha256:7bb59aea8a9aca009e6ff6f5d4ef8e0bd3fda08422ab9396a671be9c42520e2e","RepoDigests":["<none>@<none>"],"RepoTags":["<none>:<none>"],"SharedSize":-1,"Size":453205983,"VirtualSize":453205983},{"Containers":-1,"Created":1656947984,"Id":"sha256:54219079062e12c7f6f9f48b61b0a2cc873cb7d543d196f915c40ed5df6809d4","Labels":null,"ParentId":"sha256:a6aab055f45d5fe80eb168956ca721d330a568e7e07bfa9a166cd7525df0ef89","RepoDigests":["<none>@<none>"],"RepoTags":["<none>:<none>"],"SharedSize":-1,"Size":486218194,"VirtualSize":486218194},{"Containers":-1,"Created":1656930073,"Id":"sha256:0cd58ca92aa6e5d2bf1a657de5446853a7490a727aee68a561f816914db53a73","Labels":null,"ParentId":"sha256:5595ad331c1bd12f31684a8c39a983d6894e6ead98bd9e5767e42e21732c2916","RepoDigests":null,"RepoTags":["sprint2/front:latest"],"SharedSize":-1,"Size":935263333,"VirtualSize":935263333},{"Containers":-1,"Created":1656928705,"Id":"sha256:0aa903b34f657109da3fc7dbcee527d8b861658d86bd7e5a43ebbbbbec076ede","Labels":null,"ParentId":"sha256:154722b46c339e8004ad5958980252d4b58f093e9f1b20eea29a1ac36a3fa34a","RepoDigests":null,"RepoTags":["sprint2/history:latest"],"SharedSize":-1,"Size":488895197,"VirtualSize":488895197},{"Containers":-1,"Created":1656928616,"Id":"sha256:6d699e0b686ae84f1965fdbc06ea58b2f0aae630a9a19995730d6bde1ebe63ce","Labels":null,"ParentId":"sha256:2aa3f9764f5188f428e3926c148be2db9759eec4f5673f011f8222abaa31452d","RepoDigests":null,"RepoTags":["sprint2/info:latest"],"SharedSize":-1,"Size":536184710,"VirtualSize":536184710},{"Containers":-1,"Created":1656928358,"Id":"sha256:5671bfc5e779ba4365ae80e20fb45a0ae099853453ffda4e176cfdbe971c2234","Labels":null,"ParentId":"sha256:5595ad331c1bd12f31684a8c39a983d6894e6ead98bd9e5767e42e21732c2916","RepoDigests":["<none>@<none>"],"RepoTags":["<none>:<none>"],"SharedSize":-1,"Size":935240202,"VirtualSize":935240202},{"Containers":-1,"Created":1656927598,"Id":"sha256:ae03e251eeb8aee08c2d97e6ac2165f5d4954cc471c2b2a5a944f110c9d304d9","Labels":null,"ParentId":"sha256:ced4cb160731e1e4f4d789e243088d38eac32d8d8bbda7f8d2924e307c6fb342","RepoDigests":null,"RepoTags":["sprint1:latest"],"SharedSize":-1,"Size":536215197,"VirtualSize":536215197},{"Containers":-1,"Created":1656924411,"Id":"sha256:d77032bec4076a4d3d00c3ce3530a8671465716222584b9a72c8be43d91600a9","Labels":null,"ParentId":"sha256:5595ad331c1bd12f31684a8c39a983d6894e6ead98bd9e5767e42e21732c2916","RepoDigests":["<none>@<none>"],"RepoTags":["<none>:<none>"],"SharedSize":-1,"Size":935330384,"VirtualSize":935330384},{"Containers":-1,"Created":1656924379,"Id":"sha256:7ff3657551efb9454ecfbbb1f17fb9b5be5d3f5d3770de707fc2fbfea5e32dc5","Labels":null,"ParentId":"sha256:be3a7d327cc9badeb4ed1c6e28b6a0088c9d12bf4b4a428441723de497632c1f","RepoDigests":["<none>@<none>"],"RepoTags":["<none>:<none>"],"SharedSize":-1,"Size":488895192,"VirtualSize":488895192},{"Containers":-1,"Created":1656924323,"Id":"sha256:1a8bcd88d543d919363587985c2adc2658c88d78a682d2545086957673554afb","Labels":null,"ParentId":"sha256:9142997be56c6234e74d2b97c936d97d32298cec8b4dc8f97008a2bbddbd6f59","RepoDigests":["<none>@<none>"],"RepoTags":["<none>:<none>"],"SharedSize":-1,"Size":536184718,"VirtualSize":536184718},{"Containers":-1,"Created":1656773150,"Id":"sha256:cc541767fc59020e85cc509c2c532349fe9d162190f3690c9a54f95031199950","Labels":null,"ParentId":"sha256:05c66ea0f6577f98107efa712ce46040ba54fb9ae19f46c96e4a6a0e6cd5a1fd","RepoDigests":["<none>@<none>"],"RepoTags":["<none>:<none>"],"SharedSize":-1,"Size":510333194,"VirtualSize":510333194},{"Containers":-1,"Created":1656773089,"Id":"sha256:4610d9ea77da3ceea79081aec835b27c85d9ac1a611280d57032fb151de58cfe","Labels":null,"ParentId":"sha256:101de98d2189239747fb5eb600d638cb71db131964da656e24dd3ae06b15fc54","RepoDigests":["<none>@<none>"],"RepoTags":["<none>:<none>"],"SharedSize":-1,"Size":488905509,"VirtualSize":488905509},{"Containers":-1,"Created":1656773032,"Id":"sha256:4e94accb4882a91561f2b9c5a8c5d62be5dad52b19f1c194163b068f49947912","Labels":null,"ParentId":"sha256:bf5f14484605cc54f44ab5073025aa02d1167c45d48dc72e60c721aaee85decc","RepoDigests":["<none>@<none>"],"RepoTags":["<none>:<none>"],"SharedSize":-1,"Size":536198353,"VirtualSize":536198353},{"Containers":-1,"Created":1656771417,"Id":"sha256:9b76a2767366587db4c2a9df78b1e1886ed30041ad1ae664c2f940ffd01bb3bd","Labels":null,"ParentId":"sha256:7a52816e2e36523135f6a4d470358e29f647d8aaa9e43b1f749e28f443d969a2","RepoDigests":["<none>@<none>"],"RepoTags":["<none>:<none>"],"SharedSize":-1,"Size":508860078,"VirtualSize":508860078},{"Containers":-1,"Created":1656770700,"Id":"sha256:cc91b89fd85a9a5a9493db7a4baec0b2a142e5ae788c4ecacfa0b48cf00194bf","Labels":null,"ParentId":"sha256:802f03b2e2ba932e951f88732bf8a73e74fc412f5b5ee492287e7bfb587d1e0f","RepoDigests":["<none>@<none>"],"RepoTags":["<none>:<none>"],"SharedSize"
22:32:04.228 [main] DEBUG com.github.dockerjava.zerodep.shaded.org.apache.hc.client5.http.headers - http-outgoing-0 << HTTP/1.1 200 OK
22:32:04.228 [main] DEBUG com.github.dockerjava.zerodep.shaded.org.apache.hc.client5.http.headers - http-outgoing-0 << Api-Version: 1.41
22:32:04.228 [main] DEBUG com.github.dockerjava.zerodep.shaded.org.apache.hc.client5.http.headers - http-outgoing-0 << Content-Type: application/json
22:32:04.228 [main] DEBUG com.github.dockerjava.zerodep.shaded.org.apache.hc.client5.http.headers - http-outgoing-0 << Docker-Experimental: false
22:32:04.228 [main] DEBUG com.github.dockerjava.zerodep.shaded.org.apache.hc.client5.http.headers - http-outgoing-0 << Ostype: linux
22:32:04.228 [main] DEBUG com.github.dockerjava.zerodep.shaded.org.apache.hc.client5.http.headers - http-outgoing-0 << Server: Docker/20.10.17 (linux)
22:32:04.228 [main] DEBUG com.github.dockerjava.zerodep.shaded.org.apache.hc.client5.http.headers - http-outgoing-0 << Date: Fri, 08 Jul 2022 20:32:04 GMT
22:32:04.228 [main] DEBUG com.github.dockerjava.zerodep.shaded.org.apache.hc.client5.http.headers - http-outgoing-0 << Transfer-Encoding: chunked
22:32:04.229 [main] DEBUG com.github.dockerjava.zerodep.shaded.org.apache.hc.client5.http.impl.classic.MainClientExec - ex-00000003: connection can be kept alive for 3 MINUTES
22:32:04.244 [main] DEBUG com.github.dockerjava.zerodep.shaded.org.apache.hc.client5.http.wire - http-outgoing-0 << "":-1,"Size":389724851,"VirtualSize":389724851},{"Containers":-1,"Created":1656770537,"Id":"sha256:19544c1ac7efd1d4400906309ad13fa1b452c3e930396aaf987f842ece566591","Labels":null,"ParentId":"sha256:5595ad331c1bd12f31684a8c39a983d6894e6ead98bd9e5767e42e21732c2916","RepoDigests":["<none>@<none>"],"RepoTags":["<none>:<none>"],"SharedSize":-1,"Size":935541011,"VirtualSize":935541011},{"Containers":-1,"Created":1656770508,"Id":"sha256:2d7edc5c402cbe28b38906f2bcf6504a1c96c53bf174268481ff910c55fa2ae2","Labels":null,"ParentId":"sha256:d0ba34adfe69bbd8298d979be5bed61f91396451bd06b2ca5fa8907882621b69","RepoDigests":["<none>@<none>"],"RepoTags":["<none>:<none>"],"SharedSize":-1,"Size":488904467,"VirtualSize":488904467},{"Containers":-1,"Created":1656769822,"Id":"sha256:61319bf460a9c3b95a942f08d82dbae6306433740f61f8692f399b4326dfdf13","Labels":null,"ParentId":"sha256:5595ad331c1bd12f31684a8c39a983d6894e6ead98bd9e5767e42e21732c2916","RepoDigests":["<none>@<none>"],"RepoTags":["<none>:<none>"],"SharedSize":-1,"Size":935412570,"VirtualSize":935412570},{"Containers":-1,"Created":1656769786,"Id":"sha256:7be5740fcec2eba75c0d5cf480deb5af5cafd59c2ab1998e66d08a9bf681c5cb","Labels":null,"ParentId":"sha256:b59c9fd245a6b9b8fff3baaaae184b07bdae750368d3ead8461d12f9d9e3f817","RepoDigests":["<none>@<none>"],"RepoTags":["<none>:<none>"],"SharedSize":-1,"Size":508870345,"VirtualSize":508870345},{"Containers":-1,"Created":1656769724,"Id":"sha256:7ddbe3a0a45941dc03ba62880a66e3b29b3b89dfb974bdd8f15b69fa6af8a5be","Labels":null,"ParentId":"sha256:341391dafe3d79d97f7d3b45f66a597b4cd8ef5dd362e9e1bc57461dbd7060ed","RepoDigests":["<none>@<none>"],"RepoTags":["<none>:<none>"],"SharedSize":-1,"Size":488896308,"VirtualSize":488896308},{"Containers":-1,"Created":1656704750,"Id":"sha256:52bf07c1948b348c6ea1d3daa1af93134a7129d333c0d18973ee91c1fd0bd946","Labels":null,"ParentId":"sha256:b35666b39a26311c284a7153ccfa20e1427449e287899b9eb7209b41d6c6134e","RepoDigests":["<none>@<none>"],"RepoTags":["<none>:<none>"],"SharedSize":-1,"Size":508866033,"VirtualSize":508866033},{"Containers":-1,"Created":1656703027,"Id":"sha256:c44f80260bcd08f2eb59cc05c80ca8c4cebf1e90ad92a17d0732ba4b0f50df01","Labels":null,"ParentId":"sha256:eef46b1328a492805331af6bed201d987a64951fc35f4ed3eccf141e198c934d","RepoDigests":["<none>@<none>"],"RepoTags":["<none>:<none>"],"SharedSize":-1,"Size":508864304,"VirtualSize":508864304},{"Containers":-1,"Created":1656702258,"Id":"sha256:f4aecc5f5a94ca462d092107e425dda82f128fe29af9f4ed94e072cee5238b06","Labels":null,"ParentId":"sha256:5595ad331c1bd12f31684a8c39a983d6894e6ead98bd9e5767e42e21732c2916","RepoDigests":["<none>@<none>"],"RepoTags":["<none>:<none>"],"SharedSize":-1,"Size":935412565,"VirtualSize":935412565},{"Containers":-1,"Created":1656701791,"Id":"sha256:d99f2d79ce6bc88cb2aff48588c9af706fa21719ac16d12b237ced2eb20a96a1","Labels":null,"ParentId":"sha256:7030c6f871bacb7b411c50578e681e921a8618f765cccdd6215aa490333716f3","RepoDigests":["<none>@<none>"],"RepoTags":["<none>:<none>"],"SharedSize":-1,"Size":508864131,"VirtualSize":508864131},{"Containers":-1,"Created":1656535528,"Id":"sha256:72a15dd41f461f88b6dbf48c233d07376b1c66152cf8637662ea34503d4b8c0d","Labels":null,"ParentId":"sha256:5595ad331c1bd12f31684a8c39a983d6894e6ead98bd9e5767e42e21732c2916","RepoDigests":["<none>@<none>"],"RepoTags":["<none>:<none>"],"SharedSize":-1,"Size":934576273,"VirtualSize":934576273},{"Containers":-1,"Created":1656535499,"Id":"sha256:7609a3420950d9c0ddf57e14f0e11659fdb341ce054a17e9a640dab0dcd7d725","Labels":null,"ParentId":"sha256:5a83f5b13c04c3fe1b34f393048bd185c2bc6fe7a2314bf65a61b48a071276c6","RepoDigests":["<none>@<none>"],"RepoTags":["<none>:<none>"],"SharedSize":-1,"Size":508802039,"VirtualSize":508802039},{"Containers":-1,"Created":1656517265,"Id":"sha256:df6803c4ac4ccd0aba7483db19561596ab79a538e735e96ba534504fa8ec958b","Labels":null,"ParentId":"sha256:5595ad331c1bd12f31684a8c39a983d6894e6ead98bd9e5767e42e21732c2916","RepoDigests":["<none>@<none>"],"RepoTags":["<none>:<none>"],"SharedSize":-1,"Size":939772152,"VirtualSize":939772152},{"Containers":-1,"Created":1656517236,"Id":"sha256:5cf248aead4c4f1c16893247c2b18ed3c02cc712fa3a6409ca8e1513a7bfbf93","Labels":null,"ParentId":"sha256:e845f3b51f8e01c7179f317be73f1812f042ba9994eee9d928badc66e6fe5820","RepoDigests":["<none>@<none>"],"RepoTags":["<none>:<none>"],"SharedSize":-1,"Size":508830086,"VirtualSize":508830086},{"Containers":-1,"Created":1656516719,"Id":"sha256:f0aa1bf1b610e3a9ea364152ba71bd32da04a4ea0b1705943fe48019a6177039","Labels":null,"ParentId":"sha256:a086907346f3cfa6fbb3248a080ce5d06dc4ecbc2a108906e5a8b1153825a0d0","RepoDigests":["<none>@<none>"],"RepoTags":["<none>:<none>"],"SharedSize":-1,"Size":508827935,"VirtualSize":508827935},{"Containers":-1,"Created":1656516368,"Id":"sha256:c8e044eacc97fded3b5c644e810cce84d7ec40edc6d4bc897ebbd9a1d8fb5187","Labels":null,"ParentId":"sha256:802f03b2e2ba932e951f88732bf8a73e74fc412f5b5ee492287e7bfb587d1e0f","RepoDigests":["<none>@<none>"],"RepoTags":["<none>:<none>"],"SharedSize":-1,"Size":389719305,"VirtualSize":389719305},{"Containers":-1,"Created":1656507741,"Id":"sha256:b4fc383317632971a5ee59b5230d3e3709eb3700be207b6ca8e9b66a26d35d68","Labels":null,"ParentId":"sha256:1e6d7a3f10c91ea1ba7c50b4e6bfc0b1c9ce439121bb5c140a5bfeb0fa3bf713","RepoDigests":["<none>@<none>"],"RepoTags":["<none>:<none>"],"SharedSize":-1,"Size":508813751,"VirtualSize":508813751},{"Containers":-1,"Created":1656507528,"Id":"sha256:d1bc480135c274724337f87fa6be6611a8b96dc7b2480bfd6706019ea992e7fe","Labels":null,"ParentId":"sha256:1c59ca40fb07ad3f0d1ff72c4c925d2e5130a9f63ee4fd6d584c4906cb3ff924","RepoDigests":["<none>@<none>"],"RepoTags":["<none>:<none>"],"SharedSize":-1,"Size":488895467,"VirtualSize":488895467},{"Containers":-1,"Created":1656507479,"Id":"sha256:ac1feb55942adffeb64652d63a783debaef6759f78b785b258e46645ec189bc7","Labels":null,"ParentId":"sha256:91a9fdb4b91ba0ae6884e210cefbb1fcb75bd3fffd19bb82389a356dee142096","RepoDigests":["<none>@<none>"],"RepoTags":["<none>:<none>"],"SharedSize":-1,"Size":536197350,"VirtualSize":536197350},{"Containers":-1,"Created":1656506945,"Id":"sha256:b4d22a41c5ff3f4aeea258c6abcf79864eb67234cf236ae9caed87e292f6eab0","Labels":null,"ParentId":"sha256:802f03b2e2ba932e951f88732bf8a73e74fc412f5b5ee492287e7bfb587d1e0f","RepoDigests":["<none>@<none>"],"RepoTags":["<none>:<none>"],"SharedSize":-1,"Size":389717495,"VirtualSize":389717495},{"Containers":-1,"Created":1656505136,"Id":"sha256:f8a727f969ceeb53bc4e3c29c8cea5afe88b9707c79ca910f4886d4a8d69c5d0","Labels":null,"ParentId":"sha256:46aaa358a453f7d2f83ff434e36bcd3a76d70f11f9ecc643c4def729982adb62","RepoDigests":["<none>@<none>"],"RepoTags":["<none>:<none>"],"SharedSize":-1,"Size":535285229,"VirtualSize":535285229},{"Containers":-1,"Created":1656504492,"Id":"sha256:0f2d7119d4dc922eb39dc8b0047aaea1c3922dcfef5fa02c3ff42d93b6b17935","Labels":null,"ParentId":"sha256:5595ad331c1bd12f31684a8c39a983d6894e6ead98bd9e5767e42e21732c2916","RepoDigests":["<none>@<none>"],"RepoTags":["<none>:<none>"],"SharedSize":-1,"Size":939772044,"VirtualSize":939772044},{"Containers":-1,"Created":1656504457,"Id":"sha256:5c092bebd0fe5d328715d0c80623e0887c0dc287b978f5ed11d910b4aef92048","Labels":null,"ParentId":"sha256:bd09820033596eac25774977aee77ac5a4294987d92775775fc9a93557b523be","RepoDigests":["<none>@<none>"],"RepoTags":["<none>:<none>"],"SharedSize":-1,"Size":488167284,"VirtualSize":488167284},{"Containers":-1,"Created":1656504408,"Id":"sha256:7a5404ab46bb8884494db695beab450e68223104f5fa1848e4d150f2279fa909","Labels":null,"ParentId":"sha256:5803012b62ef9c159d2ff91b35b3a040164d066869d4a2c9a99bdb410958a9a3","RepoDigests":["<none>@<none>"],"RepoTags":["<none>:<none>"],"SharedSize":-1,"Size":535284977,"VirtualSize":535284977},{"Containers":-1,"Created":1656359735,"Id":"sha256:0fbc93ab36407ad29c5778e40a47130e78d2ffe28dfe99a311ffcb862d095033","Labels":null,"ParentId":"sha256:5595ad331c1bd12f31684a8c39a983d6894e6ead98bd9e5767e42e21732c2916","RepoDigests":["<none>@<none>"],"
22:32:04.254 [main] DEBUG com.github.dockerjava.zerodep.shaded.org.apache.hc.client5.http.wire - http-outgoing-0 << ""RepoTags":["<none>:<none>"],"SharedSize":-1,"Size":851439208,"VirtualSize":851439208},{"Containers":-1,"Created":1656350809,"Id":"sha256:4e1e5ae65e3bb6f84a122c1ee641d77ad633cb2a4500dbedfa2b079d3b228f30","Labels":null,"ParentId":"sha256:5595ad331c1bd12f31684a8c39a983d6894e6ead98bd9e5767e42e21732c2916","RepoDigests":null,"RepoTags":["mediscreen_angular-service:latest"],"SharedSize":-1,"Size":846030151,"VirtualSize":846030151},{"Containers":-1,"Created":1656350608,"Id":"sha256:b6b8d41978defcc514dfbb0f3c3a1fa21766a39d7b8085ca67e52c14832ed519","Labels":null,"ParentId":"sha256:5595ad331c1bd12f31684a8c39a983d6894e6ead98bd9e5767e42e21732c2916","RepoDigests":["<none>@<none>"],"RepoTags":["<none>:<none>"],"SharedSize":-1,"Size":753954960,"VirtualSize":753954960},{"Containers":-1,"Created":1656350402,"Id":"sha256:a533b5e022f8630ff56a4e5710dc6f84f96dc36f056bfe551fc14c35a8f14cc8","Labels":null,"ParentId":"sha256:5595ad331c1bd12f31684a8c39a983d6894e6ead98bd9e5767e42e21732c2916","RepoDigests":null,"RepoTags":["testimage:latest"],"SharedSize":-1,"Size":753954960,"VirtualSize":753954960},{"Containers":-1,"Created":1656349750,"Id":"sha256:d3aca483b21bc532c903aff810db17b6863da964097b4412b9d3d8d891883879","Labels":null,"ParentId":"sha256:a05a594e105063fbf425be8ae5c587830aacab9439c00728cf73ebf35f8b1497","RepoDigests":["<none>@<none>"],"RepoTags":["<none>:<none>"],"SharedSize":-1,"Size":1039328448,"VirtualSize":1039328448},{"Containers":-1,"Created":1656347545,"Id":"sha256:badf7e4240bcb6b96d0e0f8ce2366bfb57b419999c657dfcb45a4efa467a48af","Labels":null,"ParentId":"sha256:4cc1a7e0f9786f670d5f6783dafa6317e7f67618c95f849b386e404f7d4d9943","RepoDigests":["<none>@<none>"],"RepoTags":["<none>:<none>"],"SharedSize":-1,"Size":1039328406,"VirtualSize":1039328406},{"Containers":-1,"Created":1656347039,"Id":"sha256:7523dc462d7af97a1fe990917a67b207e9639c6b37b9a19ac9ae85d374df43db","Labels":null,"ParentId":"sha256:0377c22e9b2438ab9c2bdf14cde10c0dd86395c140c083a814496b7d0bb05c83","RepoDigests":["<none>@<none>"],"RepoTags":["<none>:<none>"],"SharedSize":-1,"Size":1008661484,"VirtualSize":1008661484},{"Containers":-1,"Created":1656346420,"Id":"sha256:230a7b54224127d387d59b99e36fc5e864e181e2ffb35cfc1a26808d504f6a0a","Labels":null,"ParentId":"sha256:9aeec93d7af372106be97a631c31296bae40f1d931ffd3f41ad8bc42f9bc2bfa","RepoDigests":["<none>@<none>"],"RepoTags":["<none>:<none>"],"SharedSize":-1,"Size":952062268,"VirtualSize":952062268},{"Containers":-1,"Created":1656346308,"Id":"sha256:4ff4a0892abb8a5683b9106424b7052b547997b5e9a35f1e513b7b49c952f639","Labels":null,"ParentId":"sha256:ad91d66605a49eb43db643d5e6b8710eac3bb34b536ec965cd0f42efb127785f","RepoDigests":["<none>@<none>"],"RepoTags":["<none>:<none>"],"SharedSize":-1,"Size":486997067,"VirtualSize":486997067},{"Containers":-1,"Created":1656345927,"Id":"sha256:374157f5bd570d765cba5c4f16a1bbe0cbcd4e33525242ccbd5687d4701dcf69","Labels":null,"ParentId":"sha256:030f99732f180767bd4d6dd4785991987857e7f525f0680c5f5583784c645af2","RepoDigests":["<none>@<none>"],"RepoTags":["<none>:<none>"],"SharedSize":-1,"Size":1008660747,"VirtualSize":1008660747},{"Containers":-1,"Created":1656345376,"Id":"sha256:c1b9e0e603b44699ffc536f39958d6198d9c7e0262af0a3ff588a7a16f1fbb2a","Labels":null,"ParentId":"sha256:326af1fbd2ecdac7e5ba5d6fb9fb900d3732eb673bc0016a1a7d65de593afe6f","RepoDigests":["<none>@<none>"],"RepoTags":["<none>:<none>"],"SharedSize":-1,"Size":1007489524,"VirtualSize":1007489524},{"Containers":-1,"Created":1656338493,"Id":"sha256:2e0932567daa4c90e752fef5ca4be046af354fc2aee0c16cde238fd274aefc50","Labels":null,"ParentId":"sha256:0cc8830d6eeb956ab32806226b73780794e696f9a20fa6840b2c5754b9309b9d","RepoDigests":["<none>@<none>"],"RepoTags":["<none>:<none>"],"SharedSize":-1,"Size":486703034,"VirtualSize":486703034},{"Containers":-1,"Created":1656338439,"Id":"sha256:b7a9a49af64028e85f8dc63c1991e0592e386289a0b953a740d59158e823fa6b","Labels":null,"ParentId":"sha256:420d959bc17f5af261f974094b78c08e990d74dd2ba7d12f2c7f3be84102101d","RepoDigests":["<none>@<none>"],"RepoTags":["<none>:<none>"],"SharedSize":-1,"Size":534679015,"VirtualSize":534679015},{"Containers":-1,"Created":1656323386,"Id":"sha256:ec19655e0d9bd174e3562babb832908392a76ebcd8a8d8d590fc451fc1a6be82","Labels":null,"ParentId":"sha256:222d666293f006a4605f39e1b330b7973eeb486813ad7dc98762ec9a384a5ac7","RepoDigests":["<none>@<none>"],"RepoTags":["<none>:<none>"],"SharedSize":-1,"Size":484435098,"VirtualSize":484435098},{"Containers":-1,"Created":1656317980,"Id":"sha256:1e8f0fb5a44a9f6f9fbf3d8e4bb31a395658f0ca3ab4d20e64aa4b0798eaf4d8","Labels":null,"ParentId":"sha256:c11f51e4a54da335bdc1c8e7602b9b48d14fda9d770da9f63dd81a2f728ace89","RepoDigests":["<none>@<none>"],"RepoTags":["<none>:<none>"],"SharedSize":-1,"Size":484403371,"VirtualSize":484403371},{"Containers":-1,"Created":1656317931,"Id":"sha256:ce82adeb6e4f653d0169c444e0159e819539bfeb5dec4992bf4bb0c449dd4116","Labels":null,"ParentId":"sha256:01378a8c33565f5f5a6c6da27f5495d9fbdb5310b15bf19a4ce53e10011eae12","RepoDigests":["<none>@<none>"],"RepoTags":["<none>:<none>"],"SharedSize":-1,"Size":534080676,"VirtualSize":534080676},{"Containers":-1,"Created":1656192000,"Id":"sha256:f90678738e7e4f4c7de6299297a753f77c5ecb71a8c6d7580e6c3765f4e2d8ec","Labels":null,"ParentId":"sha256:a823e833de90228d2a05cdd48b3bdcc1f48b3f43a43398fcf77d0b81189627cf","RepoDigests":["<none>@<none>"],"RepoTags":["<none>:<none>"],"SharedSize":-1,"Size":484400910,"VirtualSize":484400910},{"Containers":-1,"Created":1656170723,"Id":"sha256:72e09136acbd56a737c63ebc6103a007dc422d4a85dc53470f9a5bc33acedc52","Labels":null,"ParentId":"sha256:298fe36f25ed2cd99f7e2cf93fb73ebb8256e88891c65121af665116066dda2d","RepoDigests":["<none>@<none>"],"RepoTags":["<none>:<none>"],"SharedSize":-1,"Size":534085986,"VirtualSize":534085986},{"Containers":-1,"Created":1656169142,"Id":"sha256:c40ddb60d5735c96370acce006774a9af9d8c2f9887d157309160c0c9013e701","Labels":null,"ParentId":"sha256:d959fdc2c67645dd62c8a1f2b1a30e33436443a10201f0b85285c171517c46ad","RepoDigests":["<none>@<none>"],"RepoTags":["<none>:<none>"],"SharedSize":-1,"Size":534084935,"VirtualSize":534084935},{"Containers":-1,"Created":1656148869,"Id":"sha256:2e6b313272414158d45c605959f4e775d63e706527249a0053b224bfc91d52f4","Labels":null,"ParentId":"sha256:5dd71098934d722c7c46d7756a16874677e5e92735c2c770055a4f724006790d","RepoDigests":["<none>@<none>"],"RepoTags":["<none>:<none>"],"SharedSize":-1,"Size":534085185,"VirtualSize":534085185},{"Containers":-1,"Created":1656096646,"Id":"sha256:2e235039d91ae09c8fbc343e88102c5f8c75577f574ab969780a2c68d71de0b0","Labels":null,"ParentId":"sha256:35facca81e14cb57b6b353b70279ef4f9e049c5ec9bfb867024bd837756a1e43","RepoDigests":["<none>@<none>"],"RepoTags":["<none>:<none>"],"SharedSize":-1,"Size":483731205,"VirtualSize":483731205},{"Containers":-1,"Created":1655958209,"Id":"sha256:43bfb6d8ff0f095d406dc9ddf16decb09ac700195c35bf3b9f129fa0dada143d","Labels":null,"ParentId":"","RepoDigests":["node@sha256:d4ccbaac23809fd245fa7d5dfb8fbe18315c0014b4bcce2f0d98ced5086d6ab2"],"RepoTags":["node:18.4.0-slim"],"SharedSize":-1,"Size":247500177,"VirtualSize":247500177},{"Containers":-1,"Created":1655925659,"Id":"sha256:f246e6f9d0b28d6eb1f7e1f12791f23587c2c6aa42c82aba8d6fe6e2e2de9e95","Labels":{"maintainer":"NGINX Docker Maintainers <docker-maint@nginx.com>"},"ParentId":"","RepoDigests":["nginx@sha256:8e38930f0390cbd79b2d1528405fb17edcda5f4a30875ecf338ebaa598dc994e"],"RepoTags":["nginx:1.23.0-alpine"],"SharedSize":-1,"Size":23461096,"VirtualSize":23461096},{"Containers":-1,"Created":1655824034,"Id":"sha256:f913d189477a7a107e7490a826db43fbefd0905f1609508636c1b9a8275e95cf","Labels":null,"ParentId":"sha256:e2136d34e7872e627cfa1e0215f61561cc00a4f914464dac4756c7d5a371015b","RepoDigests":["<none>@<none>"],"RepoTags":["<none>:<none>"],"SharedSize":-1,"Size":533509319,"VirtualSize":533509319},{"Containers":-1,"Created":1655823561,"Id":"sha256:494c10cc71d0e824197fe71dbcb64b8cbb7fc096588443b5144f3c68be668df1","Labels":null,"ParentId":"sha2"
22:32:04.263 [main] DEBUG com.github.dockerjava.zerodep.shaded.org.apache.hc.client5.http.wire - http-outgoing-0 << "56:ca8c2427fb0a39530ed0f93652a29eeac39f0dee7147e76ae911cf4c62064331","RepoDigests":["<none>@<none>"],"RepoTags":["<none>:<none>"],"SharedSize":-1,"Size":533509381,"VirtualSize":533509381},{"Containers":-1,"Created":1655823508,"Id":"sha256:0642a033b1e6144bcdf8896445d497cfbbdfcd0265f48920e86b41f6712bf997","Labels":null,"ParentId":"sha256:65b636d5542b73254ce90cc4b895597dc1adc2c661ca553c38eda159979dded1","RepoDigests":null,"RepoTags":["mediscreen_mysqldb:latest"],"SharedSize":-1,"Size":524001089,"VirtualSize":524001089},{"Containers":-1,"Created":1655822040,"Id":"sha256:19e28cf898f7faf988bb898e7688a7bb785fcc4207bf65ba6e9c599d05fb64e4","Labels":null,"ParentId":"sha256:d8441f260ab823656aae9a962647a9fde1e5160ac36045bd3af9dd9389bde0bb","RepoDigests":["<none>@<none>"],"RepoTags":["<none>:<none>"],"SharedSize":-1,"Size":533509244,"VirtualSize":533509244},{"Containers":-1,"Created":1655623641,"Id":"sha256:2fa818d80125825d716ad15b51accec435725a3a733c897d741c721f33fd88ff","Labels":{"com.docker.compose.config-hash":"fa4544b7838135e0c8d09e6b9ea91ec986c7b3421d6d7932e5aca51d7f4508bc","com.docker.compose.container-number":"1","com.docker.compose.oneoff":"False","com.docker.compose.project":"mediscreen","com.docker.compose.service":"mysqldb","com.docker.compose.version":"1.21.0"},"ParentId":"sha256:726c6808a7374a772ad59fa783f1d818bba0116d85373e0645311e0a54a43296","RepoDigests":["<none>@<none>"],"RepoTags":["<none>:<none>"],"SharedSize":-1,"Size":524001097,"VirtualSize":524001097},{"Containers":-1,"Created":1655619511,"Id":"sha256:d694725f0e963f372b99c4123ee7674c2bf0715f6610cd78b86bc04a33fc945e","Labels":null,"ParentId":"sha256:7e9e51d5fc09276f98af30879ec6766a1b56b133febb838f29861e6b8ca6b091","RepoDigests":null,"RepoTags":["mediscreen_app:latest"],"SharedSize":-1,"Size":533515315,"VirtualSize":533515315},{"Containers":-1,"Created":1655555425,"Id":"sha256:546c9988ce33ddd636f9384f86774e3f42538fe120064a4be68a66b1a997588c","Labels":null,"ParentId":"sha256:08aea132419ae7b01c84c051f40663ab38266b90b08b0e566bb54d42db194c21","RepoDigests":["<none>@<none>"],"RepoTags":["<none>:<none>"],"SharedSize":-1,"Size":533207545,"VirtualSize":533207545},{"Containers":-1,"Created":1655410859,"Id":"sha256:515db77e67c71d0e9d7afa7f61221cc3856af2c841ae501ee9b495d447eb3fac","Labels":null,"ParentId":"","RepoDigests":["node@sha256:7ae41699c38d8e50f5bf592867cf661368d71ff922e07f6f66f36dca2ff0c590"],"RepoTags":["node:18.4.0-alpine","node:alpine"],"SharedSize":-1,"Size":173931765,"VirtualSize":173931765},{"Containers":-1,"Created":1655317289,"Id":"sha256:47d8c1c4554e0666d036b7914f808b92363112e5992badd5246fd13271493e8d","Labels":null,"ParentId":"","RepoDigests":["maven@sha256:715d63b51dde5e2ae2e13ae1d2ee4bcc48a48ffef5f0a293a808d0c2b2ece470"],"RepoTags":["maven:3.8.6-eclipse-temurin-17-alpine"],"SharedSize":-1,"Size":350520204,"VirtualSize":350520204},{"Containers":-1,"Created":1655158131,"Id":"sha256:c8b57c4bf7e3a88daf948d5d17bc7145db05771e928b3b3095ca4590719b5469","Labels":null,"ParentId":"","RepoDigests":["mongo@sha256:37e84d3dd30cdfb5472ec42b8a6b4dc6ca7cacd91ebcfa0410a54528bbc5fa6d"],"RepoTags":["mongo:latest"],"SharedSize":-1,"Size":701471245,"VirtualSize":701471245},{"Containers":-1,"Created":1654825671,"Id":"sha256:6261a306e2654b132ab227cdbd8c2184d009044af79e7fd3e4855d71d3f6b058","Labels":null,"ParentId":"","RepoDigests":["adminer@sha256:9b171348a0278a3f63e3be48ecd0da57ea9ad006f9f22126c9549b435b9eede9"],"RepoTags":["adminer:latest"],"SharedSize":-1,"Size":90636503,"VirtualSize":90636503},{"Containers":-1,"Created":1653716028,"Id":"sha256:65b636d5542b73254ce90cc4b895597dc1adc2c661ca553c38eda159979dded1","Labels":null,"ParentId":"","RepoDigests":["mysql@sha256:548da4c67fd8a71908f17c308b8ddb098acf5191d3d7694e56801c6a8b2072cc"],"RepoTags":["mysql:8.0.29-debian"],"SharedSize":-1,"Size":524000456,"VirtualSize":524000456},{"Containers":-1,"Created":1634937090,"Id":"sha256:2d2fb2cabc8fa6b894bd7c82158dd7a9dd5815d240f75a93db0d853f008cfd20","Labels":null,"ParentId":"","RepoDigests":["mongo-express@sha256:2a25aafdf23296823b06bc9a0a2af2656971262041b8dbf11b40444804fdc104"],"RepoTags":["mongo-express:latest"],"SharedSize":-1,"Size":135665516,"VirtualSize":135665516},{"Containers":-1,"Created":1634200477,"Id":"sha256:64f4b02dc9864d9621d248e55835408a03b3cd8239b790e610c71c29ea45a3b9","Labels":null,"ParentId":"","RepoDigests":["testcontainers/ryuk@sha256:d50c04005142e165182b2e408d0c76f3cc38ca4db4af14125ce1b938820e5cef"],"RepoTags":["testcontainers/ryuk:0.3.3"],"SharedSize":-1,"Size":11982543,"VirtualSize":11982543},{"Containers":-1,"Created":1632910762,"Id":"sha256:6dc194fc2922c639ac3643f03753e7086d529feb328e7da0ade693e89c3f8913","Labels":null,"ParentId":"","RepoDigests":["maven@sha256:2da710b720bc6c8e9128e6793fc2ff3a3a11ae15c2b26eed4754183b87b1042c"],"RepoTags":["maven:3.8.2-openjdk-17-slim"],"SharedSize":-1,"Size":424008357,"VirtualSize":424008357},{"Containers":-1,"Created":1624432351,"Id":"sha256:09361feeb4753ac9da80ead4d46e2b21247712c13c9ee3f1e5d55630c64c544f","Labels":null,"ParentId":"","RepoDigests":["mysql@sha256:1a2f9cd257e75cc80e9118b303d1648366bc2049101449bf2c8d82b022ea86b7"],"RepoTags":["mysql:5.7.34"],"SharedSize":-1,"Size":446995509,"VirtualSize":446995509},{"Containers":-1,"Created":1624398069,"Id":"sha256:264c9bdce361556ba6e685e401662648358980c01151c3d977f0fdf77f7c26ab","Labels":null,"ParentId":"","RepoDigests":["openjdk@sha256:4b6abae565492dbe9e7a894137c966a7485154238902f2f25e9dbd9784383d81"],"RepoTags":["openjdk:17-alpine"],"SharedSize":-1,"Size":325595873,"VirtualSize":325595873},{"Containers":-1,"Created":1563905393,"Id":"sha256:9c02a5a12c5208ef6fdecf0f4b5eeb1aefae57a28f3fb521b7a341ba62b95736","Labels":null,"ParentId":"","RepoDigests":["mongo@sha256:7df93c5e2d140beabc39ef225da618df28cc916a5f5f295a41858accc0f46a0b"],"RepoTags":["mongo:4.0.10"],"SharedSize":-1,"Size":412943078,"VirtualSize":412943078},{"Containers":-1,"Created":1521672898,"Id":"sha256:3e60aa6db49b9bc6f8a6c731970bae43fab8390a9a7005c06c96d42d8ea351ea","Labels":null,"ParentId":"","RepoDigests":["node@sha256:557d7da13de4cf16b543a764305a2630f8598179ca403d3814fae6e16f63b197"],"RepoTags":["node:9.9.0-alpine"],"SharedSize":-1,"Size":68419185,"VirtualSize":68419185}][\n]"
22:32:04.273 [main] DEBUG com.github.dockerjava.zerodep.shaded.org.apache.hc.client5.http.wire - http-outgoing-0 << "[\r][\n]"
22:32:04.273 [main] DEBUG com.github.dockerjava.zerodep.shaded.org.apache.hc.client5.http.wire - http-outgoing-0 << "0[\r][\n]"
22:32:04.273 [main] DEBUG com.github.dockerjava.zerodep.shaded.org.apache.hc.client5.http.wire - http-outgoing-0 << "[\r][\n]"
22:32:04.274 [main] DEBUG com.github.dockerjava.zerodep.shaded.org.apache.hc.client5.http.impl.classic.InternalHttpClient - ep-00000002: releasing valid endpoint
22:32:04.274 [main] DEBUG com.github.dockerjava.zerodep.shaded.org.apache.hc.client5.http.impl.io.PoolingHttpClientConnectionManager - ep-00000002: releasing endpoint
22:32:04.274 [main] DEBUG com.github.dockerjava.zerodep.shaded.org.apache.hc.client5.http.impl.io.PoolingHttpClientConnectionManager - ep-00000002: connection http-outgoing-0 can be kept alive for 3 MINUTES
22:32:04.274 [main] DEBUG com.github.dockerjava.zerodep.shaded.org.apache.hc.client5.http.impl.io.PoolingHttpClientConnectionManager - ep-00000002: connection released [route: {}->unix://localhost:2375][total available: 1; route allocated: 1 of 2147483647; total allocated: 1 of 2147483647]
22:32:04.282 [main] DEBUG org.testcontainers.images.AbstractImagePullPolicy - Using locally available and not pulling image: testcontainers/ryuk:0.3.3
22:32:04.283 [main] DEBUG 🐳 [testcontainers/ryuk:0.3.3] - Starting container: testcontainers/ryuk:0.3.3
22:32:04.289 [main] DEBUG 🐳 [testcontainers/ryuk:0.3.3] - Trying to start container: testcontainers/ryuk:0.3.3 (attempt 1/1)
22:32:04.290 [main] DEBUG 🐳 [testcontainers/ryuk:0.3.3] - Starting container: testcontainers/ryuk:0.3.3
22:32:04.290 [main] INFO 🐳 [testcontainers/ryuk:0.3.3] - Creating container for image: testcontainers/ryuk:0.3.3
22:32:04.316 [main] DEBUG org.testcontainers.utility.RegistryAuthLocator - Looking up auth config for image: testcontainers/ryuk:0.3.3 at registry: https://index.docker.io/v1/
22:32:04.317 [main] DEBUG org.testcontainers.utility.RegistryAuthLocator - RegistryAuthLocator has configFile: /home/loicb/.docker/config.json (exists) and commandPathPrefix: 
22:32:04.318 [main] DEBUG org.testcontainers.utility.RegistryAuthLocator - registryName [https://index.docker.io/v1/] for dockerImageName [testcontainers/ryuk:0.3.3]
22:32:04.318 [main] DEBUG org.testcontainers.utility.RegistryAuthLocator - Executing docker credential provider: docker-credential-secretservice to locate auth config for: https://index.docker.io/v1/
22:32:04.337 [main] DEBUG org.testcontainers.shaded.org.zeroturnaround.exec.ProcessExecutor - Executing [docker-credential-secretservice, get].
22:32:04.347 [main] DEBUG org.testcontainers.shaded.org.zeroturnaround.exec.ProcessExecutor - Started Process[pid=7499, exitValue="not exited"]
22:32:04.377 [WaitForProcess-Process[pid=7499, exitValue="not exited"]] DEBUG org.testcontainers.shaded.org.zeroturnaround.exec.WaitForProcess - Process[pid=7499, exitValue=0] stopped with exit code 0
22:32:04.383 [main] DEBUG org.testcontainers.utility.RegistryAuthLocator - Credential helper/store provided auth config for: https://index.docker.io/v1/
22:32:04.389 [main] DEBUG org.testcontainers.utility.RegistryAuthLocator - found creds store auth config [AuthConfig{username=loicbenoit, password=hidden non-blank value, auth=blank, email=null, registryAddress=https://index.docker.io/v1/, registryToken=blank}]
22:32:04.389 [main] DEBUG org.testcontainers.utility.RegistryAuthLocator - Cached auth found: [AuthConfig{username=loicbenoit, password=hidden non-blank value, auth=blank, email=null, registryAddress=https://index.docker.io/v1/, registryToken=blank}]
22:32:04.389 [main] DEBUG org.testcontainers.dockerclient.AuthDelegatingDockerClientConfig - Effective auth config [AuthConfig{username=loicbenoit, password=hidden non-blank value, auth=blank, email=null, registryAddress=https://index.docker.io/v1/, registryToken=blank}]
22:32:04.416 [main] DEBUG org.testcontainers.shaded.com.github.dockerjava.core.command.AbstrDockerCmd - Cmd: org.testcontainers.shaded.com.github.dockerjava.core.command.CreateContainerCmdImpl@1c2d63f0[aliases=<null>,argsEscaped=<null>,attachStderr=<null>,attachStdin=<null>,attachStdout=<null>,authConfig=AuthConfig(username=loicbenoit, email=null, registryAddress=https://index.docker.io/v1/, stackOrchestrator=null),cmd={},domainName=<null>,entrypoint=<null>,env={},exposedPorts=ExposedPorts(exposedPorts=[8080/tcp]),healthcheck=<null>,hostConfig=HostConfig(binds=[/var/run/docker.sock:/var/run/docker.sock:rw], blkioWeight=null, blkioWeightDevice=null, blkioDeviceReadBps=null, blkioDeviceWriteBps=null, blkioDeviceReadIOps=null, blkioDeviceWriteIOps=null, memorySwappiness=null, nanoCPUs=null, capAdd=null, capDrop=null, containerIDFile=null, cpuPeriod=null, cpuRealtimePeriod=null, cpuRealtimeRuntime=null, cpuShares=null, cpuQuota=null, cpusetCpus=null, cpusetMems=null, devices=null, deviceCgroupRules=null, deviceRequests=null, diskQuota=null, dns=null, dnsOptions=null, dnsSearch=null, extraHosts=[], groupAdd=null, ipcMode=null, cgroup=null, links=[], logConfig=LogConfig(type=null, config=null), lxcConf=null, memory=null, memorySwap=null, memoryReservation=null, kernelMemory=null, networkMode=null, oomKillDisable=null, init=null, autoRemove=true, oomScoreAdj=null, portBindings={8080/tcp=[Lcom.github.dockerjava.api.model.Ports$Binding;@4536a715}, privileged=false, publishAllPorts=null, readonlyRootfs=null, restartPolicy=null, ulimits=null, cpuCount=null, cpuPercent=null, ioMaximumIOps=null, ioMaximumBandwidth=null, volumesFrom=[], mounts=null, pidMode=null, isolation=null, securityOpts=null, storageOpt=null, cgroupParent=null, volumeDriver=null, shmSize=null, pidsLimit=null, runtime=null, tmpFs=null, utSMode=null, usernsMode=null, sysctls=null, consoleSize=null, cgroupnsMode=null),hostName=<null>,image=testcontainers/ryuk:0.3.3,ipv4Address=<null>,ipv6Address=<null>,labels={org.testcontainers=true},macAddress=<null>,name=testcontainers-ryuk-16aa0e70-aa9f-4e6d-8ef1-222f9dad214b,networkDisabled=<null>,networkingConfig=<null>,onBuild=<null>,platform=<null>,portSpecs=<null>,shell=<null>,stdInOnce=<null>,stdinOpen=<null>,stopSignal=<null>,stopTimeout=<null>,tty=<null>,user=<null>,volumes=Volumes(volumes=[]),workingDir=<null>]
22:32:04.676 [main] DEBUG com.github.dockerjava.zerodep.shaded.org.apache.hc.client5.http.impl.classic.InternalHttpClient - ex-00000004: preparing request execution
22:32:04.677 [main] DEBUG com.github.dockerjava.zerodep.shaded.org.apache.hc.client5.http.protocol.RequestAddCookies - Cookie spec selected: strict
22:32:04.677 [main] DEBUG com.github.dockerjava.zerodep.shaded.org.apache.hc.client5.http.protocol.RequestAuthCache - Auth cache not set in the context
22:32:04.677 [main] DEBUG com.github.dockerjava.zerodep.shaded.org.apache.hc.client5.http.impl.classic.ProtocolExec - ex-00000004: target auth state: UNCHALLENGED
22:32:04.677 [main] DEBUG com.github.dockerjava.zerodep.shaded.org.apache.hc.client5.http.impl.classic.ProtocolExec - ex-00000004: proxy auth state: UNCHALLENGED
22:32:04.677 [main] DEBUG com.github.dockerjava.zerodep.shaded.org.apache.hc.client5.http.impl.classic.ConnectExec - ex-00000004: acquiring connection with route {}->unix://localhost:2375
22:32:04.677 [main] DEBUG com.github.dockerjava.zerodep.shaded.org.apache.hc.client5.http.impl.classic.InternalHttpClient - ex-00000004: acquiring endpoint (3 MINUTES)
22:32:04.678 [main] DEBUG com.github.dockerjava.zerodep.shaded.org.apache.hc.client5.http.impl.io.PoolingHttpClientConnectionManager - ex-00000004: endpoint lease request (3 MINUTES) [route: {}->unix://localhost:2375][total available: 1; route allocated: 1 of 2147483647; total allocated: 1 of 2147483647]
22:32:04.678 [main] DEBUG com.github.dockerjava.zerodep.shaded.org.apache.hc.client5.http.impl.io.PoolingHttpClientConnectionManager - ex-00000004: endpoint leased [route: {}->unix://localhost:2375][total available: 0; route allocated: 1 of 2147483647; total allocated: 1 of 2147483647]
22:32:04.678 [main] DEBUG com.github.dockerjava.zerodep.shaded.org.apache.hc.client5.http.impl.io.PoolingHttpClientConnectionManager - ex-00000004: acquired ep-00000003
22:32:04.678 [main] DEBUG com.github.dockerjava.zerodep.shaded.org.apache.hc.client5.http.impl.classic.InternalHttpClient - ex-00000004: acquired endpoint ep-00000003
22:32:04.678 [main] DEBUG com.github.dockerjava.zerodep.shaded.org.apache.hc.client5.http.impl.classic.MainClientExec - ex-00000004: executing POST /v1.32/containers/create?name=testcontainers-ryuk-16aa0e70-aa9f-4e6d-8ef1-222f9dad214b HTTP/1.1
22:32:04.678 [main] DEBUG com.github.dockerjava.zerodep.shaded.org.apache.hc.client5.http.impl.classic.InternalHttpClient - ep-00000003: start execution ex-00000004
22:32:04.678 [main] DEBUG com.github.dockerjava.zerodep.shaded.org.apache.hc.client5.http.impl.io.PoolingHttpClientConnectionManager - ep-00000003: executing exchange ex-00000004 over http-outgoing-0
22:32:04.679 [main] DEBUG com.github.dockerjava.zerodep.shaded.org.apache.hc.client5.http.headers - http-outgoing-0 >> POST /v1.32/containers/create?name=testcontainers-ryuk-16aa0e70-aa9f-4e6d-8ef1-222f9dad214b HTTP/1.1
22:32:04.679 [main] DEBUG com.github.dockerjava.zerodep.shaded.org.apache.hc.client5.http.headers - http-outgoing-0 >> X-Registry-Auth: eyJ1c2VybmFtZSI6ImxvaWNiZW5vaXQiLCJwYXNzd29yZCI6IjY5MDA4JURpZWcqIiwiZW1haWwiOm51bGwsInNlcnZlcmFkZHJlc3MiOiJodHRwczovL2luZGV4LmRvY2tlci5pby92MS8iLCJhdXRoIjpudWxsLCJyZWdpc3RyeXRva2VuIjpudWxsLCJpZGVudGl0eXRva2VuIjpudWxsLCJzdGFja09yY2hlc3RyYXRvciI6bnVsbH0=
22:32:04.679 [main] DEBUG com.github.dockerjava.zerodep.shaded.org.apache.hc.client5.http.headers - http-outgoing-0 >> accept: application/json
22:32:04.679 [main] DEBUG com.github.dockerjava.zerodep.shaded.org.apache.hc.client5.http.headers - http-outgoing-0 >> content-type: application/json
22:32:04.679 [main] DEBUG com.github.dockerjava.zerodep.shaded.org.apache.hc.client5.http.headers - http-outgoing-0 >> x-tc-sid: 16aa0e70-aa9f-4e6d-8ef1-222f9dad214b
22:32:04.679 [main] DEBUG com.github.dockerjava.zerodep.shaded.org.apache.hc.client5.http.headers - http-outgoing-0 >> Accept-Encoding: gzip, x-gzip, deflate
22:32:04.679 [main] DEBUG com.github.dockerjava.zerodep.shaded.org.apache.hc.client5.http.headers - http-outgoing-0 >> Content-Length: 1884
22:32:04.679 [main] DEBUG com.github.dockerjava.zerodep.shaded.org.apache.hc.client5.http.headers - http-outgoing-0 >> Host: localhost:2375
22:32:04.679 [main] DEBUG com.github.dockerjava.zerodep.shaded.org.apache.hc.client5.http.headers - http-outgoing-0 >> Connection: keep-alive
22:32:04.679 [main] DEBUG com.github.dockerjava.zerodep.shaded.org.apache.hc.client5.http.headers - http-outgoing-0 >> User-Agent: Apache-HttpClient/5.0.3 (Java/17)
22:32:04.680 [main] DEBUG com.github.dockerjava.zerodep.shaded.org.apache.hc.client5.http.wire - http-outgoing-0 >> "POST /v1.32/containers/create?name=testcontainers-ryuk-16aa0e70-aa9f-4e6d-8ef1-222f9dad214b HTTP/1.1[\r][\n]"
22:32:04.680 [main] DEBUG com.github.dockerjava.zerodep.shaded.org.apache.hc.client5.http.wire - http-outgoing-0 >> "X-Registry-Auth: eyJ1c2VybmFtZSI6ImxvaWNiZW5vaXQiLCJwYXNzd29yZCI6IjY5MDA4JURpZWcqIiwiZW1haWwiOm51bGwsInNlcnZlcmFkZHJlc3MiOiJodHRwczovL2luZGV4LmRvY2tlci5pby92MS8iLCJhdXRoIjpudWxsLCJyZWdpc3RyeXRva2VuIjpudWxsLCJpZGVudGl0eXRva2VuIjpudWxsLCJzdGFja09yY2hlc3RyYXRvciI6bnVsbH0=[\r][\n]"
22:32:04.680 [main] DEBUG com.github.dockerjava.zerodep.shaded.org.apache.hc.client5.http.wire - http-outgoing-0 >> "accept: application/json[\r][\n]"
22:32:04.680 [main] DEBUG com.github.dockerjava.zerodep.shaded.org.apache.hc.client5.http.wire - http-outgoing-0 >> "content-type: application/json[\r][\n]"
22:32:04.680 [main] DEBUG com.github.dockerjava.zerodep.shaded.org.apache.hc.client5.http.wire - http-outgoing-0 >> "x-tc-sid: 16aa0e70-aa9f-4e6d-8ef1-222f9dad214b[\r][\n]"
22:32:04.680 [main] DEBUG com.github.dockerjava.zerodep.shaded.org.apache.hc.client5.http.wire - http-outgoing-0 >> "Accept-Encoding: gzip, x-gzip, deflate[\r][\n]"
22:32:04.680 [main] DEBUG com.github.dockerjava.zerodep.shaded.org.apache.hc.client5.http.wire - http-outgoing-0 >> "Content-Length: 1884[\r][\n]"
22:32:04.680 [main] DEBUG com.github.dockerjava.zerodep.shaded.org.apache.hc.client5.http.wire - http-outgoing-0 >> "Host: localhost:2375[\r][\n]"
22:32:04.681 [main] DEBUG com.github.dockerjava.zerodep.shaded.org.apache.hc.client5.http.wire - http-outgoing-0 >> "Connection: keep-alive[\r][\n]"
22:32:04.681 [main] DEBUG com.github.dockerjava.zerodep.shaded.org.apache.hc.client5.http.wire - http-outgoing-0 >> "User-Agent: Apache-HttpClient/5.0.3 (Java/17)[\r][\n]"
22:32:04.681 [main] DEBUG com.github.dockerjava.zerodep.shaded.org.apache.hc.client5.http.wire - http-outgoing-0 >> "[\r][\n]"
[...]
An attempt to await for a single node replica set initialization: 13
An attempt to await for a single node replica set initialization: 14
An attempt to await for a single node replica set initialization: 15
An attempt to await for a single node replica set initialization: 16
16

22:32:10.761 [main] DEBUG org.springframework.test.context.BootstrapUtils - Instantiating CacheAwareContextLoaderDelegate from class [org.springframework.test.context.cache.DefaultCacheAwareContextLoaderDelegate]
22:32:10.771 [main] DEBUG org.springframework.test.context.BootstrapUtils - Instantiating BootstrapContext using constructor [public org.springframework.test.context.support.DefaultBootstrapContext(java.lang.Class,org.springframework.test.context.CacheAwareContextLoaderDelegate)]
22:32:10.831 [main] DEBUG org.springframework.test.context.BootstrapUtils - Instantiating TestContextBootstrapper for test class [com.mediscreen.patienthistory.integrationTest.PatienthistoryApplicationTestsIT] from class [org.springframework.boot.test.context.SpringBootTestContextBootstrapper]
22:32:10.850 [main] INFO org.springframework.boot.test.context.SpringBootTestContextBootstrapper - Neither @ContextConfiguration nor @ContextHierarchy found for test class [com.mediscreen.patienthistory.integrationTest.PatienthistoryApplicationTestsIT], using SpringBootContextLoader
22:32:10.854 [main] DEBUG org.springframework.test.context.support.AbstractContextLoader - Did not detect default resource location for test class [com.mediscreen.patienthistory.integrationTest.PatienthistoryApplicationTestsIT]: class path resource [com/mediscreen/patienthistory/integrationTest/PatienthistoryApplicationTestsIT-context.xml] does not exist
22:32:10.854 [main] DEBUG org.springframework.test.context.support.AbstractContextLoader - Did not detect default resource location for test class [com.mediscreen.patienthistory.integrationTest.PatienthistoryApplicationTestsIT]: class path resource [com/mediscreen/patienthistory/integrationTest/PatienthistoryApplicationTestsITContext.groovy] does not exist
22:32:10.854 [main] INFO org.springframework.test.context.support.AbstractContextLoader - Could not detect default resource locations for test class [com.mediscreen.patienthistory.integrationTest.PatienthistoryApplicationTestsIT]: no resource found for suffixes {-context.xml, Context.groovy}.
22:32:11.071 [main] DEBUG org.springframework.boot.test.context.SpringBootTestContextBootstrapper - @TestExecutionListeners is not present for class [com.mediscreen.patienthistory.integrationTest.PatienthistoryApplicationTestsIT]: using defaults.
22:32:11.071 [main] INFO org.springframework.boot.test.context.SpringBootTestContextBootstrapper - Loaded default TestExecutionListener class names from location [META-INF/spring.factories]: [org.springframework.boot.test.mock.mockito.MockitoTestExecutionListener, org.springframework.boot.test.mock.mockito.ResetMocksTestExecutionListener, org.springframework.boot.test.autoconfigure.restdocs.RestDocsTestExecutionListener, org.springframework.boot.test.autoconfigure.web.client.MockRestServiceServerResetTestExecutionListener, org.springframework.boot.test.autoconfigure.web.servlet.MockMvcPrintOnlyOnFailureTestExecutionListener, org.springframework.boot.test.autoconfigure.web.servlet.WebDriverTestExecutionListener, org.springframework.boot.test.autoconfigure.webservices.client.MockWebServiceServerTestExecutionListener, org.springframework.test.context.web.ServletTestExecutionListener, org.springframework.test.context.support.DirtiesContextBeforeModesTestExecutionListener, org.springframework.test.context.event.ApplicationEventsTestExecutionListener, org.springframework.test.context.support.DependencyInjectionTestExecutionListener, org.springframework.test.context.support.DirtiesContextTestExecutionListener, org.springframework.test.context.transaction.TransactionalTestExecutionListener, org.springframework.test.context.jdbc.SqlScriptsTestExecutionListener, org.springframework.test.context.event.EventPublishingTestExecutionListener]
22:32:11.091 [main] INFO org.springframework.boot.test.context.SpringBootTestContextBootstrapper - Using TestExecutionListeners: [org.springframework.test.context.web.ServletTestExecutionListener@395197cb, org.springframework.test.context.support.DirtiesContextBeforeModesTestExecutionListener@7305cfb1, org.springframework.test.context.event.ApplicationEventsTestExecutionListener@582c1f8d, org.springframework.boot.test.mock.mockito.MockitoTestExecutionListener@71687d8f, org.springframework.boot.test.autoconfigure.SpringBootDependencyInjectionTestExecutionListener@443253a6, org.springframework.test.context.support.DirtiesContextTestExecutionListener@191774d6, org.springframework.test.context.transaction.TransactionalTestExecutionListener@21ffc00e, org.springframework.test.context.jdbc.SqlScriptsTestExecutionListener@134955bb, org.springframework.test.context.event.EventPublishingTestExecutionListener@45b08b17, org.springframework.boot.test.mock.mockito.ResetMocksTestExecutionListener@6723e6b3, org.springframework.boot.test.autoconfigure.restdocs.RestDocsTestExecutionListener@3883b5e9, org.springframework.boot.test.autoconfigure.web.client.MockRestServiceServerResetTestExecutionListener@61becbcf, org.springframework.boot.test.autoconfigure.web.servlet.MockMvcPrintOnlyOnFailureTestExecutionListener@20171cdc, org.springframework.boot.test.autoconfigure.web.servlet.WebDriverTestExecutionListener@58f97013, org.springframework.boot.test.autoconfigure.webservices.client.MockWebServiceServerTestExecutionListener@7d70ba18]
22:32:11.094 [main] DEBUG org.springframework.test.context.support.AbstractDirtiesContextTestExecutionListener - Before test class: context [DefaultTestContext@7b0525a8 testClass = PatienthistoryApplicationTestsIT, testInstance = [null], testMethod = [null], testException = [null], mergedContextConfiguration = [WebMergedContextConfiguration@4f2d8175 testClass = PatienthistoryApplicationTestsIT, locations = '{}', classes = '{class com.mediscreen.patienthistory.PatienthistoryApplication}', contextInitializerClasses = '[]', activeProfiles = '{test}', propertySourceLocations = '{}', propertySourceProperties = '{org.springframework.boot.test.context.SpringBootTestContextBootstrapper=true}', contextCustomizers = set[[ImportsContextCustomizer@44618fe6 key = [org.springframework.boot.test.autoconfigure.web.servlet.MockMvcAutoConfiguration, org.springframework.boot.test.autoconfigure.web.servlet.MockMvcWebClientAutoConfiguration, org.springframework.boot.test.autoconfigure.web.servlet.MockMvcWebDriverAutoConfiguration, org.springframework.boot.autoconfigure.security.oauth2.client.servlet.OAuth2ClientAutoConfiguration, org.springframework.boot.autoconfigure.security.oauth2.resource.servlet.OAuth2ResourceServerAutoConfiguration, org.springframework.boot.autoconfigure.security.servlet.SecurityAutoConfiguration, org.springframework.boot.autoconfigure.security.servlet.SecurityFilterAutoConfiguration, org.springframework.boot.autoconfigure.security.servlet.UserDetailsServiceAutoConfiguration, org.springframework.boot.test.autoconfigure.web.servlet.MockMvcSecurityConfiguration, org.springframework.boot.test.autoconfigure.web.reactive.WebTestClientAutoConfiguration]], org.springframework.boot.test.context.filter.ExcludeFilterContextCustomizer@f237ae7, org.springframework.boot.test.json.DuplicateJsonObjectContextCustomizerFactory$DuplicateJsonObjectContextCustomizer@66048ac4, org.springframework.boot.test.mock.mockito.MockitoContextCustomizer@0, org.springframework.boot.test.web.client.TestRestTemplateContextCustomizer@2c15034f, org.springframework.boot.test.autoconfigure.actuate.metrics.MetricsExportContextCustomizerFactory$DisableMetricExportContextCustomizer@5af40e45, org.springframework.boot.test.autoconfigure.properties.PropertyMappingContextCustomizer@4b3fa0b3, org.springframework.boot.test.autoconfigure.web.servlet.WebDriverContextCustomizerFactory$Customizer@72e75786, org.springframework.test.context.support.DynamicPropertiesContextCustomizer@4a5d8a9f, org.springframework.boot.test.context.SpringBootTestArgs@1, org.springframework.boot.test.context.SpringBootTestWebEnvironment@712625fd], resourceBasePath = 'src/main/webapp', contextLoader = 'org.springframework.boot.test.context.SpringBootContextLoader', parent = [null]], attributes = map['org.springframework.test.context.web.ServletTestExecutionListener.activateListener' -> true]], class annotated with @DirtiesContext [false] with mode [null].

  .   ____          _            __ _ _
 /\\ / ___'_ __ _ _(_)_ __  __ _ \ \ \ \
( ( )\___ | '_ | '_| | '_ \/ _` | \ \ \ \
 \\/  ___)| |_)| | | | | || (_| |  ) ) ) )
  '  |____| .__|_| |_|_| |_\__, | / / / /
 =========|_|==============|___/=/_/_/_/
 :: Spring Boot ::                (v2.7.0)

2022-07-08 22:32:11.448  INFO 7296 --- [           main] c.m.p.i.PatienthistoryApplicationTestsIT : Starting PatienthistoryApplicationTestsIT using Java 17 on loic with PID 7296 (started by loicb in /home/loicb/Formation/Projet/Projet9_loic_benoit/mediscreen/patienthistory)
2022-07-08 22:32:11.449 DEBUG 7296 --- [           main] c.m.p.i.PatienthistoryApplicationTestsIT : Running with Spring Boot v2.7.0, Spring v5.3.20
2022-07-08 22:32:11.449  INFO 7296 --- [           main] c.m.p.i.PatienthistoryApplicationTestsIT : The following 1 profile is active: "test"
2022-07-08 22:32:12.136  INFO 7296 --- [           main] .s.d.r.c.RepositoryConfigurationDelegate : Bootstrapping Spring Data MongoDB repositories in DEFAULT mode.
2022-07-08 22:32:12.179  INFO 7296 --- [           main] .s.d.r.c.RepositoryConfigurationDelegate : Finished Spring Data repository scanning in 38 ms. Found 1 MongoDB repository interfaces.
2022-07-08 22:32:13.127  INFO 7296 --- [           main] org.mongodb.driver.client                : MongoClient with metadata {"driver": {"name": "mongo-java-driver|sync", "version": "4.6.0"}, "os": {"type": "Linux", "name": "Linux", "architecture": "amd64", "version": "4.19.0-21-amd64"}, "platform": "Java/Oracle Corporation/17+35-LTS-2724"} created with settings MongoClientSettings{readPreference=primary, writeConcern=WriteConcern{w=null, wTimeout=null ms, journal=null}, retryWrites=true, retryReads=true, readConcern=ReadConcern{level=null}, credential=null, streamFactoryFactory=null, commandListeners=[], codecRegistry=ProvidersCodecRegistry{codecProviders=[ValueCodecProvider{}, BsonValueCodecProvider{}, DBRefCodecProvider{}, DBObjectCodecProvider{}, DocumentCodecProvider{}, IterableCodecProvider{}, MapCodecProvider{}, GeoJsonCodecProvider{}, GridFSFileCodecProvider{}, Jsr310CodecProvider{}, JsonObjectCodecProvider{}, BsonCodecProvider{}, EnumCodecProvider{}, com.mongodb.Jep395RecordCodecProvider@4c9bf90b]}, clusterSettings={hosts=[localhost:49182], srvServiceName=mongodb, mode=SINGLE, requiredClusterType=UNKNOWN, requiredReplicaSetName='null', serverSelector='null', clusterListeners='[]', serverSelectionTimeout='30000 ms', localThreshold='30000 ms'}, socketSettings=SocketSettings{connectTimeoutMS=10000, readTimeoutMS=0, receiveBufferSize=0, sendBufferSize=0}, heartbeatSocketSettings=SocketSettings{connectTimeoutMS=10000, readTimeoutMS=10000, receiveBufferSize=0, sendBufferSize=0}, connectionPoolSettings=ConnectionPoolSettings{maxSize=100, minSize=0, maxWaitTimeMS=120000, maxConnectionLifeTimeMS=0, maxConnectionIdleTimeMS=0, maintenanceInitialDelayMS=0, maintenanceFrequencyMS=60000, connectionPoolListeners=[], maxConnecting=2}, serverSettings=ServerSettings{heartbeatFrequencyMS=10000, minHeartbeatFrequencyMS=500, serverListeners='[]', serverMonitorListeners='[]'}, sslSettings=SslSettings{enabled=false, invalidHostNameAllowed=false, context=null}, applicationName='null', compressorList=[], uuidRepresentation=UNSPECIFIED, serverApi=null, autoEncryptionSettings=null, contextProvider=null}
2022-07-08 22:32:13.159  INFO 7296 --- [localhost:49182] org.mongodb.driver.connection            : Opened connection [connectionId{localValue:2, serverValue:3}] to localhost:49182
2022-07-08 22:32:13.159  INFO 7296 --- [localhost:49182] org.mongodb.driver.connection            : Opened connection [connectionId{localValue:1, serverValue:4}] to localhost:49182
2022-07-08 22:32:13.168  INFO 7296 --- [localhost:49182] org.mongodb.driver.cluster               : Monitor thread successfully connected to server with description ServerDescription{address=localhost:49182, type=REPLICA_SET_PRIMARY, state=CONNECTED, ok=true, minWireVersion=0, maxWireVersion=7, maxDocumentSize=16777216, logicalSessionTimeoutMinutes=30, roundTripTimeNanos=32907349, setName='docker-rs', canonicalAddress=d36f36090538:27017, hosts=[d36f36090538:27017], passives=[], arbiters=[], primary='d36f36090538:27017', tagSet=TagSet{[]}, electionId=7fffffff0000000000000001, setVersion=1, topologyVersion=null, lastWriteDate=Fri Jul 08 22:32:10 CEST 2022, lastUpdateTimeNanos=46585438540490}
2022-07-08 22:32:14.621  INFO 7296 --- [           main] o.s.b.t.m.w.SpringBootMockServletContext : Initializing Spring TestDispatcherServlet ''
2022-07-08 22:32:14.621  INFO 7296 --- [           main] o.s.t.web.servlet.TestDispatcherServlet  : Initializing Servlet ''
2022-07-08 22:32:14.629  INFO 7296 --- [           main] o.s.b.a.e.web.EndpointLinksResolver      : Exposing 1 endpoint(s) beneath base path '/actuator'
2022-07-08 22:32:14.645  INFO 7296 --- [           main] o.s.t.web.servlet.TestDispatcherServlet  : Completed initialization in 24 ms
2022-07-08 22:32:14.682  INFO 7296 --- [           main] c.m.p.i.PatienthistoryApplicationTestsIT : Started PatienthistoryApplicationTestsIT in 3.549 seconds (JVM running for 13.939)
2022-07-08 22:32:15.600  INFO 7296 --- [           main] org.mongodb.driver.connection            : Opened connection [connectionId{localValue:3, serverValue:5}] to localhost:49182
2022-07-08 22:32:15.621  INFO 7296 --- [           main] c.m.p.i.PatienthistoryApplicationTestsIT : Create collection history test
2022-07-08 22:32:15.652  INFO 7296 --- [           main] c.m.p.i.PatienthistoryApplicationTestsIT : Populate DB.
2022-07-08 22:32:15.878 TRACE 7296 --- [           main] c.m.p.c.i.PatientHistoryControllerImpl   : Create history for patient with id: 5
2022-07-08 22:32:15.916 TRACE 7296 --- [           main] c.m.p.s.impl.PatientHistoryServiceImpl   : Saving new history.
2022-07-08 22:32:15.991  INFO 7296 --- [           main] c.m.p.i.PatienthistoryApplicationTestsIT : Drop history test collection
]]></system-out>
  </testcase>
  <testcase name="updatePatientHistoryInvalid_ShouldThrowBadArgumentException" classname="com.mediscreen.patienthistory.integrationTest.PatienthistoryApplicationTestsIT" time="0.072">
    <system-out><![CDATA[2022-07-08 22:32:16.016  INFO 7296 --- [           main] c.m.p.i.PatienthistoryApplicationTestsIT : Create collection history test
2022-07-08 22:32:16.038  INFO 7296 --- [           main] c.m.p.i.PatienthistoryApplicationTestsIT : Populate DB.
2022-07-08 22:32:16.072  WARN 7296 --- [           main] c.m.p.c.i.PatientHistoryControllerImpl   : Error, invalid argument:[familyName]
2022-07-08 22:32:16.076  INFO 7296 --- [           main] c.m.p.i.PatienthistoryApplicationTestsIT : Drop history test collection
]]></system-out>
  </testcase>
  <testcase name="createPatientHistoryInvalid_ShouldThrowBadArgumentException" classname="com.mediscreen.patienthistory.integrationTest.PatienthistoryApplicationTestsIT" time="0.041">
    <system-out><![CDATA[2022-07-08 22:32:16.089  INFO 7296 --- [           main] c.m.p.i.PatienthistoryApplicationTestsIT : Create collection history test
2022-07-08 22:32:16.107  INFO 7296 --- [           main] c.m.p.i.PatienthistoryApplicationTestsIT : Populate DB.
2022-07-08 22:32:16.116  WARN 7296 --- [           main] c.m.p.c.i.PatientHistoryControllerImpl   : Error, invalid argument:[familyName]
2022-07-08 22:32:16.118  INFO 7296 --- [           main] c.m.p.i.PatienthistoryApplicationTestsIT : Drop history test collection
]]></system-out>
  </testcase>
  <testcase name="createPatientHistory_WhenHistoryAlreadyExist_ShouldThrowDataAlreadyExistException" classname="com.mediscreen.patienthistory.integrationTest.PatienthistoryApplicationTestsIT" time="0.047">
    <system-out><![CDATA[2022-07-08 22:32:16.131  INFO 7296 --- [           main] c.m.p.i.PatienthistoryApplicationTestsIT : Create collection history test
2022-07-08 22:32:16.149  INFO 7296 --- [           main] c.m.p.i.PatienthistoryApplicationTestsIT : Populate DB.
2022-07-08 22:32:16.161 TRACE 7296 --- [           main] c.m.p.c.i.PatientHistoryControllerImpl   : Create history for patient with id: 1
2022-07-08 22:32:16.166  WARN 7296 --- [           main] c.m.p.s.impl.PatientHistoryServiceImpl   : Error, History already exist for patient id=1
2022-07-08 22:32:16.169  INFO 7296 --- [           main] c.m.p.i.PatienthistoryApplicationTestsIT : Drop history test collection
]]></system-out>
  </testcase>
  <testcase name="updatePatientHistory" classname="com.mediscreen.patienthistory.integrationTest.PatienthistoryApplicationTestsIT" time="0.062">
    <system-out><![CDATA[2022-07-08 22:32:16.179  INFO 7296 --- [           main] c.m.p.i.PatienthistoryApplicationTestsIT : Create collection history test
2022-07-08 22:32:16.198  INFO 7296 --- [           main] c.m.p.i.PatienthistoryApplicationTestsIT : Populate DB.
2022-07-08 22:32:16.212 TRACE 7296 --- [           main] c.m.p.c.i.PatientHistoryControllerImpl   : Update history for patient with id: 10
2022-07-08 22:32:16.212 TRACE 7296 --- [           main] c.m.p.s.impl.PatientHistoryServiceImpl   : service, get patient history in db.
2022-07-08 22:32:16.215 TRACE 7296 --- [           main] c.m.p.s.impl.PatientHistoryServiceImpl   : updating givenName
2022-07-08 22:32:16.215  INFO 7296 --- [           main] c.m.p.s.impl.PatientHistoryServiceImpl   : Updating patient history with id=10
2022-07-08 22:32:16.231  INFO 7296 --- [           main] c.m.p.i.PatienthistoryApplicationTestsIT : Drop history test collection
]]></system-out>
  </testcase>
  <testcase name="updatePatientHistory_WhenHistoryDoesntExist_ShouldThrowDataNotFoundException" classname="com.mediscreen.patienthistory.integrationTest.PatienthistoryApplicationTestsIT" time="0.041">
    <system-out><![CDATA[2022-07-08 22:32:16.245  INFO 7296 --- [           main] c.m.p.i.PatienthistoryApplicationTestsIT : Create collection history test
2022-07-08 22:32:16.260  INFO 7296 --- [           main] c.m.p.i.PatienthistoryApplicationTestsIT : Populate DB.
2022-07-08 22:32:16.268 TRACE 7296 --- [           main] c.m.p.c.i.PatientHistoryControllerImpl   : Update history for patient with id: 15
2022-07-08 22:32:16.268 TRACE 7296 --- [           main] c.m.p.s.impl.PatientHistoryServiceImpl   : service, get patient history in db.
2022-07-08 22:32:16.272  WARN 7296 --- [           main] c.m.p.s.impl.PatientHistoryServiceImpl   : Error, patient with id= 15 doesn't exist.
2022-07-08 22:32:16.276  INFO 7296 --- [           main] c.m.p.i.PatienthistoryApplicationTestsIT : Drop history test collection
]]></system-out>
  </testcase>
  <testcase name="readPatientHistory" classname="com.mediscreen.patienthistory.integrationTest.PatienthistoryApplicationTestsIT" time="0.058">
    <system-out><![CDATA[2022-07-08 22:32:16.287  INFO 7296 --- [           main] c.m.p.i.PatienthistoryApplicationTestsIT : Create collection history test
2022-07-08 22:32:16.301  INFO 7296 --- [           main] c.m.p.i.PatienthistoryApplicationTestsIT : Populate DB.
2022-07-08 22:32:16.321 TRACE 7296 --- [           main] c.m.p.c.i.PatientHistoryControllerImpl   : Getting history for patient: givenName1 - familyName1.
2022-07-08 22:32:16.321 TRACE 7296 --- [           main] c.m.p.s.impl.PatientHistoryServiceImpl   : service, get patient history in db.
2022-07-08 22:32:16.334  INFO 7296 --- [           main] c.m.p.i.PatienthistoryApplicationTestsIT : Drop history test collection
]]></system-out>
  </testcase>
</testsuite>