GROUP,PACKAGE,CLASS,INSTRUCTION_MISSED,INSTRUCTION_COVERED,BRANCH_MISSED,BRANCH_COVERED,LINE_MISSED,LINE_COVERED,COMPLEXITY_MISSED,COMPLEXITY_COVERED,METHOD_MISSED,METHOD_COVERED
patienthistory,com.mediscreen.patienthistory.config,BeanConfig,0,14,0,0,0,4,0,2,0,2
patienthistory,com.mediscreen.patienthistory.config,MongoConfig,0,23,0,0,0,6,0,4,0,4
patienthistory,com.mediscreen.patienthistory.controller.impl,PatientHistoryControllerImpl,22,160,3,11,5,35,3,11,1,6
patienthistory,com.mediscreen.patienthistory.exception,DataAlreadyExistException,0,4,0,0,0,2,0,1,0,1
patienthistory,com.mediscreen.patienthistory.exception,BadArgumentException,0,4,0,0,0,2,0,1,0,1
patienthistory,com.mediscreen.patienthistory.exception,DataNotFoundException,0,4,0,0,0,2,0,1,0,1
patienthistory,com.mediscreen.patienthistory,PatienthistoryApplication,5,3,0,0,2,1,1,1,1,1
patienthistory,com.mediscreen.patienthistory.service.impl,PatientHistoryServiceImpl,36,334,7,29,10,78,7,18,1,6
