<?xml version="1.0" encoding="UTF-8"?>
<testsuite xmlns:xsi="http://www.w3.org/2001/XMLSchema-instance" xsi:noNamespaceSchemaLocation="https://maven.apache.org/surefire/maven-failsafe-plugin/xsd/failsafe-test-report-3.0.xsd" version="3.0" name="com.mediscreen.patienthistory.integrationTest.PatienthistoryApplicationTestsIT" time="5.334" tests="7" errors="0" skipped="0" failures="0">
  <properties>
[...]
</properties>
  <testcase name="createPatientHistoryValid" classname="com.mediscreen.patienthistory.integrationTest.PatienthistoryApplicationTestsIT" time="0.937">
    <system-out><![CDATA[15:56:08.856 [main] DEBUG org.springframework.test.context.BootstrapUtils - Instantiating CacheAwareContextLoaderDelegate from class [org.springframework.test.context.cache.DefaultCacheAwareContextLoaderDelegate]
15:56:08.870 [main] DEBUG org.springframework.test.context.BootstrapUtils - Instantiating BootstrapContext using constructor [public org.springframework.test.context.support.DefaultBootstrapContext(java.lang.Class,org.springframework.test.context.CacheAwareContextLoaderDelegate)]
15:56:08.932 [main] DEBUG org.springframework.test.context.BootstrapUtils - Instantiating TestContextBootstrapper for test class [com.mediscreen.patienthistory.integrationTest.PatienthistoryApplicationTestsIT] from class [org.springframework.boot.test.context.SpringBootTestContextBootstrapper]
15:56:08.955 [main] INFO org.springframework.boot.test.context.SpringBootTestContextBootstrapper - Neither @ContextConfiguration nor @ContextHierarchy found for test class [com.mediscreen.patienthistory.integrationTest.PatienthistoryApplicationTestsIT], using SpringBootContextLoader
15:56:08.961 [main] DEBUG org.springframework.test.context.support.AbstractContextLoader - Did not detect default resource location for test class [com.mediscreen.patienthistory.integrationTest.PatienthistoryApplicationTestsIT]: class path resource [com/mediscreen/patienthistory/integrationTest/PatienthistoryApplicationTestsIT-context.xml] does not exist
15:56:08.962 [main] DEBUG org.springframework.test.context.support.AbstractContextLoader - Did not detect default resource location for test class [com.mediscreen.patienthistory.integrationTest.PatienthistoryApplicationTestsIT]: class path resource [com/mediscreen/patienthistory/integrationTest/PatienthistoryApplicationTestsITContext.groovy] does not exist
15:56:08.962 [main] INFO org.springframework.test.context.support.AbstractContextLoader - Could not detect default resource locations for test class [com.mediscreen.patienthistory.integrationTest.PatienthistoryApplicationTestsIT]: no resource found for suffixes {-context.xml, Context.groovy}.
15:56:09.181 [main] DEBUG org.springframework.boot.test.context.SpringBootTestContextBootstrapper - @TestExecutionListeners is not present for class [com.mediscreen.patienthistory.integrationTest.PatienthistoryApplicationTestsIT]: using defaults.
15:56:09.181 [main] INFO org.springframework.boot.test.context.SpringBootTestContextBootstrapper - Loaded default TestExecutionListener class names from location [META-INF/spring.factories]: [org.springframework.boot.test.mock.mockito.MockitoTestExecutionListener, org.springframework.boot.test.mock.mockito.ResetMocksTestExecutionListener, org.springframework.boot.test.autoconfigure.restdocs.RestDocsTestExecutionListener, org.springframework.boot.test.autoconfigure.web.client.MockRestServiceServerResetTestExecutionListener, org.springframework.boot.test.autoconfigure.web.servlet.MockMvcPrintOnlyOnFailureTestExecutionListener, org.springframework.boot.test.autoconfigure.web.servlet.WebDriverTestExecutionListener, org.springframework.boot.test.autoconfigure.webservices.client.MockWebServiceServerTestExecutionListener, org.springframework.test.context.web.ServletTestExecutionListener, org.springframework.test.context.support.DirtiesContextBeforeModesTestExecutionListener, org.springframework.test.context.event.ApplicationEventsTestExecutionListener, org.springframework.test.context.support.DependencyInjectionTestExecutionListener, org.springframework.test.context.support.DirtiesContextTestExecutionListener, org.springframework.test.context.transaction.TransactionalTestExecutionListener, org.springframework.test.context.jdbc.SqlScriptsTestExecutionListener, org.springframework.test.context.event.EventPublishingTestExecutionListener]
15:56:09.204 [main] INFO org.springframework.boot.test.context.SpringBootTestContextBootstrapper - Using TestExecutionListeners: [org.springframework.test.context.web.ServletTestExecutionListener@f096f37, org.springframework.test.context.support.DirtiesContextBeforeModesTestExecutionListener@3effd4f3, org.springframework.test.context.event.ApplicationEventsTestExecutionListener@41f4fe5, org.springframework.boot.test.mock.mockito.MockitoTestExecutionListener@15f8701f, org.springframework.boot.test.autoconfigure.SpringBootDependencyInjectionTestExecutionListener@514cd540, org.springframework.test.context.support.DirtiesContextTestExecutionListener@11d4dbd6, org.springframework.test.context.transaction.TransactionalTestExecutionListener@6f4ade6e, org.springframework.test.context.jdbc.SqlScriptsTestExecutionListener@39e43310, org.springframework.test.context.event.EventPublishingTestExecutionListener@eb507b9, org.springframework.boot.test.mock.mockito.ResetMocksTestExecutionListener@390877d2, org.springframework.boot.test.autoconfigure.restdocs.RestDocsTestExecutionListener@86733, org.springframework.boot.test.autoconfigure.web.client.MockRestServiceServerResetTestExecutionListener@186cb891, org.springframework.boot.test.autoconfigure.web.servlet.MockMvcPrintOnlyOnFailureTestExecutionListener@3ec2ecea, org.springframework.boot.test.autoconfigure.web.servlet.WebDriverTestExecutionListener@440eaa07, org.springframework.boot.test.autoconfigure.webservices.client.MockWebServiceServerTestExecutionListener@7fc7c4a]
15:56:09.208 [main] DEBUG org.springframework.test.context.support.AbstractDirtiesContextTestExecutionListener - Before test class: context [DefaultTestContext@7bebcd65 testClass = PatienthistoryApplicationTestsIT, testInstance = [null], testMethod = [null], testException = [null], mergedContextConfiguration = [WebMergedContextConfiguration@47447ccf testClass = PatienthistoryApplicationTestsIT, locations = '{}', classes = '{class com.mediscreen.patienthistory.PatienthistoryApplication}', contextInitializerClasses = '[]', activeProfiles = '{test}', propertySourceLocations = '{}', propertySourceProperties = '{org.springframework.boot.test.context.SpringBootTestContextBootstrapper=true}', contextCustomizers = set[[ImportsContextCustomizer@7afb1741 key = [org.springframework.boot.test.autoconfigure.web.servlet.MockMvcAutoConfiguration, org.springframework.boot.test.autoconfigure.web.servlet.MockMvcWebClientAutoConfiguration, org.springframework.boot.test.autoconfigure.web.servlet.MockMvcWebDriverAutoConfiguration, org.springframework.boot.autoconfigure.security.oauth2.client.servlet.OAuth2ClientAutoConfiguration, org.springframework.boot.autoconfigure.security.oauth2.resource.servlet.OAuth2ResourceServerAutoConfiguration, org.springframework.boot.autoconfigure.security.servlet.SecurityAutoConfiguration, org.springframework.boot.autoconfigure.security.servlet.SecurityFilterAutoConfiguration, org.springframework.boot.autoconfigure.security.servlet.UserDetailsServiceAutoConfiguration, org.springframework.boot.test.autoconfigure.web.servlet.MockMvcSecurityConfiguration, org.springframework.boot.test.autoconfigure.web.reactive.WebTestClientAutoConfiguration]], org.springframework.boot.test.context.filter.ExcludeFilterContextCustomizer@1adb7478, org.springframework.boot.test.json.DuplicateJsonObjectContextCustomizerFactory$DuplicateJsonObjectContextCustomizer@1fd386c3, org.springframework.boot.test.mock.mockito.MockitoContextCustomizer@0, org.springframework.boot.test.web.client.TestRestTemplateContextCustomizer@4b61d0c6, org.springframework.boot.test.autoconfigure.actuate.metrics.MetricsExportContextCustomizerFactory$DisableMetricExportContextCustomizer@6e4ea0bd, org.springframework.boot.test.autoconfigure.properties.PropertyMappingContextCustomizer@4b3fa0b3, org.springframework.boot.test.autoconfigure.web.servlet.WebDriverContextCustomizerFactory$Customizer@5f8890c2, org.springframework.boot.test.context.SpringBootTestArgs@1, org.springframework.boot.test.context.SpringBootTestWebEnvironment@63376bed], resourceBasePath = 'src/main/webapp', contextLoader = 'org.springframework.boot.test.context.SpringBootContextLoader', parent = [null]], attributes = map['org.springframework.test.context.web.ServletTestExecutionListener.activateListener' -> true]], class annotated with @DirtiesContext [false] with mode [null].

  .   ____          _            __ _ _
 /\\ / ___'_ __ _ _(_)_ __  __ _ \ \ \ \
( ( )\___ | '_ | '_| | '_ \/ _` | \ \ \ \
 \\/  ___)| |_)| | | | | || (_| |  ) ) ) )
  '  |____| .__|_| |_|_| |_\__, | / / / /
 =========|_|==============|___/=/_/_/_/
 :: Spring Boot ::                (v2.7.0)

2022-07-07 15:56:09.723  INFO 2086 --- [           main] c.m.p.i.PatienthistoryApplicationTestsIT : Starting PatienthistoryApplicationTestsIT using Java 17 on loic with PID 2086 (started by loicb in /home/loicb/Formation/Projet/Projet9_loic_benoit/mediscreen/patienthistory)
2022-07-07 15:56:09.725 DEBUG 2086 --- [           main] c.m.p.i.PatienthistoryApplicationTestsIT : Running with Spring Boot v2.7.0, Spring v5.3.20
2022-07-07 15:56:09.725  INFO 2086 --- [           main] c.m.p.i.PatienthistoryApplicationTestsIT : The following 1 profile is active: "test"
2022-07-07 15:56:10.416  INFO 2086 --- [           main] .s.d.r.c.RepositoryConfigurationDelegate : Bootstrapping Spring Data MongoDB repositories in DEFAULT mode.
2022-07-07 15:56:10.471  INFO 2086 --- [           main] .s.d.r.c.RepositoryConfigurationDelegate : Finished Spring Data repository scanning in 49 ms. Found 1 MongoDB repository interfaces.
2022-07-07 15:56:11.265  INFO 2086 --- [           main] org.mongodb.driver.client                : MongoClient with metadata {"driver": {"name": "mongo-java-driver|sync", "version": "4.6.0"}, "os": {"type": "Linux", "name": "Linux", "architecture": "amd64", "version": "4.19.0-21-amd64"}, "platform": "Java/Oracle Corporation/17+35-LTS-2724"} created with settings MongoClientSettings{readPreference=primary, writeConcern=WriteConcern{w=null, wTimeout=null ms, journal=null}, retryWrites=true, retryReads=true, readConcern=ReadConcern{level=null}, credential=null, streamFactoryFactory=null, commandListeners=[], codecRegistry=ProvidersCodecRegistry{codecProviders=[ValueCodecProvider{}, BsonValueCodecProvider{}, DBRefCodecProvider{}, DBObjectCodecProvider{}, DocumentCodecProvider{}, IterableCodecProvider{}, MapCodecProvider{}, GeoJsonCodecProvider{}, GridFSFileCodecProvider{}, Jsr310CodecProvider{}, JsonObjectCodecProvider{}, BsonCodecProvider{}, EnumCodecProvider{}, com.mongodb.Jep395RecordCodecProvider@7ff40324]}, clusterSettings={hosts=[localhost:27017], srvServiceName=mongodb, mode=SINGLE, requiredClusterType=UNKNOWN, requiredReplicaSetName='null', serverSelector='null', clusterListeners='[]', serverSelectionTimeout='30000 ms', localThreshold='30000 ms'}, socketSettings=SocketSettings{connectTimeoutMS=10000, readTimeoutMS=0, receiveBufferSize=0, sendBufferSize=0}, heartbeatSocketSettings=SocketSettings{connectTimeoutMS=10000, readTimeoutMS=10000, receiveBufferSize=0, sendBufferSize=0}, connectionPoolSettings=ConnectionPoolSettings{maxSize=100, minSize=0, maxWaitTimeMS=120000, maxConnectionLifeTimeMS=0, maxConnectionIdleTimeMS=0, maintenanceInitialDelayMS=0, maintenanceFrequencyMS=60000, connectionPoolListeners=[], maxConnecting=2}, serverSettings=ServerSettings{heartbeatFrequencyMS=10000, minHeartbeatFrequencyMS=500, serverListeners='[]', serverMonitorListeners='[]'}, sslSettings=SslSettings{enabled=false, invalidHostNameAllowed=false, context=null}, applicationName='null', compressorList=[], uuidRepresentation=UNSPECIFIED, serverApi=null, autoEncryptionSettings=null, contextProvider=null}
2022-07-07 15:56:11.304  INFO 2086 --- [localhost:27017] org.mongodb.driver.connection            : Opened connection [connectionId{localValue:1, serverValue:388}] to localhost:27017
2022-07-07 15:56:11.304  INFO 2086 --- [localhost:27017] org.mongodb.driver.connection            : Opened connection [connectionId{localValue:2, serverValue:387}] to localhost:27017
2022-07-07 15:56:11.304  INFO 2086 --- [localhost:27017] org.mongodb.driver.cluster               : Monitor thread successfully connected to server with description ServerDescription{address=localhost:27017, type=STANDALONE, state=CONNECTED, ok=true, minWireVersion=0, maxWireVersion=13, maxDocumentSize=16777216, logicalSessionTimeoutMinutes=30, roundTripTimeNanos=37579954}
2022-07-07 15:56:12.711  INFO 2086 --- [           main] o.s.b.t.m.w.SpringBootMockServletContext : Initializing Spring TestDispatcherServlet ''
2022-07-07 15:56:12.711  INFO 2086 --- [           main] o.s.t.web.servlet.TestDispatcherServlet  : Initializing Servlet ''
2022-07-07 15:56:12.719  INFO 2086 --- [           main] o.s.b.a.e.web.EndpointLinksResolver      : Exposing 1 endpoint(s) beneath base path '/actuator'
2022-07-07 15:56:12.734  INFO 2086 --- [           main] o.s.t.web.servlet.TestDispatcherServlet  : Completed initialization in 23 ms
2022-07-07 15:56:12.765  INFO 2086 --- [           main] c.m.p.i.PatienthistoryApplicationTestsIT : Started PatienthistoryApplicationTestsIT in 3.504 seconds (JVM running for 4.82)
2022-07-07 15:56:13.319  INFO 2086 --- [           main] org.mongodb.driver.connection            : Opened connection [connectionId{localValue:3, serverValue:389}] to localhost:27017
2022-07-07 15:56:13.337  INFO 2086 --- [           main] c.m.p.i.PatienthistoryApplicationTestsIT : Create collection history test
2022-07-07 15:56:13.370  INFO 2086 --- [           main] c.m.p.i.PatienthistoryApplicationTestsIT : Populate DB.
2022-07-07 15:56:13.673 TRACE 2086 --- [           main] c.m.p.c.i.PatientHistoryControllerImpl   : Create history for patient with id: 5
2022-07-07 15:56:13.711 TRACE 2086 --- [           main] c.m.p.s.impl.PatientHistoryServiceImpl   : Saving new history.
2022-07-07 15:56:13.760  INFO 2086 --- [           main] c.m.p.i.PatienthistoryApplicationTestsIT : Drop history test collection
]]></system-out>
  </testcase>
  <testcase name="updatePatientHistoryInvalid_ShouldThrowBadArgumentException" classname="com.mediscreen.patienthistory.integrationTest.PatienthistoryApplicationTestsIT" time="0.063">
    <system-out><![CDATA[2022-07-07 15:56:13.776  INFO 2086 --- [           main] c.m.p.i.PatienthistoryApplicationTestsIT : Create collection history test
2022-07-07 15:56:13.790  INFO 2086 --- [           main] c.m.p.i.PatienthistoryApplicationTestsIT : Populate DB.
2022-07-07 15:56:13.825  WARN 2086 --- [           main] c.m.p.c.i.PatientHistoryControllerImpl   : Error, invalid argument:[familyName]
2022-07-07 15:56:13.830  INFO 2086 --- [           main] c.m.p.i.PatienthistoryApplicationTestsIT : Drop history test collection
]]></system-out>
  </testcase>
  <testcase name="createPatientHistoryInvalid_ShouldThrowBadArgumentException" classname="com.mediscreen.patienthistory.integrationTest.PatienthistoryApplicationTestsIT" time="0.035">
    <system-out><![CDATA[2022-07-07 15:56:13.839  INFO 2086 --- [           main] c.m.p.i.PatienthistoryApplicationTestsIT : Create collection history test
2022-07-07 15:56:13.854  INFO 2086 --- [           main] c.m.p.i.PatienthistoryApplicationTestsIT : Populate DB.
2022-07-07 15:56:13.863  WARN 2086 --- [           main] c.m.p.c.i.PatientHistoryControllerImpl   : Error, invalid argument:[familyName]
2022-07-07 15:56:13.866  INFO 2086 --- [           main] c.m.p.i.PatienthistoryApplicationTestsIT : Drop history test collection
]]></system-out>
  </testcase>
  <testcase name="createPatientHistory_WhenHistoryAlreadyExist_ShouldThrowDataAlreadyExistException" classname="com.mediscreen.patienthistory.integrationTest.PatienthistoryApplicationTestsIT" time="0.038">
    <system-out><![CDATA[2022-07-07 15:56:13.878  INFO 2086 --- [           main] c.m.p.i.PatienthistoryApplicationTestsIT : Create collection history test
2022-07-07 15:56:13.893  INFO 2086 --- [           main] c.m.p.i.PatienthistoryApplicationTestsIT : Populate DB.
2022-07-07 15:56:13.902 TRACE 2086 --- [           main] c.m.p.c.i.PatientHistoryControllerImpl   : Create history for patient with id: 1
2022-07-07 15:56:13.906  WARN 2086 --- [           main] c.m.p.s.impl.PatientHistoryServiceImpl   : Error, History already exist for patient id=1
2022-07-07 15:56:13.908  INFO 2086 --- [           main] c.m.p.i.PatienthistoryApplicationTestsIT : Drop history test collection
]]></system-out>
  </testcase>
  <testcase name="updatePatientHistory" classname="com.mediscreen.patienthistory.integrationTest.PatienthistoryApplicationTestsIT" time="0.057">
    <system-out><![CDATA[2022-07-07 15:56:13.915  INFO 2086 --- [           main] c.m.p.i.PatienthistoryApplicationTestsIT : Create collection history test
2022-07-07 15:56:13.930  INFO 2086 --- [           main] c.m.p.i.PatienthistoryApplicationTestsIT : Populate DB.
2022-07-07 15:56:13.942 TRACE 2086 --- [           main] c.m.p.c.i.PatientHistoryControllerImpl   : Update history for patient with id: 10
2022-07-07 15:56:13.946 TRACE 2086 --- [           main] c.m.p.s.impl.PatientHistoryServiceImpl   : updating text note.
2022-07-07 15:56:13.947  INFO 2086 --- [           main] c.m.p.s.impl.PatientHistoryServiceImpl   : Updating 1 fields for patient history with id=10
2022-07-07 15:56:13.965  INFO 2086 --- [           main] c.m.p.i.PatienthistoryApplicationTestsIT : Drop history test collection
]]></system-out>
  </testcase>
  <testcase name="updatePatientHistory_WhenHistoryDoesntExist_ShouldThrowDataNotFoundException" classname="com.mediscreen.patienthistory.integrationTest.PatienthistoryApplicationTestsIT" time="0.036">
    <system-out><![CDATA[2022-07-07 15:56:13.974  INFO 2086 --- [           main] c.m.p.i.PatienthistoryApplicationTestsIT : Create collection history test
2022-07-07 15:56:13.988  INFO 2086 --- [           main] c.m.p.i.PatienthistoryApplicationTestsIT : Populate DB.
2022-07-07 15:56:13.996 TRACE 2086 --- [           main] c.m.p.c.i.PatientHistoryControllerImpl   : Update history for patient with id: 15
2022-07-07 15:56:14.000  WARN 2086 --- [           main] c.m.p.s.impl.PatientHistoryServiceImpl   : Error, can't find patient history for id: 15
2022-07-07 15:56:14.003  INFO 2086 --- [           main] c.m.p.i.PatienthistoryApplicationTestsIT : Drop history test collection
]]></system-out>
  </testcase>
  <testcase name="readPatientHistory" classname="com.mediscreen.patienthistory.integrationTest.PatienthistoryApplicationTestsIT" time="0.052">
    <system-out><![CDATA[2022-07-07 15:56:14.011  INFO 2086 --- [           main] c.m.p.i.PatienthistoryApplicationTestsIT : Create collection history test
2022-07-07 15:56:14.027  INFO 2086 --- [           main] c.m.p.i.PatienthistoryApplicationTestsIT : Populate DB.
2022-07-07 15:56:14.045 TRACE 2086 --- [           main] c.m.p.c.i.PatientHistoryControllerImpl   : Getting history for patient: givenName1 - familyName1.
2022-07-07 15:56:14.045 TRACE 2086 --- [           main] c.m.p.s.impl.PatientHistoryServiceImpl   : service, get patient history in db.
2022-07-07 15:56:14.057  INFO 2086 --- [           main] c.m.p.i.PatienthistoryApplicationTestsIT : Drop history test collection
]]></system-out>
  </testcase>
</testsuite>