<?xml version="1.0" encoding="UTF-8"?>
<testsuite xmlns:xsi="http://www.w3.org/2001/XMLSchema-instance" xsi:noNamespaceSchemaLocation="https://maven.apache.org/surefire/maven-failsafe-plugin/xsd/failsafe-test-report-3.0.xsd" version="3.0" name="com.mediscreen.patientassessment.integrationTest.PatientAssessmentIT" time="7.925" tests="9" errors="0" skipped="0" failures="0">
  <properties>
[...]
</properties>
  <testcase name="getAssessWithId_WhenPatientDoesntExist_ShouldThrowDataNotFoundException" classname="com.mediscreen.patientassessment.integrationTest.PatientAssessmentIT" time="0.182">
    <system-out><![CDATA[22:31:59.131 [main] DEBUG org.springframework.test.context.BootstrapUtils - Instantiating CacheAwareContextLoaderDelegate from class [org.springframework.test.context.cache.DefaultCacheAwareContextLoaderDelegate]
22:31:59.162 [main] DEBUG org.springframework.test.context.BootstrapUtils - Instantiating BootstrapContext using constructor [public org.springframework.test.context.support.DefaultBootstrapContext(java.lang.Class,org.springframework.test.context.CacheAwareContextLoaderDelegate)]
22:31:59.291 [main] DEBUG org.springframework.test.context.BootstrapUtils - Instantiating TestContextBootstrapper for test class [com.mediscreen.patientassessment.integrationTest.PatientAssessmentIT] from class [org.springframework.boot.test.context.SpringBootTestContextBootstrapper]
22:31:59.311 [main] INFO org.springframework.boot.test.context.SpringBootTestContextBootstrapper - Neither @ContextConfiguration nor @ContextHierarchy found for test class [com.mediscreen.patientassessment.integrationTest.PatientAssessmentIT], using SpringBootContextLoader
22:31:59.320 [main] DEBUG org.springframework.test.context.support.AbstractContextLoader - Did not detect default resource location for test class [com.mediscreen.patientassessment.integrationTest.PatientAssessmentIT]: class path resource [com/mediscreen/patientassessment/integrationTest/PatientAssessmentIT-context.xml] does not exist
22:31:59.321 [main] DEBUG org.springframework.test.context.support.AbstractContextLoader - Did not detect default resource location for test class [com.mediscreen.patientassessment.integrationTest.PatientAssessmentIT]: class path resource [com/mediscreen/patientassessment/integrationTest/PatientAssessmentITContext.groovy] does not exist
22:31:59.321 [main] INFO org.springframework.test.context.support.AbstractContextLoader - Could not detect default resource locations for test class [com.mediscreen.patientassessment.integrationTest.PatientAssessmentIT]: no resource found for suffixes {-context.xml, Context.groovy}.
22:31:59.322 [main] INFO org.springframework.test.context.support.AnnotationConfigContextLoaderUtils - Could not detect default configuration classes for test class [com.mediscreen.patientassessment.integrationTest.PatientAssessmentIT]: PatientAssessmentIT does not declare any static, non-private, non-final, nested classes annotated with @Configuration.
22:31:59.490 [main] DEBUG org.springframework.test.context.support.ActiveProfilesUtils - Could not find an 'annotation declaring class' for annotation type [org.springframework.test.context.ActiveProfiles] and class [com.mediscreen.patientassessment.integrationTest.PatientAssessmentIT]
22:31:59.639 [main] DEBUG org.springframework.context.annotation.ClassPathScanningCandidateComponentProvider - Identified candidate component class: file [/home/loicb/Formation/Projet/Projet9_loic_benoit/mediscreen/patientassessment/target/classes/com/mediscreen/patientassessment/PatientassessmentApplication.class]
22:31:59.641 [main] INFO org.springframework.boot.test.context.SpringBootTestContextBootstrapper - Found @SpringBootConfiguration com.mediscreen.patientassessment.PatientassessmentApplication for test class com.mediscreen.patientassessment.integrationTest.PatientAssessmentIT
22:31:59.919 [main] DEBUG org.springframework.boot.test.context.SpringBootTestContextBootstrapper - @TestExecutionListeners is not present for class [com.mediscreen.patientassessment.integrationTest.PatientAssessmentIT]: using defaults.
22:31:59.920 [main] INFO org.springframework.boot.test.context.SpringBootTestContextBootstrapper - Loaded default TestExecutionListener class names from location [META-INF/spring.factories]: [org.springframework.boot.test.mock.mockito.MockitoTestExecutionListener, org.springframework.boot.test.mock.mockito.ResetMocksTestExecutionListener, org.springframework.boot.test.autoconfigure.restdocs.RestDocsTestExecutionListener, org.springframework.boot.test.autoconfigure.web.client.MockRestServiceServerResetTestExecutionListener, org.springframework.boot.test.autoconfigure.web.servlet.MockMvcPrintOnlyOnFailureTestExecutionListener, org.springframework.boot.test.autoconfigure.web.servlet.WebDriverTestExecutionListener, org.springframework.boot.test.autoconfigure.webservices.client.MockWebServiceServerTestExecutionListener, org.springframework.test.context.web.ServletTestExecutionListener, org.springframework.test.context.support.DirtiesContextBeforeModesTestExecutionListener, org.springframework.test.context.event.ApplicationEventsTestExecutionListener, org.springframework.test.context.support.DependencyInjectionTestExecutionListener, org.springframework.test.context.support.DirtiesContextTestExecutionListener, org.springframework.test.context.transaction.TransactionalTestExecutionListener, org.springframework.test.context.jdbc.SqlScriptsTestExecutionListener, org.springframework.test.context.event.EventPublishingTestExecutionListener]
22:31:59.973 [main] INFO org.springframework.boot.test.context.SpringBootTestContextBootstrapper - Using TestExecutionListeners: [org.springframework.test.context.web.ServletTestExecutionListener@1702830d, org.springframework.test.context.support.DirtiesContextBeforeModesTestExecutionListener@6a937336, org.springframework.test.context.event.ApplicationEventsTestExecutionListener@278667fd, org.springframework.boot.test.mock.mockito.MockitoTestExecutionListener@684b31de, org.springframework.boot.test.autoconfigure.SpringBootDependencyInjectionTestExecutionListener@6b52dd31, org.springframework.test.context.support.DirtiesContextTestExecutionListener@1a2909ae, org.springframework.test.context.transaction.TransactionalTestExecutionListener@e042c99, org.springframework.test.context.jdbc.SqlScriptsTestExecutionListener@3f702946, org.springframework.test.context.event.EventPublishingTestExecutionListener@42b6d0cc, org.springframework.boot.test.mock.mockito.ResetMocksTestExecutionListener@1000d54d, org.springframework.boot.test.autoconfigure.restdocs.RestDocsTestExecutionListener@3f4f5330, org.springframework.boot.test.autoconfigure.web.client.MockRestServiceServerResetTestExecutionListener@14b7786, org.springframework.boot.test.autoconfigure.web.servlet.MockMvcPrintOnlyOnFailureTestExecutionListener@750ff7d3, org.springframework.boot.test.autoconfigure.web.servlet.WebDriverTestExecutionListener@63b3ee82, org.springframework.boot.test.autoconfigure.webservices.client.MockWebServiceServerTestExecutionListener@2620e717]
22:31:59.980 [main] DEBUG org.springframework.test.context.support.AbstractDirtiesContextTestExecutionListener - Before test class: context [DefaultTestContext@64fe9da7 testClass = PatientAssessmentIT, testInstance = [null], testMethod = [null], testException = [null], mergedContextConfiguration = [WebMergedContextConfiguration@70cccd8f testClass = PatientAssessmentIT, locations = '{}', classes = '{class com.mediscreen.patientassessment.PatientassessmentApplication}', contextInitializerClasses = '[]', activeProfiles = '{}', propertySourceLocations = '{}', propertySourceProperties = '{org.springframework.boot.test.context.SpringBootTestContextBootstrapper=true}', contextCustomizers = set[[ImportsContextCustomizer@5f172d4a key = [org.springframework.boot.test.autoconfigure.web.servlet.MockMvcAutoConfiguration, org.springframework.boot.test.autoconfigure.web.servlet.MockMvcWebClientAutoConfiguration, org.springframework.boot.test.autoconfigure.web.servlet.MockMvcWebDriverAutoConfiguration, org.springframework.boot.autoconfigure.security.oauth2.client.servlet.OAuth2ClientAutoConfiguration, org.springframework.boot.autoconfigure.security.oauth2.resource.servlet.OAuth2ResourceServerAutoConfiguration, org.springframework.boot.autoconfigure.security.servlet.SecurityAutoConfiguration, org.springframework.boot.autoconfigure.security.servlet.SecurityFilterAutoConfiguration, org.springframework.boot.autoconfigure.security.servlet.UserDetailsServiceAutoConfiguration, org.springframework.boot.test.autoconfigure.web.servlet.MockMvcSecurityConfiguration, org.springframework.boot.test.autoconfigure.web.reactive.WebTestClientAutoConfiguration]], org.springframework.boot.test.context.filter.ExcludeFilterContextCustomizer@46b695ec, org.springframework.boot.test.json.DuplicateJsonObjectContextCustomizerFactory$DuplicateJsonObjectContextCustomizer@6826c41e, org.springframework.boot.test.mock.mockito.MockitoContextCustomizer@7a6fda54, org.springframework.boot.test.web.client.TestRestTemplateContextCustomizer@46044faa, org.springframework.boot.test.autoconfigure.actuate.metrics.MetricsExportContextCustomizerFactory$DisableMetricExportContextCustomizer@60e9df3c, org.springframework.boot.test.autoconfigure.properties.PropertyMappingContextCustomizer@4b3fa0b3, org.springframework.boot.test.autoconfigure.web.servlet.WebDriverContextCustomizerFactory$Customizer@d59970a, org.springframework.boot.test.context.SpringBootTestArgs@1, org.springframework.boot.test.context.SpringBootTestWebEnvironment@55a147cc], resourceBasePath = 'src/main/webapp', contextLoader = 'org.springframework.boot.test.context.SpringBootContextLoader', parent = [null]], attributes = map['org.springframework.test.context.web.ServletTestExecutionListener.activateListener' -> true]], class annotated with @DirtiesContext [false] with mode [null].

  .   ____          _            __ _ _
 /\\ / ___'_ __ _ _(_)_ __  __ _ \ \ \ \
( ( )\___ | '_ | '_| | '_ \/ _` | \ \ \ \
 \\/  ___)| |_)| | | | | || (_| |  ) ) ) )
  '  |____| .__|_| |_|_| |_\__, | / / / /
 =========|_|==============|___/=/_/_/_/
 :: Spring Boot ::                (v2.7.0)

2022-07-08 22:32:00.823  INFO 7130 --- [           main] c.m.p.i.PatientAssessmentIT              : Starting PatientAssessmentIT using Java 17 on loic with PID 7130 (started by loicb in /home/loicb/Formation/Projet/Projet9_loic_benoit/mediscreen/patientassessment)
2022-07-08 22:32:00.824 DEBUG 7130 --- [           main] c.m.p.i.PatientAssessmentIT              : Running with Spring Boot v2.7.0, Spring v5.3.20
2022-07-08 22:32:00.825  INFO 7130 --- [           main] c.m.p.i.PatientAssessmentIT              : No active profile set, falling back to 1 default profile: "default"
2022-07-08 22:32:02.010  INFO 7130 --- [           main] .s.d.r.c.RepositoryConfigurationDelegate : Bootstrapping Spring Data MongoDB repositories in DEFAULT mode.
2022-07-08 22:32:02.040  INFO 7130 --- [           main] .s.d.r.c.RepositoryConfigurationDelegate : Finished Spring Data repository scanning in 20 ms. Found 0 MongoDB repository interfaces.
2022-07-08 22:32:02.448  INFO 7130 --- [           main] o.s.cloud.context.scope.GenericScope     : BeanFactory id=f4689065-b58a-362c-bea2-2e3b935fe62e
2022-07-08 22:32:05.575  INFO 7130 --- [mongo_med:27017] org.mongodb.driver.cluster               : Exception in monitor thread while connecting to server mongo_med:27017

com.mongodb.MongoSocketException: mongo_med: Nom ou service inconnu
	at com.mongodb.ServerAddress.getSocketAddresses(ServerAddress.java:217) ~[mongodb-driver-core-4.6.0.jar:na]
	at com.mongodb.internal.connection.SocketStream.initializeSocket(SocketStream.java:75) ~[mongodb-driver-core-4.6.0.jar:na]
	at com.mongodb.internal.connection.SocketStream.open(SocketStream.java:65) ~[mongodb-driver-core-4.6.0.jar:na]
	at com.mongodb.internal.connection.InternalStreamConnection.open(InternalStreamConnection.java:180) ~[mongodb-driver-core-4.6.0.jar:na]
	at com.mongodb.internal.connection.DefaultServerMonitor$ServerMonitorRunnable.lookupServerDescription(DefaultServerMonitor.java:193) ~[mongodb-driver-core-4.6.0.jar:na]
	at com.mongodb.internal.connection.DefaultServerMonitor$ServerMonitorRunnable.run(DefaultServerMonitor.java:157) ~[mongodb-driver-core-4.6.0.jar:na]
	at java.base/java.lang.Thread.run(Thread.java:833) ~[na:na]
Caused by: java.net.UnknownHostException: mongo_med: Nom ou service inconnu
	at java.base/java.net.Inet6AddressImpl.lookupAllHostAddr(Native Method) ~[na:na]
	at java.base/java.net.InetAddress$PlatformNameService.lookupAllHostAddr(InetAddress.java:933) ~[na:na]
	at java.base/java.net.InetAddress.getAddressesFromNameService(InetAddress.java:1519) ~[na:na]
	at java.base/java.net.InetAddress$NameServiceAddresses.get(InetAddress.java:852) ~[na:na]
	at java.base/java.net.InetAddress.getAllByName0(InetAddress.java:1509) ~[na:na]
	at java.base/java.net.InetAddress.getAllByName(InetAddress.java:1367) ~[na:na]
	at java.base/java.net.InetAddress.getAllByName(InetAddress.java:1301) ~[na:na]
	at com.mongodb.ServerAddress.getSocketAddresses(ServerAddress.java:209) ~[mongodb-driver-core-4.6.0.jar:na]
	... 6 common frames omitted

2022-07-08 22:32:05.576  INFO 7130 --- [           main] org.mongodb.driver.client                : MongoClient with metadata {"driver": {"name": "mongo-java-driver|sync|spring-boot", "version": "4.6.0"}, "os": {"type": "Linux", "name": "Linux", "architecture": "amd64", "version": "4.19.0-21-amd64"}, "platform": "Java/Oracle Corporation/17+35-LTS-2724"} created with settings MongoClientSettings{readPreference=primary, writeConcern=WriteConcern{w=null, wTimeout=null ms, journal=null}, retryWrites=true, retryReads=true, readConcern=ReadConcern{level=null}, credential=null, streamFactoryFactory=null, commandListeners=[], codecRegistry=ProvidersCodecRegistry{codecProviders=[ValueCodecProvider{}, BsonValueCodecProvider{}, DBRefCodecProvider{}, DBObjectCodecProvider{}, DocumentCodecProvider{}, IterableCodecProvider{}, MapCodecProvider{}, GeoJsonCodecProvider{}, GridFSFileCodecProvider{}, Jsr310CodecProvider{}, JsonObjectCodecProvider{}, BsonCodecProvider{}, EnumCodecProvider{}, com.mongodb.Jep395RecordCodecProvider@7bfa2d74]}, clusterSettings={hosts=[mongo_med:27017], srvServiceName=mongodb, mode=SINGLE, requiredClusterType=UNKNOWN, requiredReplicaSetName='null', serverSelector='null', clusterListeners='[]', serverSelectionTimeout='30000 ms', localThreshold='30000 ms'}, socketSettings=SocketSettings{connectTimeoutMS=10000, readTimeoutMS=0, receiveBufferSize=0, sendBufferSize=0}, heartbeatSocketSettings=SocketSettings{connectTimeoutMS=10000, readTimeoutMS=10000, receiveBufferSize=0, sendBufferSize=0}, connectionPoolSettings=ConnectionPoolSettings{maxSize=100, minSize=0, maxWaitTimeMS=120000, maxConnectionLifeTimeMS=0, maxConnectionIdleTimeMS=0, maintenanceInitialDelayMS=0, maintenanceFrequencyMS=60000, connectionPoolListeners=[], maxConnecting=2}, serverSettings=ServerSettings{heartbeatFrequencyMS=10000, minHeartbeatFrequencyMS=500, serverListeners='[]', serverMonitorListeners='[]'}, sslSettings=SslSettings{enabled=false, invalidHostNameAllowed=false, context=null}, applicationName='null', compressorList=[], uuidRepresentation=JAVA_LEGACY, serverApi=null, autoEncryptionSettings=null, contextProvider=null}
2022-07-08 22:32:06.001  INFO 7130 --- [           main] o.s.b.t.m.w.SpringBootMockServletContext : Initializing Spring TestDispatcherServlet ''
2022-07-08 22:32:06.002  INFO 7130 --- [           main] o.s.t.web.servlet.TestDispatcherServlet  : Initializing Servlet ''
2022-07-08 22:32:06.004  INFO 7130 --- [           main] o.s.t.web.servlet.TestDispatcherServlet  : Completed initialization in 2 ms
2022-07-08 22:32:06.210  INFO 7130 --- [           main] c.m.p.i.PatientAssessmentIT              : Started PatientAssessmentIT in 6.129 seconds (JVM running for 8.836)
2022-07-08 22:32:06.450 TRACE 7130 --- [           main] c.m.p.c.impl.AssessControllerImpl        : Get assess for id=2
]]></system-out>
  </testcase>
  <testcase name="getAssessWithIdValid_ShouldReturnBorderline" classname="com.mediscreen.patientassessment.integrationTest.PatientAssessmentIT" time="0.15">
    <system-out><![CDATA[2022-07-08 22:32:06.516 TRACE 7130 --- [           main] c.m.p.c.impl.AssessControllerImpl        : Get assess for id=2
2022-07-08 22:32:06.521 TRACE 7130 --- [           main] c.m.p.service.impl.AssessServiceImpl     : keyword count = 2
2022-07-08 22:32:06.522 TRACE 7130 --- [           main] c.m.p.service.impl.AssessServiceImpl     : Assess message = Borderline
]]></system-out>
  </testcase>
  <testcase name="getAssessWithFamilyNameAndGivenName_WhenPatientDoesntExist_ShouldThrowDataNotFoundException" classname="com.mediscreen.patientassessment.integrationTest.PatientAssessmentIT" time="0.017">
    <system-out><![CDATA[2022-07-08 22:32:06.659 TRACE 7130 --- [           main] c.m.p.c.impl.AssessControllerImpl        : Get assess for patient: familyNameTest - givenNameTest
]]></system-out>
  </testcase>
  <testcase name="getAssessWithIdValid_ShouldReturnNone" classname="com.mediscreen.patientassessment.integrationTest.PatientAssessmentIT" time="0.011">
    <system-out><![CDATA[2022-07-08 22:32:06.673 TRACE 7130 --- [           main] c.m.p.c.impl.AssessControllerImpl        : Get assess for id=2
2022-07-08 22:32:06.674 TRACE 7130 --- [           main] c.m.p.service.impl.AssessServiceImpl     : keyword count = 0
2022-07-08 22:32:06.674 TRACE 7130 --- [           main] c.m.p.service.impl.AssessServiceImpl     : Assess message = None
]]></system-out>
  </testcase>
  <testcase name="getAssessWithIdInvalid_ShouldThrowBadArgumentException" classname="com.mediscreen.patientassessment.integrationTest.PatientAssessmentIT" time="0.008">
    <system-out><![CDATA[2022-07-08 22:32:06.686  WARN 7130 --- [           main] c.m.p.c.impl.AssessControllerImpl        : Error, patientId must be > 0.
]]></system-out>
  </testcase>
  <testcase name="getAssessWithIdValid_ShouldReturnEarlyOnset" classname="com.mediscreen.patientassessment.integrationTest.PatientAssessmentIT" time="0.012">
    <system-out><![CDATA[2022-07-08 22:32:06.700 TRACE 7130 --- [           main] c.m.p.c.impl.AssessControllerImpl        : Get assess for id=2
2022-07-08 22:32:06.701 TRACE 7130 --- [           main] c.m.p.service.impl.AssessServiceImpl     : keyword count = 5
2022-07-08 22:32:06.701 TRACE 7130 --- [           main] c.m.p.service.impl.AssessServiceImpl     : Assess message = Early onset
]]></system-out>
  </testcase>
  <testcase name="getAssessWithFamilyNameAndGivenNameValid" classname="com.mediscreen.patientassessment.integrationTest.PatientAssessmentIT" time="0.026">
    <system-out><![CDATA[2022-07-08 22:32:06.732 TRACE 7130 --- [           main] c.m.p.c.impl.AssessControllerImpl        : Get assess for patient: familyNameTest - givenNameTest
2022-07-08 22:32:06.733 TRACE 7130 --- [           main] c.m.p.service.impl.AssessServiceImpl     : keyword count = 0
2022-07-08 22:32:06.733 TRACE 7130 --- [           main] c.m.p.service.impl.AssessServiceImpl     : Assess message = None
]]></system-out>
  </testcase>
  <testcase name="getAssessWithIdValid_ShouldReturnInDanger" classname="com.mediscreen.patientassessment.integrationTest.PatientAssessmentIT" time="0.012">
    <system-out><![CDATA[2022-07-08 22:32:06.758 TRACE 7130 --- [           main] c.m.p.c.impl.AssessControllerImpl        : Get assess for id=2
2022-07-08 22:32:06.759 TRACE 7130 --- [           main] c.m.p.service.impl.AssessServiceImpl     : keyword count = 3
2022-07-08 22:32:06.760 TRACE 7130 --- [           main] c.m.p.service.impl.AssessServiceImpl     : Assess message = In Danger
]]></system-out>
  </testcase>
  <testcase name="getAssessWithFamilyNameAndGivenNameInvalid_ShouldThrowBadArgumentException" classname="com.mediscreen.patientassessment.integrationTest.PatientAssessmentIT" time="0.008">
    <system-out><![CDATA[2022-07-08 22:32:06.772  WARN 7130 --- [           main] c.m.p.c.impl.AssessControllerImpl        : Error, patientId must be > 0.
]]></system-out>
  </testcase>
</testsuite>