GROUP,PACKAGE,CLASS,INSTRUCTION_MISSED,INSTRUCTION_COVERED,BRANCH_MISSED,BRANCH_COVERED,LINE_MISSED,LINE_COVERED,COMPLEXITY_MISSED,COMPLEXITY_COVERED,METHOD_MISSED,METHOD_COVERED
patientinfo,com.mediscreen.patientinfo.controller.impl,PatientControllerImpl,0,125,1,9,0,28,1,9,0,5
patientinfo,com.mediscreen.patientinfo,PatientinfoApplication,5,3,0,0,2,1,1,1,1,1
patientinfo,com.mediscreen.patientinfo.service.impl,PatientServiceImpl,0,228,1,13,0,55,1,13,0,7
patientinfo,com.mediscreen.patientinfo.exception,DataAlreadyExistException,0,4,0,0,0,2,0,1,0,1
patientinfo,com.mediscreen.patientinfo.exception,BadArgumentException,0,4,0,0,0,2,0,1,0,1
patientinfo,com.mediscreen.patientinfo.exception,DataNotFoundException,0,4,0,0,0,2,0,1,0,1
